2018-04-22 18:46:57,960 - KadNode5 - DEBUG - ===========Churn===========
2018-04-22 18:46:57,961 - KadNode5 - INFO - 0 : 77 , 1 : 14 , 2 : 105 , 3 : 63 , 4 : 64 , 5 : 57 , 6 : 30 , 7 : 109 , 8 : 113 , 9 : 7 , 10 : 133 , total : 772.0/1910:0.40
2018-04-22 18:47:02,967 - KadNode5 - DEBUG - Compensate to node7 load 77
2018-04-22 18:47:02,967 - KadNode5 - DEBUG - Compensate to node7 load 57
2018-04-22 18:47:02,967 - KadNode5 - DEBUG - Compensate to node0 load 30
2018-04-22 18:47:17,961 - KadNode5 - INFO - 0 : 77 , 1 : 14 , 2 : 105 , 3 : 63 , 4 : 64 , 5 : 57 , 6 : 30 , 7 : 109 , 8 : 113 , 9 : 7 , 10 : 133 , 11 : 141 , 12 : 77 , 13 : 47 , total : 1037.0/1910:0.54
2018-04-22 18:47:37,963 - KadNode5 - INFO - 0 : 77 , 1 : 14 , 2 : 105 , 3 : 63 , 4 : 64 , 5 : 57 , 6 : 30 , 7 : 109 , 8 : 113 , 9 : 7 , 10 : 133 , 11 : 141 , 12 : 77 , 13 : 47 , total : 1037.0/1910:0.54
2018-04-22 18:47:57,974 - KadNode5 - INFO - 0 : 77 , 1 : 14 , 2 : 105 , 3 : 63 , 4 : 64 , 5 : 57 , 6 : 30 , 7 : 109 , 8 : 113 , 9 : 7 , 10 : 133 , 11 : 141 , 12 : 77 , 13 : 47 , total : 1037.0/1910:0.54
2018-04-22 18:48:17,976 - KadNode5 - INFO - 0 : 77 , 1 : 14 , 2 : 105 , 3 : 63 , 4 : 64 , 5 : 57 , 6 : 30 , 7 : 109 , 8 : 113 , 9 : 7 , 10 : 133 , 11 : 141 , 12 : 77 , 13 : 47 , total : 1037.0/1910:0.54
2018-04-22 18:48:37,977 - KadNode5 - INFO - 0 : 77 , 1 : 14 , 2 : 105 , 3 : 63 , 4 : 64 , 5 : 57 , 6 : 30 , 7 : 109 , 8 : 113 , 9 : 7 , 10 : 133 , 11 : 141 , 12 : 77 , 13 : 47 , total : 1037.0/1910:0.54
2018-04-22 18:48:57,977 - KadNode5 - INFO - 0 : 77 , 1 : 14 , 2 : 105 , 3 : 63 , 4 : 64 , 5 : 57 , 6 : 30 , 7 : 109 , 8 : 113 , 9 : 7 , 10 : 133 , 11 : 141 , 12 : 77 , 13 : 47 , total : 1037.0/1910:0.54
2018-04-22 18:49:17,980 - KadNode5 - INFO - 0 : 77 , 1 : 14 , 2 : 105 , 3 : 63 , 4 : 64 , 5 : 57 , 6 : 30 , 7 : 109 , 8 : 113 , 9 : 7 , 10 : 133 , 11 : 141 , 12 : 77 , 13 : 47 , total : 1037.0/1910:0.54
2018-04-22 18:49:37,980 - KadNode5 - INFO - 0 : 77 , 1 : 14 , 2 : 105 , 3 : 63 , 4 : 64 , 5 : 57 , 6 : 30 , 7 : 109 , 8 : 113 , 9 : 7 , 10 : 133 , 11 : 141 , 12 : 77 , 13 : 47 , total : 1037.0/1910:0.54
2018-04-22 18:49:57,961 - KadNode5 - DEBUG - ===========Churn===========
2018-04-22 18:49:57,980 - KadNode5 - INFO - 0 : 70 , 1 : 22 , 2 : 136 , 3 : 134 , 4 : 132 , 5 : 117 , 6 : 70 , 7 : 21 , 8 : 81 , 9 : 66 , 10 : 105 , 11 : 38 , 12 : 86 , 13 : 45 , total : 1123.0/1910:0.59
2018-04-22 18:50:17,980 - KadNode5 - INFO - 0 : 70 , 1 : 22 , 2 : 136 , 3 : 134 , 4 : 132 , 5 : 117 , 6 : 70 , 7 : 21 , 8 : 81 , 9 : 66 , 10 : 105 , 11 : 38 , 12 : 86 , 13 : 45 , total : 1123.0/1910:0.59
2018-04-22 18:50:37,982 - KadNode5 - INFO - 0 : 70 , 1 : 22 , 2 : 136 , 3 : 134 , 4 : 132 , 5 : 117 , 6 : 70 , 7 : 21 , 8 : 81 , 9 : 66 , 10 : 105 , 11 : 38 , 12 : 86 , 13 : 45 , total : 1123.0/1910:0.59
2018-04-22 18:50:57,983 - KadNode5 - INFO - 0 : 70 , 1 : 22 , 2 : 136 , 3 : 134 , 4 : 132 , 5 : 117 , 6 : 70 , 7 : 21 , 8 : 81 , 9 : 66 , 10 : 105 , 11 : 38 , 12 : 86 , 13 : 45 , total : 1123.0/1910:0.59
2018-04-22 18:51:17,986 - KadNode5 - INFO - 0 : 70 , 1 : 22 , 2 : 136 , 3 : 134 , 4 : 132 , 5 : 117 , 6 : 70 , 7 : 21 , 8 : 81 , 9 : 66 , 10 : 105 , 11 : 38 , 12 : 86 , 13 : 45 , total : 1123.0/1910:0.59
2018-04-22 18:51:37,990 - KadNode5 - INFO - 0 : 70 , 1 : 22 , 2 : 136 , 3 : 134 , 4 : 132 , 5 : 117 , 6 : 70 , 7 : 21 , 8 : 81 , 9 : 66 , 10 : 105 , 11 : 38 , 12 : 86 , 13 : 45 , total : 1123.0/1910:0.59
2018-04-22 18:51:57,990 - KadNode5 - INFO - 0 : 70 , 1 : 22 , 2 : 136 , 3 : 134 , 4 : 132 , 5 : 117 , 6 : 70 , 7 : 21 , 8 : 81 , 9 : 66 , 10 : 105 , 11 : 38 , 12 : 86 , 13 : 45 , total : 1123.0/1910:0.59
2018-04-22 18:52:17,993 - KadNode5 - INFO - 0 : 70 , 1 : 22 , 2 : 136 , 3 : 134 , 4 : 132 , 5 : 117 , 6 : 70 , 7 : 21 , 8 : 81 , 9 : 66 , 10 : 105 , 11 : 38 , 12 : 86 , 13 : 45 , total : 1123.0/1910:0.59
2018-04-22 18:52:37,996 - KadNode5 - INFO - 0 : 70 , 1 : 22 , 2 : 136 , 3 : 134 , 4 : 132 , 5 : 117 , 6 : 70 , 7 : 21 , 8 : 81 , 9 : 66 , 10 : 105 , 11 : 38 , 12 : 86 , 13 : 45 , total : 1123.0/1910:0.59
2018-04-22 18:52:57,970 - KadNode5 - DEBUG - ===========Churn===========
2018-04-22 18:52:57,997 - KadNode5 - INFO - 0 : 107 , 1 : 23 , 2 : 53 , 3 : 134 , 4 : 83 , 5 : 80 , 6 : 98 , 7 : 85 , 8 : 2 , 9 : 124 , 10 : 22 , 11 : 7 , 12 : 79 , 13 : 112 , total : 1009.0/1910:0.53
2018-04-22 18:53:18,000 - KadNode5 - INFO - 0 : 107 , 1 : 23 , 2 : 53 , 3 : 134 , 4 : 83 , 5 : 80 , 6 : 98 , 7 : 85 , 8 : 2 , 9 : 124 , 10 : 22 , 11 : 7 , 12 : 79 , 13 : 112 , total : 1009.0/1910:0.53
2018-04-22 18:53:38,009 - KadNode5 - INFO - 0 : 107 , 1 : 23 , 2 : 53 , 3 : 134 , 4 : 83 , 5 : 80 , 6 : 98 , 7 : 85 , 8 : 2 , 9 : 124 , 10 : 22 , 11 : 7 , 12 : 79 , 13 : 112 , total : 1009.0/1910:0.53
2018-04-22 18:53:58,012 - KadNode5 - INFO - 0 : 107 , 1 : 23 , 2 : 53 , 3 : 134 , 4 : 83 , 5 : 80 , 6 : 98 , 7 : 85 , 8 : 2 , 9 : 124 , 10 : 22 , 11 : 7 , 12 : 79 , 13 : 112 , total : 1009.0/1910:0.53
2018-04-22 18:54:18,017 - KadNode5 - INFO - 0 : 107 , 1 : 23 , 2 : 53 , 3 : 134 , 4 : 83 , 5 : 80 , 6 : 98 , 7 : 85 , 8 : 2 , 9 : 124 , 10 : 22 , 11 : 7 , 12 : 79 , 13 : 112 , total : 1009.0/1910:0.53
2018-04-22 18:54:38,019 - KadNode5 - INFO - 0 : 107 , 1 : 23 , 2 : 53 , 3 : 134 , 4 : 83 , 5 : 80 , 6 : 98 , 7 : 85 , 8 : 2 , 9 : 124 , 10 : 22 , 11 : 7 , 12 : 79 , 13 : 112 , total : 1009.0/1910:0.53
2018-04-22 18:54:58,019 - KadNode5 - INFO - 0 : 107 , 1 : 23 , 2 : 53 , 3 : 134 , 4 : 83 , 5 : 80 , 6 : 98 , 7 : 85 , 8 : 2 , 9 : 124 , 10 : 22 , 11 : 7 , 12 : 79 , 13 : 112 , total : 1009.0/1910:0.53
2018-04-22 18:55:18,020 - KadNode5 - INFO - 0 : 107 , 1 : 23 , 2 : 53 , 3 : 134 , 4 : 83 , 5 : 80 , 6 : 98 , 7 : 85 , 8 : 2 , 9 : 124 , 10 : 22 , 11 : 7 , 12 : 79 , 13 : 112 , total : 1009.0/1910:0.53
2018-04-22 18:55:38,023 - KadNode5 - INFO - 0 : 107 , 1 : 23 , 2 : 53 , 3 : 134 , 4 : 83 , 5 : 80 , 6 : 98 , 7 : 85 , 8 : 2 , 9 : 124 , 10 : 22 , 11 : 7 , 12 : 79 , 13 : 112 , total : 1009.0/1910:0.53
2018-04-22 18:55:57,971 - KadNode5 - DEBUG - ===========Churn===========
2018-04-22 18:55:58,026 - KadNode5 - INFO - 0 : 65 , 1 : 81 , 2 : 117 , 3 : 100 , 4 : 26 , 5 : 61 , 6 : 127 , 7 : 131 , 8 : 58 , 9 : 67 , 10 : 76 , 11 : 45 , 12 : 75 , 13 : 76 , total : 1105.0/1910:0.58
2018-04-22 18:56:18,029 - KadNode5 - INFO - 0 : 65 , 1 : 81 , 2 : 117 , 3 : 100 , 4 : 26 , 5 : 61 , 6 : 127 , 7 : 131 , 8 : 58 , 9 : 67 , 10 : 76 , 11 : 45 , 12 : 75 , 13 : 76 , total : 1105.0/1910:0.58
2018-04-22 18:56:38,029 - KadNode5 - INFO - 0 : 65 , 1 : 81 , 2 : 117 , 3 : 100 , 4 : 26 , 5 : 61 , 6 : 127 , 7 : 131 , 8 : 58 , 9 : 67 , 10 : 76 , 11 : 45 , 12 : 75 , 13 : 76 , total : 1105.0/1910:0.58
2018-04-22 18:56:58,030 - KadNode5 - INFO - 0 : 65 , 1 : 81 , 2 : 117 , 3 : 100 , 4 : 26 , 5 : 61 , 6 : 127 , 7 : 131 , 8 : 58 , 9 : 67 , 10 : 76 , 11 : 45 , 12 : 75 , 13 : 76 , total : 1105.0/1910:0.58
2018-04-22 18:57:18,032 - KadNode5 - INFO - 0 : 65 , 1 : 81 , 2 : 117 , 3 : 100 , 4 : 26 , 5 : 61 , 6 : 127 , 7 : 131 , 8 : 58 , 9 : 67 , 10 : 76 , 11 : 45 , 12 : 75 , 13 : 76 , total : 1105.0/1910:0.58
2018-04-22 18:57:38,032 - KadNode5 - INFO - 0 : 65 , 1 : 81 , 2 : 117 , 3 : 100 , 4 : 26 , 5 : 61 , 6 : 127 , 7 : 131 , 8 : 58 , 9 : 67 , 10 : 76 , 11 : 45 , 12 : 75 , 13 : 76 , total : 1105.0/1910:0.58
2018-04-22 18:57:58,033 - KadNode5 - INFO - 0 : 65 , 1 : 81 , 2 : 117 , 3 : 100 , 4 : 26 , 5 : 61 , 6 : 127 , 7 : 131 , 8 : 58 , 9 : 67 , 10 : 76 , 11 : 45 , 12 : 75 , 13 : 76 , total : 1105.0/1910:0.58
2018-04-22 18:58:18,036 - KadNode5 - INFO - 0 : 65 , 1 : 81 , 2 : 117 , 3 : 100 , 4 : 26 , 5 : 61 , 6 : 127 , 7 : 131 , 8 : 58 , 9 : 67 , 10 : 76 , 11 : 45 , 12 : 75 , 13 : 76 , total : 1105.0/1910:0.58
2018-04-22 18:58:38,039 - KadNode5 - INFO - 0 : 65 , 1 : 81 , 2 : 117 , 3 : 100 , 4 : 26 , 5 : 61 , 6 : 127 , 7 : 131 , 8 : 58 , 9 : 67 , 10 : 76 , 11 : 45 , 12 : 75 , 13 : 76 , total : 1105.0/1910:0.58
2018-04-22 18:58:57,990 - KadNode5 - DEBUG - ===========Churn===========
2018-04-22 18:58:58,039 - KadNode5 - INFO - 0 : 69 , 1 : 5 , 2 : 7 , 3 : 23 , 4 : 129 , 5 : 114 , 6 : 57 , 7 : 114 , 8 : 99 , 9 : 49 , 10 : 11 , 11 : 12 , 12 : 69 , 13 : 134 , total : 892.0/1910:0.47
2018-04-22 18:59:18,042 - KadNode5 - INFO - 0 : 69 , 1 : 5 , 2 : 7 , 3 : 23 , 4 : 129 , 5 : 114 , 6 : 57 , 7 : 114 , 8 : 99 , 9 : 49 , 10 : 11 , 11 : 12 , 12 : 69 , 13 : 134 , 14 : 81 , total : 973.0/1910:0.51
2018-04-22 18:59:38,045 - KadNode5 - INFO - 0 : 69 , 1 : 5 , 2 : 7 , 3 : 23 , 4 : 129 , 5 : 114 , 6 : 57 , 7 : 114 , 8 : 99 , 9 : 49 , 10 : 11 , 11 : 12 , 12 : 69 , 13 : 134 , 14 : 81 , total : 973.0/1910:0.51
2018-04-22 18:59:58,046 - KadNode5 - INFO - 0 : 69 , 1 : 5 , 2 : 7 , 3 : 23 , 4 : 129 , 5 : 114 , 6 : 57 , 7 : 114 , 8 : 99 , 9 : 49 , 10 : 11 , 11 : 12 , 12 : 69 , 13 : 134 , 14 : 81 , total : 973.0/1910:0.51
2018-04-22 19:00:18,046 - KadNode5 - INFO - 0 : 69 , 1 : 5 , 2 : 7 , 3 : 23 , 4 : 129 , 5 : 114 , 6 : 57 , 7 : 114 , 8 : 99 , 9 : 49 , 10 : 11 , 11 : 12 , 12 : 69 , 13 : 134 , 14 : 81 , total : 973.0/1910:0.51
2018-04-22 19:00:38,049 - KadNode5 - INFO - 0 : 69 , 1 : 5 , 2 : 7 , 3 : 23 , 4 : 129 , 5 : 114 , 6 : 57 , 7 : 114 , 8 : 99 , 9 : 49 , 10 : 11 , 11 : 12 , 12 : 69 , 13 : 134 , 14 : 81 , total : 973.0/1910:0.51
2018-04-22 19:00:58,052 - KadNode5 - INFO - 0 : 69 , 1 : 5 , 2 : 7 , 3 : 23 , 4 : 129 , 5 : 114 , 6 : 57 , 7 : 114 , 8 : 99 , 9 : 49 , 10 : 11 , 11 : 12 , 12 : 69 , 13 : 134 , 14 : 81 , total : 973.0/1910:0.51
2018-04-22 19:01:18,055 - KadNode5 - INFO - 0 : 69 , 1 : 5 , 2 : 7 , 3 : 23 , 4 : 129 , 5 : 114 , 6 : 57 , 7 : 114 , 8 : 99 , 9 : 49 , 10 : 11 , 11 : 12 , 12 : 69 , 13 : 134 , 14 : 81 , total : 973.0/1910:0.51
2018-04-22 19:01:38,056 - KadNode5 - INFO - 0 : 69 , 1 : 5 , 2 : 7 , 3 : 23 , 4 : 129 , 5 : 114 , 6 : 57 , 7 : 114 , 8 : 99 , 9 : 49 , 10 : 11 , 11 : 12 , 12 : 69 , 13 : 134 , 14 : 81 , total : 973.0/1910:0.51
2018-04-22 19:01:57,990 - KadNode5 - DEBUG - ===========Churn===========
2018-04-22 19:01:58,056 - KadNode5 - INFO - 0 : 96 , 1 : 42 , 2 : 93 , 3 : 51 , 4 : 62 , 5 : 97 , 6 : 75 , 7 : 126 , 8 : 8 , 9 : 67 , 10 : 89 , 11 : 78 , 12 : 110 , 13 : 107 , 14 : 107 , total : 1208.0/1910:0.63
2018-04-22 19:02:03,042 - KadNode5 - DEBUG - Transfer to node1 load 105
2018-04-22 19:02:03,042 - KadNode5 - DEBUG - Transfer to node1 load 10
2018-04-22 19:02:03,042 - KadNode5 - DEBUG - Transfer to node0 load 54
2018-04-22 19:02:03,042 - KadNode5 - DEBUG - Transfer to node7 load 34
2018-04-22 19:02:03,042 - KadNode5 - DEBUG - Transfer to node3 load 16
2018-04-22 19:02:18,059 - KadNode5 - INFO - 0 : 96 , 2 : 93 , 4 : 62 , 6 : 75 , 7 : 126 , 9 : 67 , 10 : 89 , 11 : 78 , 12 : 110 , 13 : 107 , 14 : 107 , total : 1010.0/1910:0.53
2018-04-22 19:02:38,061 - KadNode5 - INFO - 0 : 96 , 2 : 93 , 4 : 62 , 6 : 75 , 7 : 126 , 9 : 67 , 10 : 89 , 11 : 78 , 12 : 110 , 13 : 107 , 14 : 107 , total : 1010.0/1910:0.53
2018-04-22 19:02:58,062 - KadNode5 - INFO - 0 : 96 , 2 : 93 , 4 : 62 , 6 : 75 , 7 : 126 , 9 : 67 , 10 : 89 , 11 : 78 , 12 : 110 , 13 : 107 , 14 : 107 , total : 1010.0/1910:0.53
2018-04-22 19:03:18,062 - KadNode5 - INFO - 0 : 96 , 2 : 93 , 4 : 62 , 6 : 75 , 7 : 126 , 9 : 67 , 10 : 89 , 11 : 78 , 12 : 110 , 13 : 107 , 14 : 107 , total : 1010.0/1910:0.53
2018-04-22 19:03:38,065 - KadNode5 - INFO - 0 : 96 , 2 : 93 , 4 : 62 , 6 : 75 , 7 : 126 , 9 : 67 , 10 : 89 , 11 : 78 , 12 : 110 , 13 : 107 , 14 : 107 , total : 1010.0/1910:0.53
2018-04-22 19:03:58,065 - KadNode5 - INFO - 0 : 96 , 2 : 93 , 4 : 62 , 6 : 75 , 7 : 126 , 9 : 67 , 10 : 89 , 11 : 78 , 12 : 110 , 13 : 107 , 14 : 107 , total : 1010.0/1910:0.53
2018-04-22 19:04:18,066 - KadNode5 - INFO - 0 : 96 , 2 : 93 , 4 : 62 , 6 : 75 , 7 : 126 , 9 : 67 , 10 : 89 , 11 : 78 , 12 : 110 , 13 : 107 , 14 : 107 , total : 1010.0/1910:0.53
2018-04-22 19:04:38,066 - KadNode5 - INFO - 0 : 96 , 2 : 93 , 4 : 62 , 6 : 75 , 7 : 126 , 9 : 67 , 10 : 89 , 11 : 78 , 12 : 110 , 13 : 107 , 14 : 107 , total : 1010.0/1910:0.53
2018-04-22 19:04:57,992 - KadNode5 - DEBUG - ===========Churn===========
2018-04-22 19:04:58,069 - KadNode5 - INFO - 0 : 53 , 2 : 71 , 4 : 75 , 6 : 165 , 7 : 49 , 9 : 29 , 10 : 24 , 11 : 132 , 12 : 85 , 13 : 88 , 14 : 171 , total : 942.0/1910:0.49
2018-04-22 19:05:18,069 - KadNode5 - INFO - 0 : 53 , 2 : 71 , 4 : 75 , 6 : 165 , 7 : 49 , 9 : 29 , 10 : 24 , 11 : 132 , 12 : 85 , 13 : 88 , 14 : 171 , total : 942.0/1910:0.49
2018-04-22 19:05:38,072 - KadNode5 - INFO - 0 : 53 , 2 : 71 , 4 : 75 , 6 : 165 , 7 : 49 , 9 : 29 , 10 : 24 , 11 : 132 , 12 : 85 , 13 : 88 , 14 : 171 , total : 942.0/1910:0.49
2018-04-22 19:05:58,072 - KadNode5 - INFO - 0 : 53 , 2 : 71 , 4 : 75 , 6 : 165 , 7 : 49 , 9 : 29 , 10 : 24 , 11 : 132 , 12 : 85 , 13 : 88 , 14 : 171 , total : 942.0/1910:0.49
2018-04-22 19:06:18,072 - KadNode5 - INFO - 0 : 53 , 2 : 71 , 4 : 75 , 6 : 165 , 7 : 49 , 9 : 29 , 10 : 24 , 11 : 132 , 12 : 85 , 13 : 88 , 14 : 171 , total : 942.0/1910:0.49
2018-04-22 19:06:38,072 - KadNode5 - INFO - 0 : 53 , 2 : 71 , 4 : 75 , 6 : 165 , 7 : 49 , 9 : 29 , 10 : 24 , 11 : 132 , 12 : 85 , 13 : 88 , 14 : 171 , total : 942.0/1910:0.49
2018-04-22 19:06:58,073 - KadNode5 - INFO - 0 : 53 , 2 : 71 , 4 : 75 , 6 : 165 , 7 : 49 , 9 : 29 , 10 : 24 , 11 : 132 , 12 : 85 , 13 : 88 , 14 : 171 , total : 942.0/1910:0.49
2018-04-22 19:07:18,075 - KadNode5 - INFO - 0 : 53 , 2 : 71 , 4 : 75 , 6 : 165 , 7 : 49 , 9 : 29 , 10 : 24 , 11 : 132 , 12 : 85 , 13 : 88 , 14 : 171 , total : 942.0/1910:0.49
2018-04-22 19:07:38,076 - KadNode5 - INFO - 0 : 53 , 2 : 71 , 4 : 75 , 6 : 165 , 7 : 49 , 9 : 29 , 10 : 24 , 11 : 132 , 12 : 85 , 13 : 88 , 14 : 171 , total : 942.0/1910:0.49
2018-04-22 19:07:57,993 - KadNode5 - DEBUG - ===========Churn===========
2018-04-22 19:07:58,076 - KadNode5 - INFO - 0 : 151 , 2 : 172 , 4 : 162 , 6 : 47 , 7 : 99 , 9 : 91 , 10 : 156 , 11 : 105 , 12 : 82 , 13 : 151 , 14 : 14 , total : 1230.0/1910:0.64
2018-04-22 19:08:03,079 - KadNode5 - DEBUG - Transfer to node9 load 11
2018-04-22 19:08:03,079 - KadNode5 - DEBUG - Transfer to node9 load 3
2018-04-22 19:08:03,081 - KadNode5 - DEBUG - Transfer to node4 load 27
2018-04-22 19:08:18,076 - KadNode5 - INFO - 0 : 151 , 2 : 172 , 4 : 162 , 7 : 99 , 9 : 91 , 10 : 156 , 11 : 105 , 12 : 82 , 13 : 151 , 17 : 6 , total : 1175.0/1910:0.62
2018-04-22 19:08:38,076 - KadNode5 - INFO - 0 : 151 , 2 : 172 , 4 : 162 , 7 : 99 , 9 : 91 , 10 : 156 , 11 : 105 , 12 : 82 , 13 : 151 , 17 : 6 , total : 1175.0/1910:0.62
2018-04-22 19:08:58,078 - KadNode5 - INFO - 0 : 151 , 2 : 172 , 4 : 162 , 7 : 99 , 9 : 91 , 10 : 156 , 11 : 105 , 12 : 82 , 13 : 151 , 17 : 6 , total : 1175.0/1910:0.62
2018-04-22 19:09:18,079 - KadNode5 - INFO - 0 : 151 , 2 : 172 , 4 : 162 , 7 : 99 , 9 : 91 , 10 : 156 , 11 : 105 , 12 : 82 , 13 : 151 , 17 : 6 , total : 1175.0/1910:0.62
2018-04-22 19:09:38,081 - KadNode5 - INFO - 0 : 151 , 2 : 172 , 4 : 162 , 7 : 99 , 9 : 91 , 10 : 156 , 11 : 105 , 12 : 82 , 13 : 151 , 17 : 6 , total : 1175.0/1910:0.62
2018-04-22 19:09:58,082 - KadNode5 - INFO - 0 : 151 , 2 : 172 , 4 : 162 , 7 : 99 , 9 : 91 , 10 : 156 , 11 : 105 , 12 : 82 , 13 : 151 , 17 : 6 , total : 1175.0/1910:0.62
2018-04-22 19:10:18,082 - KadNode5 - INFO - 0 : 151 , 2 : 172 , 4 : 162 , 7 : 99 , 9 : 91 , 10 : 156 , 11 : 105 , 12 : 82 , 13 : 151 , 17 : 6 , total : 1175.0/1910:0.62
2018-04-22 19:10:38,082 - KadNode5 - INFO - 0 : 151 , 2 : 172 , 4 : 162 , 7 : 99 , 9 : 91 , 10 : 156 , 11 : 105 , 12 : 82 , 13 : 151 , 17 : 6 , total : 1175.0/1910:0.62
2018-04-22 19:10:57,994 - KadNode5 - DEBUG - ===========Churn===========
2018-04-22 19:10:58,085 - KadNode5 - INFO - 0 : 121 , 2 : 129 , 4 : 53 , 7 : 38 , 9 : 110 , 10 : 151 , 11 : 38 , 12 : 8 , 13 : 131 , 17 : 124 , total : 903.0/1910:0.47
2018-04-22 19:11:18,085 - KadNode5 - INFO - 0 : 121 , 2 : 129 , 4 : 53 , 7 : 38 , 9 : 110 , 10 : 151 , 11 : 38 , 12 : 8 , 13 : 131 , 17 : 124 , total : 903.0/1910:0.47
2018-04-22 19:11:38,085 - KadNode5 - INFO - 0 : 121 , 2 : 129 , 4 : 53 , 7 : 38 , 9 : 110 , 10 : 151 , 11 : 38 , 12 : 8 , 13 : 131 , 17 : 124 , total : 903.0/1910:0.47
2018-04-22 19:11:58,086 - KadNode5 - INFO - 0 : 121 , 2 : 129 , 4 : 53 , 7 : 38 , 9 : 110 , 10 : 151 , 11 : 38 , 12 : 8 , 13 : 131 , 17 : 124 , total : 903.0/1910:0.47
2018-04-22 19:12:18,088 - KadNode5 - INFO - 0 : 121 , 2 : 129 , 4 : 53 , 7 : 38 , 9 : 110 , 10 : 151 , 11 : 38 , 12 : 8 , 13 : 131 , 17 : 124 , total : 903.0/1910:0.47
2018-04-22 19:12:38,089 - KadNode5 - INFO - 0 : 121 , 2 : 129 , 4 : 53 , 7 : 38 , 9 : 110 , 10 : 151 , 11 : 38 , 12 : 8 , 13 : 131 , 17 : 124 , total : 903.0/1910:0.47
2018-04-22 19:12:58,089 - KadNode5 - INFO - 0 : 121 , 2 : 129 , 4 : 53 , 7 : 38 , 9 : 110 , 10 : 151 , 11 : 38 , 12 : 8 , 13 : 131 , 17 : 124 , total : 903.0/1910:0.47
