2018-04-22 18:46:57,961 - KadNode6 - DEBUG - ===========Churn===========
2018-04-22 18:46:57,963 - KadNode6 - INFO - 0 : 149 , 1 : 86 , 2 : 153 , 3 : 65 , 4 : 25 , 5 : 72 , 6 : 84 , total : 634.0/1221:0.52
2018-04-22 18:47:17,963 - KadNode6 - INFO - 0 : 149 , 1 : 86 , 2 : 153 , 3 : 65 , 4 : 25 , 5 : 72 , 6 : 84 , total : 634.0/1221:0.52
2018-04-22 18:47:37,967 - KadNode6 - INFO - 0 : 149 , 1 : 86 , 2 : 153 , 3 : 65 , 4 : 25 , 5 : 72 , 6 : 84 , total : 634.0/1221:0.52
2018-04-22 18:47:57,977 - KadNode6 - INFO - 0 : 149 , 1 : 86 , 2 : 153 , 3 : 65 , 4 : 25 , 5 : 72 , 6 : 84 , total : 634.0/1221:0.52
2018-04-22 18:48:17,990 - KadNode6 - INFO - 0 : 149 , 1 : 86 , 2 : 153 , 3 : 65 , 4 : 25 , 5 : 72 , 6 : 84 , total : 634.0/1221:0.52
2018-04-22 18:48:37,990 - KadNode6 - INFO - 0 : 149 , 1 : 86 , 2 : 153 , 3 : 65 , 4 : 25 , 5 : 72 , 6 : 84 , total : 634.0/1221:0.52
2018-04-22 18:48:57,990 - KadNode6 - INFO - 0 : 149 , 1 : 86 , 2 : 153 , 3 : 65 , 4 : 25 , 5 : 72 , 6 : 84 , total : 634.0/1221:0.52
2018-04-22 18:49:17,997 - KadNode6 - INFO - 0 : 149 , 1 : 86 , 2 : 153 , 3 : 65 , 4 : 25 , 5 : 72 , 6 : 84 , total : 634.0/1221:0.52
2018-04-22 18:49:38,000 - KadNode6 - INFO - 0 : 149 , 1 : 86 , 2 : 153 , 3 : 65 , 4 : 25 , 5 : 72 , 6 : 84 , total : 634.0/1221:0.52
2018-04-22 18:49:57,963 - KadNode6 - DEBUG - ===========Churn===========
2018-04-22 18:49:58,000 - KadNode6 - INFO - 0 : 144 , 1 : 69 , 2 : 154 , 3 : 21 , 4 : 19 , 5 : 103 , 6 : 32 , total : 542.0/1221:0.44
2018-04-22 18:50:02,977 - KadNode6 - DEBUG - Compensate to node0 load 69
2018-04-22 18:50:18,002 - KadNode6 - INFO - 0 : 144 , 1 : 69 , 2 : 154 , 3 : 21 , 4 : 19 , 5 : 103 , 6 : 32 , 7 : 74 , total : 616.0/1221:0.50
2018-04-22 18:50:38,003 - KadNode6 - INFO - 0 : 144 , 1 : 69 , 2 : 154 , 3 : 21 , 4 : 19 , 5 : 103 , 6 : 32 , 7 : 74 , total : 616.0/1221:0.50
2018-04-22 18:50:58,003 - KadNode6 - INFO - 0 : 144 , 1 : 69 , 2 : 154 , 3 : 21 , 4 : 19 , 5 : 103 , 6 : 32 , 7 : 74 , total : 616.0/1221:0.50
2018-04-22 18:51:18,006 - KadNode6 - INFO - 0 : 144 , 1 : 69 , 2 : 154 , 3 : 21 , 4 : 19 , 5 : 103 , 6 : 32 , 7 : 74 , total : 616.0/1221:0.50
2018-04-22 18:51:38,006 - KadNode6 - INFO - 0 : 144 , 1 : 69 , 2 : 154 , 3 : 21 , 4 : 19 , 5 : 103 , 6 : 32 , 7 : 74 , total : 616.0/1221:0.50
2018-04-22 18:51:58,006 - KadNode6 - INFO - 0 : 144 , 1 : 69 , 2 : 154 , 3 : 21 , 4 : 19 , 5 : 103 , 6 : 32 , 7 : 74 , total : 616.0/1221:0.50
2018-04-22 18:52:18,006 - KadNode6 - INFO - 0 : 144 , 1 : 69 , 2 : 154 , 3 : 21 , 4 : 19 , 5 : 103 , 6 : 32 , 7 : 74 , total : 616.0/1221:0.50
2018-04-22 18:52:38,007 - KadNode6 - INFO - 0 : 144 , 1 : 69 , 2 : 154 , 3 : 21 , 4 : 19 , 5 : 103 , 6 : 32 , 7 : 74 , total : 616.0/1221:0.50
2018-04-22 18:52:57,974 - KadNode6 - DEBUG - ===========Churn===========
2018-04-22 18:52:58,007 - KadNode6 - INFO - 0 : 40 , 1 : 68 , 2 : 118 , 3 : 132 , 4 : 69 , 5 : 147 , 6 : 96 , 7 : 12 , total : 682.0/1221:0.56
2018-04-22 18:53:18,009 - KadNode6 - INFO - 0 : 40 , 1 : 68 , 2 : 118 , 3 : 132 , 4 : 69 , 5 : 147 , 6 : 96 , 7 : 12 , total : 682.0/1221:0.56
2018-04-22 18:53:38,013 - KadNode6 - INFO - 0 : 40 , 1 : 68 , 2 : 118 , 3 : 132 , 4 : 69 , 5 : 147 , 6 : 96 , 7 : 12 , total : 682.0/1221:0.56
2018-04-22 18:53:58,016 - KadNode6 - INFO - 0 : 40 , 1 : 68 , 2 : 118 , 3 : 132 , 4 : 69 , 5 : 147 , 6 : 96 , 7 : 12 , total : 682.0/1221:0.56
2018-04-22 18:54:18,023 - KadNode6 - INFO - 0 : 40 , 1 : 68 , 2 : 118 , 3 : 132 , 4 : 69 , 5 : 147 , 6 : 96 , 7 : 12 , total : 682.0/1221:0.56
2018-04-22 18:54:38,023 - KadNode6 - INFO - 0 : 40 , 1 : 68 , 2 : 118 , 3 : 132 , 4 : 69 , 5 : 147 , 6 : 96 , 7 : 12 , total : 682.0/1221:0.56
2018-04-22 18:54:58,026 - KadNode6 - INFO - 0 : 40 , 1 : 68 , 2 : 118 , 3 : 132 , 4 : 69 , 5 : 147 , 6 : 96 , 7 : 12 , total : 682.0/1221:0.56
2018-04-22 18:55:18,026 - KadNode6 - INFO - 0 : 40 , 1 : 68 , 2 : 118 , 3 : 132 , 4 : 69 , 5 : 147 , 6 : 96 , 7 : 12 , total : 682.0/1221:0.56
2018-04-22 18:55:38,029 - KadNode6 - INFO - 0 : 40 , 1 : 68 , 2 : 118 , 3 : 132 , 4 : 69 , 5 : 147 , 6 : 96 , 7 : 12 , total : 682.0/1221:0.56
2018-04-22 18:55:57,976 - KadNode6 - DEBUG - ===========Churn===========
2018-04-22 18:55:58,030 - KadNode6 - INFO - 0 : 79 , 1 : 76 , 2 : 78 , 3 : 66 , 4 : 111 , 5 : 28 , 6 : 87 , 7 : 148 , total : 673.0/1221:0.55
2018-04-22 18:56:18,035 - KadNode6 - INFO - 0 : 79 , 1 : 76 , 2 : 78 , 3 : 66 , 4 : 111 , 5 : 28 , 6 : 87 , 7 : 148 , total : 673.0/1221:0.55
2018-04-22 18:56:38,035 - KadNode6 - INFO - 0 : 79 , 1 : 76 , 2 : 78 , 3 : 66 , 4 : 111 , 5 : 28 , 6 : 87 , 7 : 148 , total : 673.0/1221:0.55
2018-04-22 18:56:58,036 - KadNode6 - INFO - 0 : 79 , 1 : 76 , 2 : 78 , 3 : 66 , 4 : 111 , 5 : 28 , 6 : 87 , 7 : 148 , total : 673.0/1221:0.55
2018-04-22 18:57:18,039 - KadNode6 - INFO - 0 : 79 , 1 : 76 , 2 : 78 , 3 : 66 , 4 : 111 , 5 : 28 , 6 : 87 , 7 : 148 , total : 673.0/1221:0.55
2018-04-22 18:57:38,039 - KadNode6 - INFO - 0 : 79 , 1 : 76 , 2 : 78 , 3 : 66 , 4 : 111 , 5 : 28 , 6 : 87 , 7 : 148 , total : 673.0/1221:0.55
2018-04-22 18:57:58,042 - KadNode6 - INFO - 0 : 79 , 1 : 76 , 2 : 78 , 3 : 66 , 4 : 111 , 5 : 28 , 6 : 87 , 7 : 148 , total : 673.0/1221:0.55
2018-04-22 18:58:18,043 - KadNode6 - INFO - 0 : 79 , 1 : 76 , 2 : 78 , 3 : 66 , 4 : 111 , 5 : 28 , 6 : 87 , 7 : 148 , total : 673.0/1221:0.55
2018-04-22 18:58:38,046 - KadNode6 - INFO - 0 : 79 , 1 : 76 , 2 : 78 , 3 : 66 , 4 : 111 , 5 : 28 , 6 : 87 , 7 : 148 , total : 673.0/1221:0.55
2018-04-22 18:58:57,992 - KadNode6 - DEBUG - ===========Churn===========
2018-04-22 18:58:58,051 - KadNode6 - INFO - 0 : 14 , 1 : 86 , 2 : 80 , 3 : 111 , 4 : 121 , 5 : 38 , 6 : 25 , 7 : 149 , total : 624.0/1221:0.51
2018-04-22 18:59:18,055 - KadNode6 - INFO - 0 : 14 , 1 : 86 , 2 : 80 , 3 : 111 , 4 : 121 , 5 : 38 , 6 : 25 , 7 : 149 , 8 : 117 , total : 741.0/1221:0.61
2018-04-22 18:59:38,059 - KadNode6 - INFO - 0 : 14 , 1 : 86 , 2 : 80 , 3 : 111 , 4 : 121 , 5 : 38 , 6 : 25 , 7 : 149 , 8 : 117 , total : 741.0/1221:0.61
2018-04-22 18:59:58,061 - KadNode6 - INFO - 0 : 14 , 1 : 86 , 2 : 80 , 3 : 111 , 4 : 121 , 5 : 38 , 6 : 25 , 7 : 149 , 8 : 117 , total : 741.0/1221:0.61
2018-04-22 19:00:18,065 - KadNode6 - INFO - 0 : 14 , 1 : 86 , 2 : 80 , 3 : 111 , 4 : 121 , 5 : 38 , 6 : 25 , 7 : 149 , 8 : 117 , 9 : 23 , total : 764.0/1221:0.63
2018-04-22 19:00:38,071 - KadNode6 - INFO - 0 : 14 , 1 : 86 , 2 : 80 , 3 : 111 , 4 : 121 , 5 : 38 , 6 : 25 , 7 : 149 , 8 : 117 , 9 : 23 , total : 764.0/1221:0.63
2018-04-22 19:00:58,072 - KadNode6 - INFO - 0 : 14 , 1 : 86 , 2 : 80 , 3 : 111 , 4 : 121 , 5 : 38 , 6 : 25 , 7 : 149 , 8 : 117 , 9 : 23 , total : 764.0/1221:0.63
2018-04-22 19:01:18,075 - KadNode6 - INFO - 0 : 14 , 1 : 86 , 2 : 80 , 3 : 111 , 4 : 121 , 5 : 38 , 6 : 25 , 7 : 149 , 8 : 117 , 9 : 23 , 10 : 2 , total : 766.0/1221:0.63
2018-04-22 19:01:38,075 - KadNode6 - INFO - 0 : 14 , 1 : 86 , 2 : 80 , 3 : 111 , 4 : 121 , 5 : 38 , 6 : 25 , 7 : 149 , 8 : 117 , 9 : 23 , 10 : 2 , total : 766.0/1221:0.63
2018-04-22 19:01:57,993 - KadNode6 - DEBUG - ===========Churn===========
2018-04-22 19:01:58,079 - KadNode6 - INFO - 0 : 3 , 1 : 30 , 2 : 40 , 3 : 76 , 4 : 16 , 5 : 44 , 6 : 105 , 7 : 88 , 8 : 71 , 9 : 46 , 10 : 66 , total : 585.0/1221:0.48
2018-04-22 19:02:18,079 - KadNode6 - INFO - 0 : 3 , 1 : 30 , 2 : 40 , 3 : 76 , 4 : 16 , 5 : 44 , 6 : 105 , 7 : 88 , 8 : 71 , 9 : 46 , 10 : 66 , total : 585.0/1221:0.48
2018-04-22 19:02:38,081 - KadNode6 - INFO - 0 : 3 , 1 : 30 , 2 : 40 , 3 : 76 , 4 : 16 , 5 : 44 , 6 : 105 , 7 : 88 , 8 : 71 , 9 : 46 , 10 : 66 , total : 585.0/1221:0.48
2018-04-22 19:02:58,082 - KadNode6 - INFO - 0 : 3 , 1 : 30 , 2 : 40 , 3 : 76 , 4 : 16 , 5 : 44 , 6 : 105 , 7 : 88 , 8 : 71 , 9 : 46 , 10 : 66 , total : 585.0/1221:0.48
2018-04-22 19:03:18,082 - KadNode6 - INFO - 0 : 3 , 1 : 30 , 2 : 40 , 3 : 76 , 4 : 16 , 5 : 44 , 6 : 105 , 7 : 88 , 8 : 71 , 9 : 46 , 10 : 66 , total : 585.0/1221:0.48
2018-04-22 19:03:38,085 - KadNode6 - INFO - 0 : 3 , 1 : 30 , 2 : 40 , 3 : 76 , 4 : 16 , 5 : 44 , 6 : 105 , 7 : 88 , 8 : 71 , 9 : 46 , 10 : 66 , total : 585.0/1221:0.48
2018-04-22 19:03:58,085 - KadNode6 - INFO - 0 : 3 , 1 : 30 , 2 : 40 , 3 : 76 , 4 : 16 , 5 : 44 , 6 : 105 , 7 : 88 , 8 : 71 , 9 : 46 , 10 : 66 , total : 585.0/1221:0.48
2018-04-22 19:04:18,086 - KadNode6 - INFO - 0 : 3 , 1 : 30 , 2 : 40 , 3 : 76 , 4 : 16 , 5 : 44 , 6 : 105 , 7 : 88 , 8 : 71 , 9 : 46 , 10 : 66 , total : 585.0/1221:0.48
2018-04-22 19:04:38,086 - KadNode6 - INFO - 0 : 3 , 1 : 30 , 2 : 40 , 3 : 76 , 4 : 16 , 5 : 44 , 6 : 105 , 7 : 88 , 8 : 71 , 9 : 46 , 10 : 66 , total : 585.0/1221:0.48
2018-04-22 19:04:57,993 - KadNode6 - DEBUG - ===========Churn===========
2018-04-22 19:04:58,088 - KadNode6 - INFO - 0 : 24 , 1 : 55 , 2 : 59 , 3 : 19 , 4 : 57 , 5 : 104 , 6 : 33 , 7 : 20 , 8 : 65 , 9 : 6 , 10 : 79 , total : 521.0/1221:0.43
2018-04-22 19:05:18,089 - KadNode6 - INFO - 0 : 24 , 1 : 55 , 2 : 59 , 3 : 19 , 4 : 57 , 5 : 104 , 6 : 33 , 7 : 20 , 8 : 65 , 9 : 6 , 10 : 79 , total : 521.0/1221:0.43
2018-04-22 19:05:23,062 - KadNode6 - DEBUG - Compensate to node7 load 20
2018-04-22 19:05:38,092 - KadNode6 - INFO - 0 : 24 , 1 : 55 , 2 : 59 , 3 : 19 , 4 : 57 , 5 : 104 , 6 : 33 , 7 : 20 , 8 : 65 , 9 : 6 , 10 : 79 , 11 : 25 , total : 546.0/1221:0.45
2018-04-22 19:05:43,063 - KadNode6 - DEBUG - Compensate to node8 load 6
2018-04-22 19:05:58,092 - KadNode6 - INFO - 0 : 24 , 1 : 55 , 2 : 59 , 3 : 19 , 4 : 57 , 5 : 104 , 6 : 33 , 7 : 20 , 8 : 65 , 9 : 6 , 10 : 79 , 11 : 25 , 12 : 22 , 13 : 5 , total : 573.0/1221:0.47
2018-04-22 19:06:18,092 - KadNode6 - INFO - 0 : 24 , 1 : 55 , 2 : 59 , 3 : 19 , 4 : 57 , 5 : 104 , 6 : 33 , 7 : 20 , 8 : 65 , 9 : 6 , 10 : 79 , 11 : 25 , 12 : 22 , 13 : 5 , total : 573.0/1221:0.47
2018-04-22 19:06:38,092 - KadNode6 - INFO - 0 : 24 , 1 : 55 , 2 : 59 , 3 : 19 , 4 : 57 , 5 : 104 , 6 : 33 , 7 : 20 , 8 : 65 , 9 : 6 , 10 : 79 , 11 : 25 , 12 : 22 , 13 : 5 , total : 573.0/1221:0.47
2018-04-22 19:06:43,071 - KadNode6 - DEBUG - Compensate to node7 load 6
2018-04-22 19:06:43,072 - KadNode6 - DEBUG - Compensate to node8 load 24
2018-04-22 19:06:58,095 - KadNode6 - INFO - 0 : 24 , 1 : 55 , 2 : 59 , 3 : 19 , 4 : 57 , 5 : 104 , 6 : 33 , 7 : 20 , 8 : 65 , 9 : 6 , 10 : 79 , 11 : 25 , 12 : 22 , 13 : 5 , 14 : 22 , 15 : 12 , 16 : 25 , total : 632.0/1221:0.52
2018-04-22 19:07:18,096 - KadNode6 - INFO - 0 : 24 , 1 : 55 , 2 : 59 , 3 : 19 , 4 : 57 , 5 : 104 , 6 : 33 , 7 : 20 , 8 : 65 , 9 : 6 , 10 : 79 , 11 : 25 , 12 : 22 , 13 : 5 , 14 : 22 , 15 : 12 , 16 : 25 , total : 632.0/1221:0.52
2018-04-22 19:07:38,098 - KadNode6 - INFO - 0 : 24 , 1 : 55 , 2 : 59 , 3 : 19 , 4 : 57 , 5 : 104 , 6 : 33 , 7 : 20 , 8 : 65 , 9 : 6 , 10 : 79 , 11 : 25 , 12 : 22 , 13 : 5 , 14 : 22 , 15 : 12 , 16 : 25 , total : 632.0/1221:0.52
2018-04-22 19:07:57,996 - KadNode6 - DEBUG - ===========Churn===========
2018-04-22 19:07:58,098 - KadNode6 - INFO - 0 : 65 , 1 : 36 , 2 : 47 , 3 : 61 , 4 : 23 , 5 : 28 , 6 : 0 , 7 : 48 , 8 : 47 , 9 : 48 , 10 : 28 , 11 : 4 , 12 : 68 , 13 : 44 , 14 : 26 , 15 : 26 , 16 : 4 , total : 603.0/1221:0.49
2018-04-22 19:08:18,099 - KadNode6 - INFO - 0 : 65 , 1 : 36 , 2 : 47 , 3 : 61 , 4 : 23 , 5 : 28 , 6 : 0 , 7 : 48 , 8 : 47 , 9 : 48 , 10 : 28 , 11 : 4 , 12 : 68 , 13 : 44 , 14 : 26 , 15 : 26 , 16 : 4 , total : 603.0/1221:0.49
2018-04-22 19:08:38,101 - KadNode6 - INFO - 0 : 65 , 1 : 36 , 2 : 47 , 3 : 61 , 4 : 23 , 5 : 28 , 6 : 0 , 7 : 48 , 8 : 47 , 9 : 48 , 10 : 28 , 11 : 4 , 12 : 68 , 13 : 44 , 14 : 26 , 15 : 26 , 16 : 4 , total : 603.0/1221:0.49
2018-04-22 19:08:58,104 - KadNode6 - INFO - 0 : 65 , 1 : 36 , 2 : 47 , 3 : 61 , 4 : 23 , 5 : 28 , 6 : 0 , 7 : 48 , 8 : 47 , 9 : 48 , 10 : 28 , 11 : 4 , 12 : 68 , 13 : 44 , 14 : 26 , 15 : 26 , 16 : 4 , total : 603.0/1221:0.49
2018-04-22 19:09:18,105 - KadNode6 - INFO - 0 : 65 , 1 : 36 , 2 : 47 , 3 : 61 , 4 : 23 , 5 : 28 , 6 : 0 , 7 : 48 , 8 : 47 , 9 : 48 , 10 : 28 , 11 : 4 , 12 : 68 , 13 : 44 , 14 : 26 , 15 : 26 , 16 : 4 , total : 603.0/1221:0.49
2018-04-22 19:09:38,107 - KadNode6 - INFO - 0 : 65 , 1 : 36 , 2 : 47 , 3 : 61 , 4 : 23 , 5 : 28 , 6 : 0 , 7 : 48 , 8 : 47 , 9 : 48 , 10 : 28 , 11 : 4 , 12 : 68 , 13 : 44 , 14 : 26 , 15 : 26 , 16 : 4 , total : 603.0/1221:0.49
2018-04-22 19:09:58,108 - KadNode6 - INFO - 0 : 65 , 1 : 36 , 2 : 47 , 3 : 61 , 4 : 23 , 5 : 28 , 6 : 0 , 7 : 48 , 8 : 47 , 9 : 48 , 10 : 28 , 11 : 4 , 12 : 68 , 13 : 44 , 14 : 26 , 15 : 26 , 16 : 4 , total : 603.0/1221:0.49
2018-04-22 19:10:18,109 - KadNode6 - INFO - 0 : 65 , 1 : 36 , 2 : 47 , 3 : 61 , 4 : 23 , 5 : 28 , 6 : 0 , 7 : 48 , 8 : 47 , 9 : 48 , 10 : 28 , 11 : 4 , 12 : 68 , 13 : 44 , 14 : 26 , 15 : 26 , 16 : 4 , total : 603.0/1221:0.49
2018-04-22 19:10:38,112 - KadNode6 - INFO - 0 : 65 , 1 : 36 , 2 : 47 , 3 : 61 , 4 : 23 , 5 : 28 , 6 : 0 , 7 : 48 , 8 : 47 , 9 : 48 , 10 : 28 , 11 : 4 , 12 : 68 , 13 : 44 , 14 : 26 , 15 : 26 , 16 : 4 , total : 603.0/1221:0.49
2018-04-22 19:10:58,000 - KadNode6 - DEBUG - ===========Churn===========
2018-04-22 19:10:58,115 - KadNode6 - INFO - 0 : 2 , 1 : 22 , 2 : 6 , 3 : 25 , 4 : 44 , 5 : 3 , 6 : 58 , 7 : 30 , 8 : 65 , 9 : 34 , 10 : 50 , 11 : 49 , 12 : 24 , 13 : 3 , 14 : 66 , 15 : 65 , 16 : 63 , total : 609.0/1221:0.50
2018-04-22 19:11:18,115 - KadNode6 - INFO - 0 : 2 , 1 : 22 , 2 : 6 , 3 : 25 , 4 : 44 , 5 : 3 , 6 : 58 , 7 : 30 , 8 : 65 , 9 : 34 , 10 : 50 , 11 : 49 , 12 : 24 , 13 : 3 , 14 : 66 , 15 : 65 , 16 : 63 , total : 609.0/1221:0.50
2018-04-22 19:11:38,115 - KadNode6 - INFO - 0 : 2 , 1 : 22 , 2 : 6 , 3 : 25 , 4 : 44 , 5 : 3 , 6 : 58 , 7 : 30 , 8 : 65 , 9 : 34 , 10 : 50 , 11 : 49 , 12 : 24 , 13 : 3 , 14 : 66 , 15 : 65 , 16 : 63 , total : 609.0/1221:0.50
2018-04-22 19:11:58,118 - KadNode6 - INFO - 0 : 2 , 1 : 22 , 2 : 6 , 3 : 25 , 4 : 44 , 5 : 3 , 6 : 58 , 7 : 30 , 8 : 65 , 9 : 34 , 10 : 50 , 11 : 49 , 12 : 24 , 13 : 3 , 14 : 66 , 15 : 65 , 16 : 63 , total : 609.0/1221:0.50
2018-04-22 19:12:18,119 - KadNode6 - INFO - 0 : 2 , 1 : 22 , 2 : 6 , 3 : 25 , 4 : 44 , 5 : 3 , 6 : 58 , 7 : 30 , 8 : 65 , 9 : 34 , 10 : 50 , 11 : 49 , 12 : 24 , 13 : 3 , 14 : 66 , 15 : 65 , 16 : 63 , total : 609.0/1221:0.50
2018-04-22 19:12:38,119 - KadNode6 - INFO - 0 : 2 , 1 : 22 , 2 : 6 , 3 : 25 , 4 : 44 , 5 : 3 , 6 : 58 , 7 : 30 , 8 : 65 , 9 : 34 , 10 : 50 , 11 : 49 , 12 : 24 , 13 : 3 , 14 : 66 , 15 : 65 , 16 : 63 , total : 609.0/1221:0.50
2018-04-22 19:12:58,119 - KadNode6 - INFO - 0 : 2 , 1 : 22 , 2 : 6 , 3 : 25 , 4 : 44 , 5 : 3 , 6 : 58 , 7 : 30 , 8 : 65 , 9 : 34 , 10 : 50 , 11 : 49 , 12 : 24 , 13 : 3 , 14 : 66 , 15 : 65 , 16 : 63 , total : 609.0/1221:0.50
