2018-04-22 18:46:57,956 - KadNode0 - DEBUG - ===========Churn===========
2018-04-22 18:46:57,956 - KadNode0 - INFO - 0 : 106 , 1 : 97 , 2 : 165 , 3 : 47 , 4 : 116 , 5 : 131 , 6 : 59 , total : 721.0/1191:0.61
2018-04-22 18:47:02,967 - KadNode0 - DEBUG - Transfer to node5 load 8
2018-04-22 18:47:17,957 - KadNode0 - INFO - 0 : 106 , 1 : 97 , 2 : 165 , 4 : 116 , 5 : 131 , 6 : 59 , 7 : 30 , total : 704.0/1191:0.59
2018-04-22 18:47:22,967 - KadNode0 - DEBUG - Transfer to node7 load 17
2018-04-22 18:47:37,957 - KadNode0 - INFO - 0 : 106 , 1 : 97 , 2 : 165 , 4 : 116 , 5 : 131 , 6 : 59 , total : 674.0/1191:0.57
2018-04-22 18:47:57,960 - KadNode0 - INFO - 0 : 106 , 1 : 97 , 2 : 165 , 4 : 116 , 5 : 131 , 6 : 59 , total : 674.0/1191:0.57
2018-04-22 18:48:17,963 - KadNode0 - INFO - 0 : 106 , 1 : 97 , 2 : 165 , 4 : 116 , 5 : 131 , 6 : 59 , total : 674.0/1191:0.57
2018-04-22 18:48:37,963 - KadNode0 - INFO - 0 : 106 , 1 : 97 , 2 : 165 , 4 : 116 , 5 : 131 , 6 : 59 , total : 674.0/1191:0.57
2018-04-22 18:48:57,963 - KadNode0 - INFO - 0 : 106 , 1 : 97 , 2 : 165 , 4 : 116 , 5 : 131 , 6 : 59 , total : 674.0/1191:0.57
2018-04-22 18:49:17,967 - KadNode0 - INFO - 0 : 106 , 1 : 97 , 2 : 165 , 4 : 116 , 5 : 131 , 6 : 59 , total : 674.0/1191:0.57
2018-04-22 18:49:37,967 - KadNode0 - INFO - 0 : 106 , 1 : 97 , 2 : 165 , 4 : 116 , 5 : 131 , 6 : 59 , total : 674.0/1191:0.57
2018-04-22 18:49:57,957 - KadNode0 - DEBUG - ===========Churn===========
2018-04-22 18:49:57,969 - KadNode0 - INFO - 0 : 141 , 1 : 175 , 2 : 116 , 4 : 71 , 5 : 180 , 6 : 102 , total : 785.0/1191:0.66
2018-04-22 18:50:02,977 - KadNode0 - DEBUG - Transfer to node9 load 31
2018-04-22 18:50:02,977 - KadNode0 - DEBUG - Transfer to node9 load 66
2018-04-22 18:50:02,977 - KadNode0 - DEBUG - Transfer to node2 load 18
2018-04-22 18:50:02,977 - KadNode0 - DEBUG - Transfer to node6 load 5
2018-04-22 18:50:17,973 - KadNode0 - INFO - 0 : 141 , 1 : 175 , 2 : 116 , 5 : 180 , 10 : 69 , total : 681.0/1191:0.57
2018-04-22 18:50:37,974 - KadNode0 - INFO - 0 : 141 , 1 : 175 , 2 : 116 , 5 : 180 , 10 : 69 , total : 681.0/1191:0.57
2018-04-22 18:50:57,974 - KadNode0 - INFO - 0 : 141 , 1 : 175 , 2 : 116 , 5 : 180 , 10 : 69 , total : 681.0/1191:0.57
2018-04-22 18:51:17,976 - KadNode0 - INFO - 0 : 141 , 1 : 175 , 2 : 116 , 5 : 180 , 10 : 69 , total : 681.0/1191:0.57
2018-04-22 18:51:37,979 - KadNode0 - INFO - 0 : 141 , 1 : 175 , 2 : 116 , 5 : 180 , 10 : 69 , total : 681.0/1191:0.57
2018-04-22 18:51:57,980 - KadNode0 - INFO - 0 : 141 , 1 : 175 , 2 : 116 , 5 : 180 , 10 : 69 , total : 681.0/1191:0.57
2018-04-22 18:52:17,980 - KadNode0 - INFO - 0 : 141 , 1 : 175 , 2 : 116 , 5 : 180 , 10 : 69 , total : 681.0/1191:0.57
2018-04-22 18:52:37,980 - KadNode0 - INFO - 0 : 141 , 1 : 175 , 2 : 116 , 5 : 180 , 10 : 69 , total : 681.0/1191:0.57
2018-04-22 18:52:57,960 - KadNode0 - DEBUG - ===========Churn===========
2018-04-22 18:52:57,982 - KadNode0 - INFO - 0 : 138 , 1 : 184 , 2 : 48 , 5 : 190 , 10 : 232 , total : 792.0/1191:0.66
2018-04-22 18:53:02,990 - KadNode0 - DEBUG - Transfer to node3 load 62
2018-04-22 18:53:02,990 - KadNode0 - DEBUG - Transfer to node3 load 47
2018-04-22 18:53:02,992 - KadNode0 - DEBUG - Transfer to node1 load 8
2018-04-22 18:53:17,983 - KadNode0 - INFO - 1 : 184 , 5 : 190 , 10 : 232 , 12 : 51 , total : 657.0/1191:0.55
2018-04-22 18:53:37,984 - KadNode0 - INFO - 1 : 184 , 5 : 190 , 10 : 232 , 12 : 51 , total : 657.0/1191:0.55
2018-04-22 18:53:57,984 - KadNode0 - INFO - 1 : 184 , 5 : 190 , 10 : 232 , 12 : 51 , total : 657.0/1191:0.55
2018-04-22 18:54:17,986 - KadNode0 - INFO - 1 : 184 , 5 : 190 , 10 : 232 , 12 : 51 , total : 657.0/1191:0.55
2018-04-22 18:54:37,987 - KadNode0 - INFO - 1 : 184 , 5 : 190 , 10 : 232 , 12 : 51 , total : 657.0/1191:0.55
2018-04-22 18:54:57,987 - KadNode0 - INFO - 1 : 184 , 5 : 190 , 10 : 232 , 12 : 51 , total : 657.0/1191:0.55
2018-04-22 18:55:17,987 - KadNode0 - INFO - 1 : 184 , 5 : 190 , 10 : 232 , 12 : 51 , total : 657.0/1191:0.55
2018-04-22 18:55:37,990 - KadNode0 - INFO - 1 : 184 , 5 : 190 , 10 : 232 , 12 : 51 , total : 657.0/1191:0.55
2018-04-22 18:55:57,961 - KadNode0 - DEBUG - ===========Churn===========
2018-04-22 18:55:57,993 - KadNode0 - INFO - 1 : 98 , 5 : 194 , 10 : 226 , 12 : 123 , total : 641.0/1191:0.54
2018-04-22 18:56:03,005 - KadNode0 - DEBUG - Transfer to node2 load 32
2018-04-22 18:56:03,005 - KadNode0 - DEBUG - Transfer to node8 load 65
2018-04-22 18:56:03,005 - KadNode0 - DEBUG - Transfer to node9 load 42
2018-04-22 18:56:03,006 - KadNode0 - DEBUG - Transfer to node4 load 35
2018-04-22 18:56:18,000 - KadNode0 - INFO - 5 : 194 , 10 : 226 , 15 : 18 , total : 438.0/1191:0.37
2018-04-22 18:56:38,003 - KadNode0 - INFO - 5 : 194 , 10 : 226 , 15 : 18 , 16 : 27 , total : 465.0/1191:0.39
2018-04-22 18:56:43,010 - KadNode0 - DEBUG - Compensate to node1 load 27
2018-04-22 18:56:58,006 - KadNode0 - INFO - 5 : 194 , 10 : 226 , 15 : 18 , 16 : 27 , 17 : 37 , total : 502.0/1191:0.42
2018-04-22 18:57:18,007 - KadNode0 - INFO - 5 : 194 , 10 : 226 , 15 : 18 , 16 : 27 , 17 : 37 , total : 502.0/1191:0.42
2018-04-22 18:57:38,007 - KadNode0 - INFO - 5 : 194 , 10 : 226 , 15 : 18 , 16 : 27 , 17 : 37 , total : 502.0/1191:0.42
2018-04-22 18:57:58,009 - KadNode0 - INFO - 5 : 194 , 10 : 226 , 15 : 18 , 16 : 27 , 17 : 37 , total : 502.0/1191:0.42
2018-04-22 18:58:18,013 - KadNode0 - INFO - 5 : 194 , 10 : 226 , 15 : 18 , 16 : 27 , 17 : 37 , total : 502.0/1191:0.42
2018-04-22 18:58:38,013 - KadNode0 - INFO - 5 : 194 , 10 : 226 , 15 : 18 , 16 : 27 , 17 : 37 , total : 502.0/1191:0.42
2018-04-22 18:58:57,970 - KadNode0 - DEBUG - ===========Churn===========
2018-04-22 18:58:58,013 - KadNode0 - INFO - 5 : 117 , 10 : 13 , 15 : 89 , 16 : 167 , 17 : 163 , total : 549.0/1191:0.46
2018-04-22 18:59:18,016 - KadNode0 - INFO - 5 : 117 , 10 : 13 , 15 : 89 , 16 : 167 , 17 : 163 , total : 549.0/1191:0.46
2018-04-22 18:59:38,016 - KadNode0 - INFO - 5 : 117 , 10 : 13 , 15 : 89 , 16 : 167 , 17 : 163 , total : 549.0/1191:0.46
2018-04-22 18:59:58,019 - KadNode0 - INFO - 5 : 117 , 10 : 13 , 15 : 89 , 16 : 167 , 17 : 163 , total : 549.0/1191:0.46
2018-04-22 19:00:18,023 - KadNode0 - INFO - 5 : 117 , 10 : 13 , 15 : 89 , 16 : 167 , 17 : 163 , total : 549.0/1191:0.46
2018-04-22 19:00:38,026 - KadNode0 - INFO - 5 : 117 , 10 : 13 , 15 : 89 , 16 : 167 , 17 : 163 , total : 549.0/1191:0.46
2018-04-22 19:00:58,028 - KadNode0 - INFO - 5 : 117 , 10 : 13 , 15 : 89 , 16 : 167 , 17 : 163 , total : 549.0/1191:0.46
2018-04-22 19:01:18,029 - KadNode0 - INFO - 5 : 117 , 10 : 13 , 15 : 89 , 16 : 167 , 17 : 163 , total : 549.0/1191:0.46
2018-04-22 19:01:38,029 - KadNode0 - INFO - 5 : 117 , 10 : 13 , 15 : 89 , 16 : 167 , 17 : 163 , total : 549.0/1191:0.46
2018-04-22 19:01:57,973 - KadNode0 - DEBUG - ===========Churn===========
2018-04-22 19:01:58,030 - KadNode0 - INFO - 5 : 0 , 10 : 59 , 15 : 121 , 16 : 84 , 17 : 140 , total : 404.0/1191:0.34
2018-04-22 19:02:18,030 - KadNode0 - INFO - 5 : 0 , 10 : 59 , 15 : 121 , 16 : 84 , 17 : 140 , 18 : 51 , total : 455.0/1191:0.38
2018-04-22 19:02:23,048 - KadNode0 - DEBUG - Compensate to node2 load 0
2018-04-22 19:02:38,032 - KadNode0 - INFO - 5 : 0 , 10 : 59 , 15 : 121 , 16 : 84 , 17 : 140 , 18 : 51 , 19 : 24 , total : 479.0/1191:0.40
2018-04-22 19:02:43,049 - KadNode0 - DEBUG - Transfer to node1 load 8
2018-04-22 19:02:43,049 - KadNode0 - DEBUG - Transfer to node3 load 3
2018-04-22 19:02:58,036 - KadNode0 - INFO - 10 : 59 , 15 : 121 , 16 : 84 , 17 : 140 , 18 : 51 , 20 : 16 , total : 471.0/1191:0.40
2018-04-22 19:03:03,049 - KadNode0 - DEBUG - Transfer to node1 load 9
2018-04-22 19:03:18,036 - KadNode0 - INFO - 10 : 59 , 15 : 121 , 16 : 84 , 17 : 140 , 18 : 51 , 21 : 4 , total : 459.0/1191:0.39
2018-04-22 19:03:38,042 - KadNode0 - INFO - 10 : 59 , 15 : 121 , 16 : 84 , 17 : 140 , 18 : 51 , 21 : 4 , 22 : 0 , total : 459.0/1191:0.39
2018-04-22 19:03:43,055 - KadNode0 - DEBUG - Compensate to node1 load 0
2018-04-22 19:03:58,043 - KadNode0 - INFO - 10 : 59 , 15 : 121 , 16 : 84 , 17 : 140 , 18 : 51 , 21 : 4 , 22 : 0 , 23 : 4 , total : 463.0/1191:0.39
2018-04-22 19:04:18,045 - KadNode0 - INFO - 10 : 59 , 15 : 121 , 16 : 84 , 17 : 140 , 18 : 51 , 21 : 4 , 22 : 0 , 23 : 4 , total : 463.0/1191:0.39
2018-04-22 19:04:38,046 - KadNode0 - INFO - 10 : 59 , 15 : 121 , 16 : 84 , 17 : 140 , 18 : 51 , 21 : 4 , 22 : 0 , 23 : 4 , total : 463.0/1191:0.39
2018-04-22 19:04:57,974 - KadNode0 - DEBUG - ===========Churn===========
2018-04-22 19:04:58,049 - KadNode0 - INFO - 10 : 64 , 15 : 90 , 16 : 134 , 17 : 136 , 18 : 75 , 21 : 141 , 22 : 137 , 23 : 116 , total : 893.0/1191:0.75
2018-04-22 19:05:03,059 - KadNode0 - DEBUG - Transfer to node9 load 71
2018-04-22 19:05:03,059 - KadNode0 - DEBUG - Transfer to node8 load 157
2018-04-22 19:05:18,051 - KadNode0 - INFO - 15 : 90 , 16 : 134 , 17 : 136 , 18 : 75 , 22 : 137 , 23 : 116 , total : 688.0/1191:0.58
2018-04-22 19:05:38,052 - KadNode0 - INFO - 15 : 90 , 16 : 134 , 17 : 136 , 18 : 75 , 22 : 137 , 23 : 116 , total : 688.0/1191:0.58
2018-04-22 19:05:58,052 - KadNode0 - INFO - 15 : 90 , 16 : 134 , 17 : 136 , 18 : 75 , 22 : 137 , 23 : 116 , total : 688.0/1191:0.58
2018-04-22 19:06:18,052 - KadNode0 - INFO - 15 : 90 , 16 : 134 , 17 : 136 , 18 : 75 , 22 : 137 , 23 : 116 , total : 688.0/1191:0.58
2018-04-22 19:06:38,053 - KadNode0 - INFO - 15 : 90 , 16 : 134 , 17 : 136 , 18 : 75 , 22 : 137 , 23 : 116 , total : 688.0/1191:0.58
2018-04-22 19:06:58,055 - KadNode0 - INFO - 15 : 90 , 16 : 134 , 17 : 136 , 18 : 75 , 22 : 137 , 23 : 116 , total : 688.0/1191:0.58
2018-04-22 19:07:18,056 - KadNode0 - INFO - 15 : 90 , 16 : 134 , 17 : 136 , 18 : 75 , 22 : 137 , 23 : 116 , total : 688.0/1191:0.58
2018-04-22 19:07:38,059 - KadNode0 - INFO - 15 : 90 , 16 : 134 , 17 : 136 , 18 : 75 , 22 : 137 , 23 : 116 , total : 688.0/1191:0.58
2018-04-22 19:07:57,977 - KadNode0 - DEBUG - ===========Churn===========
2018-04-22 19:07:58,059 - KadNode0 - INFO - 15 : 192 , 16 : 34 , 17 : 50 , 18 : 59 , 22 : 185 , 23 : 191 , total : 711.0/1191:0.60
2018-04-22 19:08:18,059 - KadNode0 - INFO - 15 : 192 , 16 : 34 , 17 : 50 , 18 : 59 , 22 : 185 , 23 : 191 , total : 711.0/1191:0.60
2018-04-22 19:08:23,082 - KadNode0 - DEBUG - Transfer to node2 load 43
2018-04-22 19:08:38,059 - KadNode0 - INFO - 15 : 192 , 17 : 50 , 18 : 59 , 22 : 185 , 23 : 191 , total : 677.0/1191:0.57
2018-04-22 19:08:43,085 - KadNode0 - DEBUG - Transfer to node2 load 9
2018-04-22 19:08:58,062 - KadNode0 - INFO - 15 : 192 , 18 : 59 , 22 : 185 , 23 : 191 , 24 : 34 , total : 661.0/1191:0.55
2018-04-22 19:09:18,063 - KadNode0 - INFO - 15 : 192 , 18 : 59 , 22 : 185 , 23 : 191 , 24 : 34 , total : 661.0/1191:0.55
2018-04-22 19:09:38,065 - KadNode0 - INFO - 15 : 192 , 18 : 59 , 22 : 185 , 23 : 191 , 24 : 34 , total : 661.0/1191:0.55
2018-04-22 19:09:58,065 - KadNode0 - INFO - 15 : 192 , 18 : 59 , 22 : 185 , 23 : 191 , 24 : 34 , total : 661.0/1191:0.55
2018-04-22 19:10:18,066 - KadNode0 - INFO - 15 : 192 , 18 : 59 , 22 : 185 , 23 : 191 , 24 : 34 , total : 661.0/1191:0.55
2018-04-22 19:10:38,069 - KadNode0 - INFO - 15 : 192 , 18 : 59 , 22 : 185 , 23 : 191 , 24 : 34 , total : 661.0/1191:0.55
2018-04-22 19:10:57,983 - KadNode0 - DEBUG - ===========Churn===========
2018-04-22 19:10:58,072 - KadNode0 - INFO - 15 : 144 , 18 : 225 , 22 : 16 , 23 : 227 , 24 : 193 , total : 805.0/1191:0.68
2018-04-22 19:11:03,095 - KadNode0 - DEBUG - Transfer to node9 load 45
2018-04-22 19:11:18,072 - KadNode0 - INFO - 15 : 144 , 18 : 225 , 23 : 227 , 24 : 193 , total : 789.0/1191:0.66
2018-04-22 19:11:23,098 - KadNode0 - DEBUG - Transfer to node2 load 41
2018-04-22 19:11:23,098 - KadNode0 - DEBUG - Transfer to node2 load 13
2018-04-22 19:11:38,072 - KadNode0 - INFO - 18 : 225 , 23 : 227 , 24 : 193 , 26 : 14 , total : 659.0/1191:0.55
2018-04-22 19:11:58,073 - KadNode0 - INFO - 18 : 225 , 23 : 227 , 24 : 193 , 26 : 14 , total : 659.0/1191:0.55
2018-04-22 19:12:18,076 - KadNode0 - INFO - 18 : 225 , 23 : 227 , 24 : 193 , 26 : 14 , total : 659.0/1191:0.55
2018-04-22 19:12:38,076 - KadNode0 - INFO - 18 : 225 , 23 : 227 , 24 : 193 , 26 : 14 , total : 659.0/1191:0.55
2018-04-22 19:12:58,078 - KadNode0 - INFO - 18 : 225 , 23 : 227 , 24 : 193 , 26 : 14 , total : 659.0/1191:0.55
