2018-04-22 18:46:57,963 - KadNode7 - DEBUG - ===========Churn===========
2018-04-22 18:46:57,963 - KadNode7 - INFO - 0 : 141 , total : 141.0/163:0.87
2018-04-22 18:47:02,967 - KadNode7 - DEBUG - Transfer to node5 load 39
2018-04-22 18:47:02,967 - KadNode7 - DEBUG - Transfer to node5 load 15
2018-04-22 18:47:17,963 - KadNode7 - INFO - 2 : 57 , total : 57.0/163:0.35
2018-04-22 18:47:37,967 - KadNode7 - INFO - 2 : 57 , 3 : 30 , total : 87.0/163:0.53
2018-04-22 18:47:57,979 - KadNode7 - INFO - 2 : 57 , 3 : 30 , total : 87.0/163:0.53
2018-04-22 18:48:17,993 - KadNode7 - INFO - 2 : 57 , 3 : 30 , total : 87.0/163:0.53
2018-04-22 18:48:37,993 - KadNode7 - INFO - 2 : 57 , 3 : 30 , total : 87.0/163:0.53
2018-04-22 18:48:57,996 - KadNode7 - INFO - 2 : 57 , 3 : 30 , total : 87.0/163:0.53
2018-04-22 18:49:18,003 - KadNode7 - INFO - 2 : 57 , 3 : 30 , total : 87.0/163:0.53
2018-04-22 18:49:38,006 - KadNode7 - INFO - 2 : 57 , 3 : 30 , total : 87.0/163:0.53
2018-04-22 18:49:57,964 - KadNode7 - DEBUG - ===========Churn===========
2018-04-22 18:49:58,015 - KadNode7 - INFO - 2 : 65 , 3 : 44 , total : 109.0/163:0.67
2018-04-22 18:50:02,977 - KadNode7 - DEBUG - Transfer to node9 load 5
2018-04-22 18:50:18,016 - KadNode7 - INFO - 2 : 65 , 4 : 20 , total : 85.0/163:0.52
2018-04-22 18:50:38,019 - KadNode7 - INFO - 2 : 65 , 4 : 20 , total : 85.0/163:0.52
2018-04-22 18:50:58,020 - KadNode7 - INFO - 2 : 65 , 4 : 20 , total : 85.0/163:0.52
2018-04-22 18:51:18,026 - KadNode7 - INFO - 2 : 65 , 4 : 20 , total : 85.0/163:0.52
2018-04-22 18:51:38,029 - KadNode7 - INFO - 2 : 65 , 4 : 20 , total : 85.0/163:0.52
2018-04-22 18:51:58,030 - KadNode7 - INFO - 2 : 65 , 4 : 20 , total : 85.0/163:0.52
2018-04-22 18:52:18,030 - KadNode7 - INFO - 2 : 65 , 4 : 20 , total : 85.0/163:0.52
2018-04-22 18:52:38,030 - KadNode7 - INFO - 2 : 65 , 4 : 20 , total : 85.0/163:0.52
2018-04-22 18:52:57,973 - KadNode7 - DEBUG - ===========Churn===========
2018-04-22 18:52:58,032 - KadNode7 - INFO - 2 : 78 , 4 : 8 , total : 86.0/163:0.53
2018-04-22 18:53:18,032 - KadNode7 - INFO - 2 : 78 , 4 : 8 , total : 86.0/163:0.53
2018-04-22 18:53:38,035 - KadNode7 - INFO - 2 : 78 , 4 : 8 , total : 86.0/163:0.53
2018-04-22 18:53:58,036 - KadNode7 - INFO - 2 : 78 , 4 : 8 , total : 86.0/163:0.53
2018-04-22 18:54:18,039 - KadNode7 - INFO - 2 : 78 , 4 : 8 , total : 86.0/163:0.53
2018-04-22 18:54:38,039 - KadNode7 - INFO - 2 : 78 , 4 : 8 , total : 86.0/163:0.53
2018-04-22 18:54:58,040 - KadNode7 - INFO - 2 : 78 , 4 : 8 , total : 86.0/163:0.53
2018-04-22 18:55:18,042 - KadNode7 - INFO - 2 : 78 , 4 : 8 , total : 86.0/163:0.53
2018-04-22 18:55:38,042 - KadNode7 - INFO - 2 : 78 , 4 : 8 , total : 86.0/163:0.53
2018-04-22 18:55:57,976 - KadNode7 - DEBUG - ===========Churn===========
2018-04-22 18:55:58,043 - KadNode7 - INFO - 2 : 75 , 4 : 57 , total : 132.0/163:0.81
2018-04-22 18:56:03,003 - KadNode7 - DEBUG - Transfer to node2 load 31
2018-04-22 18:56:03,003 - KadNode7 - DEBUG - Transfer to node2 load 15
2018-04-22 18:56:18,046 - KadNode7 - INFO - 2 : 75 , total : 75.0/163:0.46
2018-04-22 18:56:38,046 - KadNode7 - INFO - 2 : 75 , total : 75.0/163:0.46
2018-04-22 18:56:58,046 - KadNode7 - INFO - 2 : 75 , total : 75.0/163:0.46
2018-04-22 18:57:18,048 - KadNode7 - INFO - 2 : 75 , total : 75.0/163:0.46
2018-04-22 18:57:38,049 - KadNode7 - INFO - 2 : 75 , total : 75.0/163:0.46
2018-04-22 18:57:58,051 - KadNode7 - INFO - 2 : 75 , total : 75.0/163:0.46
2018-04-22 18:58:18,052 - KadNode7 - INFO - 2 : 75 , total : 75.0/163:0.46
2018-04-22 18:58:38,053 - KadNode7 - INFO - 2 : 75 , total : 75.0/163:0.46
2018-04-22 18:58:57,993 - KadNode7 - DEBUG - ===========Churn===========
2018-04-22 18:58:58,055 - KadNode7 - INFO - 2 : 27 , total : 27.0/163:0.17
2018-04-22 18:59:03,022 - KadNode7 - DEBUG - Compensate to node8 load 59
2018-04-22 18:59:18,058 - KadNode7 - INFO - 2 : 27 , 6 : 59 , 7 : 76 , total : 162.0/163:0.99
2018-04-22 18:59:23,026 - KadNode7 - DEBUG - Transfer to node9 load 59
2018-04-22 18:59:38,062 - KadNode7 - INFO - 2 : 27 , 7 : 76 , total : 103.0/163:0.63
2018-04-22 18:59:58,063 - KadNode7 - INFO - 2 : 27 , 7 : 76 , total : 103.0/163:0.63
2018-04-22 19:00:18,069 - KadNode7 - INFO - 2 : 27 , 7 : 76 , 8 : 2 , total : 105.0/163:0.64
2018-04-22 19:00:23,036 - KadNode7 - DEBUG - Transfer to node9 load 2
2018-04-22 19:00:38,073 - KadNode7 - INFO - 2 : 27 , 7 : 76 , total : 103.0/163:0.63
2018-04-22 19:00:58,075 - KadNode7 - INFO - 2 : 27 , 7 : 76 , total : 103.0/163:0.63
2018-04-22 19:01:03,039 - KadNode7 - DEBUG - Compensate to node8 load 27
2018-04-22 19:01:18,076 - KadNode7 - INFO - 2 : 27 , 7 : 76 , 9 : 46 , total : 149.0/163:0.91
2018-04-22 19:01:23,040 - KadNode7 - DEBUG - Transfer to node9 load 45
2018-04-22 19:01:38,076 - KadNode7 - INFO - 7 : 76 , 9 : 46 , total : 122.0/163:0.75
2018-04-22 19:01:43,040 - KadNode7 - DEBUG - Transfer to node8 load 18
2018-04-22 19:01:57,994 - KadNode7 - DEBUG - ===========Churn===========
2018-04-22 19:01:58,082 - KadNode7 - INFO - 7 : 2 , 10 : 26 , total : 28.0/163:0.17
2018-04-22 19:02:03,042 - KadNode7 - DEBUG - Compensate to node5 load 2
2018-04-22 19:02:18,082 - KadNode7 - INFO - 7 : 2 , 10 : 26 , 11 : 42 , total : 70.0/163:0.43
2018-04-22 19:02:38,085 - KadNode7 - INFO - 7 : 2 , 10 : 26 , 11 : 42 , total : 70.0/163:0.43
2018-04-22 19:02:58,086 - KadNode7 - INFO - 7 : 2 , 10 : 26 , 11 : 42 , total : 70.0/163:0.43
2018-04-22 19:03:18,089 - KadNode7 - INFO - 7 : 2 , 10 : 26 , 11 : 42 , total : 70.0/163:0.43
2018-04-22 19:03:38,096 - KadNode7 - INFO - 7 : 2 , 10 : 26 , 11 : 42 , total : 70.0/163:0.43
2018-04-22 19:03:58,099 - KadNode7 - INFO - 7 : 2 , 10 : 26 , 11 : 42 , total : 70.0/163:0.43
2018-04-22 19:04:18,102 - KadNode7 - INFO - 7 : 2 , 10 : 26 , 11 : 42 , total : 70.0/163:0.43
2018-04-22 19:04:38,105 - KadNode7 - INFO - 7 : 2 , 10 : 26 , 11 : 42 , total : 70.0/163:0.43
2018-04-22 19:04:57,994 - KadNode7 - DEBUG - ===========Churn===========
2018-04-22 19:04:58,108 - KadNode7 - INFO - 7 : 41 , 10 : 48 , 11 : 50 , total : 139.0/163:0.85
2018-04-22 19:05:18,108 - KadNode7 - INFO - 7 : 41 , 10 : 48 , 11 : 50 , total : 139.0/163:0.85
2018-04-22 19:05:23,062 - KadNode7 - DEBUG - Transfer to node3 load 11
2018-04-22 19:05:23,062 - KadNode7 - DEBUG - Transfer to node6 load 5
2018-04-22 19:05:23,062 - KadNode7 - DEBUG - Transfer to node3 load 53
2018-04-22 19:05:38,111 - KadNode7 - INFO - 10 : 48 , 13 : 20 , total : 68.0/163:0.42
2018-04-22 19:05:43,062 - KadNode7 - DEBUG - Compensate to node2 load 48
2018-04-22 19:05:43,063 - KadNode7 - DEBUG - Compensate to node8 load 22
2018-04-22 19:05:58,118 - KadNode7 - INFO - 16 : 25 , 10 : 48 , 13 : 20 , 14 : 22 , 15 : 97 , total : 212.0/163:1.30
2018-04-22 19:06:03,065 - KadNode7 - DEBUG - Transfer to node1 load 4
2018-04-22 19:06:03,066 - KadNode7 - DEBUG - Transfer to node1 load 69
2018-04-22 19:06:03,066 - KadNode7 - DEBUG - Transfer to node8 load 36
2018-04-22 19:06:18,119 - KadNode7 - INFO - 17 : 12 , 14 : 22 , 15 : 97 , total : 131.0/163:0.80
2018-04-22 19:06:23,069 - KadNode7 - DEBUG - Transfer to node9 load 28
2018-04-22 19:06:38,121 - KadNode7 - INFO - 17 : 12 , 15 : 97 , total : 109.0/163:0.67
2018-04-22 19:06:43,071 - KadNode7 - DEBUG - Transfer to node6 load 6
2018-04-22 19:06:58,121 - KadNode7 - INFO - 18 : 6 , 15 : 97 , total : 103.0/163:0.63
2018-04-22 19:07:18,125 - KadNode7 - INFO - 18 : 6 , 15 : 97 , total : 103.0/163:0.63
2018-04-22 19:07:38,125 - KadNode7 - INFO - 18 : 6 , 15 : 97 , total : 103.0/163:0.63
2018-04-22 19:07:57,994 - KadNode7 - DEBUG - ===========Churn===========
2018-04-22 19:07:58,125 - KadNode7 - INFO - 18 : 71 , 15 : 39 , total : 110.0/163:0.67
2018-04-22 19:08:03,079 - KadNode7 - DEBUG - Transfer to node9 load 6
2018-04-22 19:08:18,127 - KadNode7 - INFO - 18 : 71 , 19 : 29 , total : 100.0/163:0.61
2018-04-22 19:08:38,128 - KadNode7 - INFO - 18 : 71 , 19 : 29 , total : 100.0/163:0.61
2018-04-22 19:08:58,130 - KadNode7 - INFO - 18 : 71 , 19 : 29 , total : 100.0/163:0.61
2018-04-22 19:09:18,131 - KadNode7 - INFO - 18 : 71 , 19 : 29 , total : 100.0/163:0.61
2018-04-22 19:09:38,131 - KadNode7 - INFO - 18 : 71 , 19 : 29 , total : 100.0/163:0.61
2018-04-22 19:09:58,131 - KadNode7 - INFO - 18 : 71 , 19 : 29 , total : 100.0/163:0.61
2018-04-22 19:10:18,131 - KadNode7 - INFO - 18 : 71 , 19 : 29 , total : 100.0/163:0.61
2018-04-22 19:10:38,134 - KadNode7 - INFO - 18 : 71 , 19 : 29 , total : 100.0/163:0.61
2018-04-22 19:10:57,997 - KadNode7 - DEBUG - ===========Churn===========
2018-04-22 19:10:58,135 - KadNode7 - INFO - 18 : 76 , 19 : 25 , total : 101.0/163:0.62
2018-04-22 19:11:18,135 - KadNode7 - INFO - 18 : 76 , 19 : 25 , total : 101.0/163:0.62
2018-04-22 19:11:38,135 - KadNode7 - INFO - 18 : 76 , 19 : 25 , total : 101.0/163:0.62
2018-04-22 19:11:58,138 - KadNode7 - INFO - 18 : 76 , 19 : 25 , total : 101.0/163:0.62
2018-04-22 19:12:18,138 - KadNode7 - INFO - 18 : 76 , 19 : 25 , total : 101.0/163:0.62
2018-04-22 19:12:38,140 - KadNode7 - INFO - 18 : 76 , 19 : 25 , total : 101.0/163:0.62
2018-04-22 19:12:58,141 - KadNode7 - INFO - 18 : 76 , 19 : 25 , total : 101.0/163:0.62
