2018-04-22 18:46:57,959 - KadNode3 - DEBUG - ===========Churn===========
2018-04-22 18:46:57,960 - KadNode3 - INFO - 0 : 116 , 1 : 137 , 2 : 29 , 3 : 19 , 4 : 125 , total : 426.0/815:0.52
2018-04-22 18:47:17,960 - KadNode3 - INFO - 0 : 116 , 1 : 137 , 2 : 29 , 3 : 19 , 4 : 125 , total : 426.0/815:0.52
2018-04-22 18:47:37,963 - KadNode3 - INFO - 0 : 116 , 1 : 137 , 2 : 29 , 3 : 19 , 4 : 125 , total : 426.0/815:0.52
2018-04-22 18:47:57,971 - KadNode3 - INFO - 0 : 116 , 1 : 137 , 2 : 29 , 3 : 19 , 4 : 125 , total : 426.0/815:0.52
2018-04-22 18:48:17,973 - KadNode3 - INFO - 0 : 116 , 1 : 137 , 2 : 29 , 3 : 19 , 4 : 125 , total : 426.0/815:0.52
2018-04-22 18:48:37,973 - KadNode3 - INFO - 0 : 116 , 1 : 137 , 2 : 29 , 3 : 19 , 4 : 125 , total : 426.0/815:0.52
2018-04-22 18:48:57,974 - KadNode3 - INFO - 0 : 116 , 1 : 137 , 2 : 29 , 3 : 19 , 4 : 125 , total : 426.0/815:0.52
2018-04-22 18:49:17,977 - KadNode3 - INFO - 0 : 116 , 1 : 137 , 2 : 29 , 3 : 19 , 4 : 125 , total : 426.0/815:0.52
2018-04-22 18:49:37,977 - KadNode3 - INFO - 0 : 116 , 1 : 137 , 2 : 29 , 3 : 19 , 4 : 125 , total : 426.0/815:0.52
2018-04-22 18:49:57,960 - KadNode3 - DEBUG - ===========Churn===========
2018-04-22 18:49:57,977 - KadNode3 - INFO - 0 : 78 , 1 : 12 , 2 : 60 , 3 : 144 , 4 : 91 , total : 385.0/815:0.47
2018-04-22 18:50:17,977 - KadNode3 - INFO - 0 : 78 , 1 : 12 , 2 : 60 , 3 : 144 , 4 : 91 , total : 385.0/815:0.47
2018-04-22 18:50:37,977 - KadNode3 - INFO - 0 : 78 , 1 : 12 , 2 : 60 , 3 : 144 , 4 : 91 , total : 385.0/815:0.47
2018-04-22 18:50:57,979 - KadNode3 - INFO - 0 : 78 , 1 : 12 , 2 : 60 , 3 : 144 , 4 : 91 , total : 385.0/815:0.47
2018-04-22 18:51:17,983 - KadNode3 - INFO - 0 : 78 , 1 : 12 , 2 : 60 , 3 : 144 , 4 : 91 , total : 385.0/815:0.47
2018-04-22 18:51:37,990 - KadNode3 - INFO - 0 : 78 , 1 : 12 , 2 : 60 , 3 : 144 , 4 : 91 , total : 385.0/815:0.47
2018-04-22 18:51:57,990 - KadNode3 - INFO - 0 : 78 , 1 : 12 , 2 : 60 , 3 : 144 , 4 : 91 , total : 385.0/815:0.47
2018-04-22 18:52:17,993 - KadNode3 - INFO - 0 : 78 , 1 : 12 , 2 : 60 , 3 : 144 , 4 : 91 , total : 385.0/815:0.47
2018-04-22 18:52:37,996 - KadNode3 - INFO - 0 : 78 , 1 : 12 , 2 : 60 , 3 : 144 , 4 : 91 , total : 385.0/815:0.47
2018-04-22 18:52:57,967 - KadNode3 - DEBUG - ===========Churn===========
2018-04-22 18:52:57,997 - KadNode3 - INFO - 0 : 30 , 1 : 25 , 2 : 24 , 3 : 75 , 4 : 78 , total : 232.0/815:0.28
2018-04-22 18:53:02,992 - KadNode3 - DEBUG - Compensate to node0 load 78
2018-04-22 18:53:18,000 - KadNode3 - INFO - 0 : 30 , 1 : 25 , 2 : 24 , 3 : 75 , 4 : 78 , 5 : 48 , 6 : 138 , total : 418.0/815:0.51
2018-04-22 18:53:38,009 - KadNode3 - INFO - 0 : 30 , 1 : 25 , 2 : 24 , 3 : 75 , 4 : 78 , 5 : 48 , 6 : 138 , total : 418.0/815:0.51
2018-04-22 18:53:58,010 - KadNode3 - INFO - 0 : 30 , 1 : 25 , 2 : 24 , 3 : 75 , 4 : 78 , 5 : 48 , 6 : 138 , total : 418.0/815:0.51
2018-04-22 18:54:18,016 - KadNode3 - INFO - 0 : 30 , 1 : 25 , 2 : 24 , 3 : 75 , 4 : 78 , 5 : 48 , 6 : 138 , total : 418.0/815:0.51
2018-04-22 18:54:38,017 - KadNode3 - INFO - 0 : 30 , 1 : 25 , 2 : 24 , 3 : 75 , 4 : 78 , 5 : 48 , 6 : 138 , total : 418.0/815:0.51
2018-04-22 18:54:58,017 - KadNode3 - INFO - 0 : 30 , 1 : 25 , 2 : 24 , 3 : 75 , 4 : 78 , 5 : 48 , 6 : 138 , total : 418.0/815:0.51
2018-04-22 18:55:18,019 - KadNode3 - INFO - 0 : 30 , 1 : 25 , 2 : 24 , 3 : 75 , 4 : 78 , 5 : 48 , 6 : 138 , total : 418.0/815:0.51
2018-04-22 18:55:38,023 - KadNode3 - INFO - 0 : 30 , 1 : 25 , 2 : 24 , 3 : 75 , 4 : 78 , 5 : 48 , 6 : 138 , total : 418.0/815:0.51
2018-04-22 18:55:57,970 - KadNode3 - DEBUG - ===========Churn===========
2018-04-22 18:55:58,023 - KadNode3 - INFO - 0 : 32 , 1 : 81 , 2 : 93 , 3 : 67 , 4 : 69 , 5 : 85 , 6 : 13 , total : 440.0/815:0.54
2018-04-22 18:56:18,026 - KadNode3 - INFO - 0 : 32 , 1 : 81 , 2 : 93 , 3 : 67 , 4 : 69 , 5 : 85 , 6 : 13 , total : 440.0/815:0.54
2018-04-22 18:56:38,026 - KadNode3 - INFO - 0 : 32 , 1 : 81 , 2 : 93 , 3 : 67 , 4 : 69 , 5 : 85 , 6 : 13 , total : 440.0/815:0.54
2018-04-22 18:56:58,029 - KadNode3 - INFO - 0 : 32 , 1 : 81 , 2 : 93 , 3 : 67 , 4 : 69 , 5 : 85 , 6 : 13 , total : 440.0/815:0.54
2018-04-22 18:57:18,029 - KadNode3 - INFO - 0 : 32 , 1 : 81 , 2 : 93 , 3 : 67 , 4 : 69 , 5 : 85 , 6 : 13 , total : 440.0/815:0.54
2018-04-22 18:57:38,029 - KadNode3 - INFO - 0 : 32 , 1 : 81 , 2 : 93 , 3 : 67 , 4 : 69 , 5 : 85 , 6 : 13 , total : 440.0/815:0.54
2018-04-22 18:57:58,032 - KadNode3 - INFO - 0 : 32 , 1 : 81 , 2 : 93 , 3 : 67 , 4 : 69 , 5 : 85 , 6 : 13 , total : 440.0/815:0.54
2018-04-22 18:58:18,033 - KadNode3 - INFO - 0 : 32 , 1 : 81 , 2 : 93 , 3 : 67 , 4 : 69 , 5 : 85 , 6 : 13 , total : 440.0/815:0.54
2018-04-22 18:58:38,036 - KadNode3 - INFO - 0 : 32 , 1 : 81 , 2 : 93 , 3 : 67 , 4 : 69 , 5 : 85 , 6 : 13 , total : 440.0/815:0.54
2018-04-22 18:58:57,983 - KadNode3 - DEBUG - ===========Churn===========
2018-04-22 18:58:58,039 - KadNode3 - INFO - 0 : 93 , 1 : 47 , 2 : 59 , 3 : 59 , 4 : 11 , 5 : 10 , 6 : 90 , total : 369.0/815:0.45
2018-04-22 18:59:18,040 - KadNode3 - INFO - 0 : 93 , 1 : 47 , 2 : 59 , 3 : 59 , 4 : 11 , 5 : 10 , 6 : 90 , total : 369.0/815:0.45
2018-04-22 18:59:38,042 - KadNode3 - INFO - 0 : 93 , 1 : 47 , 2 : 59 , 3 : 59 , 4 : 11 , 5 : 10 , 6 : 90 , total : 369.0/815:0.45
2018-04-22 18:59:58,042 - KadNode3 - INFO - 0 : 93 , 1 : 47 , 2 : 59 , 3 : 59 , 4 : 11 , 5 : 10 , 6 : 90 , total : 369.0/815:0.45
2018-04-22 19:00:18,046 - KadNode3 - INFO - 0 : 93 , 1 : 47 , 2 : 59 , 3 : 59 , 4 : 11 , 5 : 10 , 6 : 90 , total : 369.0/815:0.45
2018-04-22 19:00:38,049 - KadNode3 - INFO - 0 : 93 , 1 : 47 , 2 : 59 , 3 : 59 , 4 : 11 , 5 : 10 , 6 : 90 , total : 369.0/815:0.45
2018-04-22 19:00:58,052 - KadNode3 - INFO - 0 : 93 , 1 : 47 , 2 : 59 , 3 : 59 , 4 : 11 , 5 : 10 , 6 : 90 , total : 369.0/815:0.45
2018-04-22 19:01:18,055 - KadNode3 - INFO - 0 : 93 , 1 : 47 , 2 : 59 , 3 : 59 , 4 : 11 , 5 : 10 , 6 : 90 , total : 369.0/815:0.45
2018-04-22 19:01:38,055 - KadNode3 - INFO - 0 : 93 , 1 : 47 , 2 : 59 , 3 : 59 , 4 : 11 , 5 : 10 , 6 : 90 , total : 369.0/815:0.45
2018-04-22 19:01:57,983 - KadNode3 - DEBUG - ===========Churn===========
2018-04-22 19:01:58,056 - KadNode3 - INFO - 0 : 102 , 1 : 16 , 2 : 12 , 3 : 54 , 4 : 11 , 5 : 86 , 6 : 16 , total : 297.0/815:0.36
2018-04-22 19:02:18,056 - KadNode3 - INFO - 0 : 102 , 1 : 16 , 2 : 12 , 3 : 54 , 4 : 11 , 5 : 86 , 6 : 16 , 7 : 2 , total : 299.0/815:0.37
2018-04-22 19:02:38,056 - KadNode3 - INFO - 0 : 102 , 1 : 16 , 2 : 12 , 3 : 54 , 4 : 11 , 5 : 86 , 6 : 16 , 7 : 2 , 8 : 13 , total : 312.0/815:0.38
2018-04-22 19:02:43,049 - KadNode3 - DEBUG - Compensate to node0 load 16
2018-04-22 19:02:58,059 - KadNode3 - INFO - 0 : 102 , 1 : 16 , 2 : 12 , 3 : 54 , 4 : 11 , 5 : 86 , 6 : 16 , 7 : 2 , 8 : 13 , 9 : 24 , total : 336.0/815:0.41
2018-04-22 19:03:18,059 - KadNode3 - INFO - 0 : 102 , 1 : 16 , 2 : 12 , 3 : 54 , 4 : 11 , 5 : 86 , 6 : 16 , 7 : 2 , 8 : 13 , 9 : 24 , total : 336.0/815:0.41
2018-04-22 19:03:38,062 - KadNode3 - INFO - 0 : 102 , 1 : 16 , 2 : 12 , 3 : 54 , 4 : 11 , 5 : 86 , 6 : 16 , 7 : 2 , 8 : 13 , 9 : 24 , total : 336.0/815:0.41
2018-04-22 19:03:58,062 - KadNode3 - INFO - 0 : 102 , 1 : 16 , 2 : 12 , 3 : 54 , 4 : 11 , 5 : 86 , 6 : 16 , 7 : 2 , 8 : 13 , 9 : 24 , total : 336.0/815:0.41
2018-04-22 19:04:18,063 - KadNode3 - INFO - 0 : 102 , 1 : 16 , 2 : 12 , 3 : 54 , 4 : 11 , 5 : 86 , 6 : 16 , 7 : 2 , 8 : 13 , 9 : 24 , total : 336.0/815:0.41
2018-04-22 19:04:38,063 - KadNode3 - INFO - 0 : 102 , 1 : 16 , 2 : 12 , 3 : 54 , 4 : 11 , 5 : 86 , 6 : 16 , 7 : 2 , 8 : 13 , 9 : 24 , total : 336.0/815:0.41
2018-04-22 19:04:57,983 - KadNode3 - DEBUG - ===========Churn===========
2018-04-22 19:04:58,065 - KadNode3 - INFO - 0 : 25 , 1 : 37 , 2 : 12 , 3 : 38 , 4 : 60 , 5 : 2 , 6 : 75 , 7 : 52 , 8 : 1 , 9 : 38 , total : 340.0/815:0.42
2018-04-22 19:05:18,066 - KadNode3 - INFO - 0 : 25 , 1 : 37 , 2 : 12 , 3 : 38 , 4 : 60 , 5 : 2 , 6 : 75 , 7 : 52 , 8 : 1 , 9 : 38 , total : 340.0/815:0.42
2018-04-22 19:05:23,062 - KadNode3 - DEBUG - Compensate to node7 load 25
2018-04-22 19:05:38,069 - KadNode3 - INFO - 0 : 25 , 1 : 37 , 2 : 12 , 3 : 38 , 4 : 60 , 5 : 2 , 6 : 75 , 7 : 52 , 8 : 1 , 9 : 38 , 10 : 41 , 11 : 50 , 12 : 5 , total : 436.0/815:0.53
2018-04-22 19:05:58,069 - KadNode3 - INFO - 0 : 25 , 1 : 37 , 2 : 12 , 3 : 38 , 4 : 60 , 5 : 2 , 6 : 75 , 7 : 52 , 8 : 1 , 9 : 38 , 10 : 41 , 11 : 50 , 12 : 5 , total : 436.0/815:0.53
2018-04-22 19:06:18,069 - KadNode3 - INFO - 0 : 25 , 1 : 37 , 2 : 12 , 3 : 38 , 4 : 60 , 5 : 2 , 6 : 75 , 7 : 52 , 8 : 1 , 9 : 38 , 10 : 41 , 11 : 50 , 12 : 5 , total : 436.0/815:0.53
2018-04-22 19:06:38,071 - KadNode3 - INFO - 0 : 25 , 1 : 37 , 2 : 12 , 3 : 38 , 4 : 60 , 5 : 2 , 6 : 75 , 7 : 52 , 8 : 1 , 9 : 38 , 10 : 41 , 11 : 50 , 12 : 5 , total : 436.0/815:0.53
2018-04-22 19:06:58,072 - KadNode3 - INFO - 0 : 25 , 1 : 37 , 2 : 12 , 3 : 38 , 4 : 60 , 5 : 2 , 6 : 75 , 7 : 52 , 8 : 1 , 9 : 38 , 10 : 41 , 11 : 50 , 12 : 5 , total : 436.0/815:0.53
2018-04-22 19:07:18,072 - KadNode3 - INFO - 0 : 25 , 1 : 37 , 2 : 12 , 3 : 38 , 4 : 60 , 5 : 2 , 6 : 75 , 7 : 52 , 8 : 1 , 9 : 38 , 10 : 41 , 11 : 50 , 12 : 5 , total : 436.0/815:0.53
2018-04-22 19:07:38,073 - KadNode3 - INFO - 0 : 25 , 1 : 37 , 2 : 12 , 3 : 38 , 4 : 60 , 5 : 2 , 6 : 75 , 7 : 52 , 8 : 1 , 9 : 38 , 10 : 41 , 11 : 50 , 12 : 5 , total : 436.0/815:0.53
2018-04-22 19:07:57,983 - KadNode3 - DEBUG - ===========Churn===========
2018-04-22 19:07:58,073 - KadNode3 - INFO - 0 : 10 , 1 : 47 , 2 : 58 , 3 : 41 , 4 : 42 , 5 : 12 , 6 : 37 , 7 : 38 , 8 : 1 , 9 : 60 , 10 : 10 , 11 : 23 , 12 : 45 , total : 424.0/815:0.52
2018-04-22 19:08:18,073 - KadNode3 - INFO - 0 : 10 , 1 : 47 , 2 : 58 , 3 : 41 , 4 : 42 , 5 : 12 , 6 : 37 , 7 : 38 , 8 : 1 , 9 : 60 , 10 : 10 , 11 : 23 , 12 : 45 , total : 424.0/815:0.52
2018-04-22 19:08:38,073 - KadNode3 - INFO - 0 : 10 , 1 : 47 , 2 : 58 , 3 : 41 , 4 : 42 , 5 : 12 , 6 : 37 , 7 : 38 , 8 : 1 , 9 : 60 , 10 : 10 , 11 : 23 , 12 : 45 , total : 424.0/815:0.52
2018-04-22 19:08:58,075 - KadNode3 - INFO - 0 : 10 , 1 : 47 , 2 : 58 , 3 : 41 , 4 : 42 , 5 : 12 , 6 : 37 , 7 : 38 , 8 : 1 , 9 : 60 , 10 : 10 , 11 : 23 , 12 : 45 , total : 424.0/815:0.52
2018-04-22 19:09:18,076 - KadNode3 - INFO - 0 : 10 , 1 : 47 , 2 : 58 , 3 : 41 , 4 : 42 , 5 : 12 , 6 : 37 , 7 : 38 , 8 : 1 , 9 : 60 , 10 : 10 , 11 : 23 , 12 : 45 , total : 424.0/815:0.52
2018-04-22 19:09:38,076 - KadNode3 - INFO - 0 : 10 , 1 : 47 , 2 : 58 , 3 : 41 , 4 : 42 , 5 : 12 , 6 : 37 , 7 : 38 , 8 : 1 , 9 : 60 , 10 : 10 , 11 : 23 , 12 : 45 , total : 424.0/815:0.52
2018-04-22 19:09:58,076 - KadNode3 - INFO - 0 : 10 , 1 : 47 , 2 : 58 , 3 : 41 , 4 : 42 , 5 : 12 , 6 : 37 , 7 : 38 , 8 : 1 , 9 : 60 , 10 : 10 , 11 : 23 , 12 : 45 , total : 424.0/815:0.52
2018-04-22 19:10:18,078 - KadNode3 - INFO - 0 : 10 , 1 : 47 , 2 : 58 , 3 : 41 , 4 : 42 , 5 : 12 , 6 : 37 , 7 : 38 , 8 : 1 , 9 : 60 , 10 : 10 , 11 : 23 , 12 : 45 , total : 424.0/815:0.52
2018-04-22 19:10:38,079 - KadNode3 - INFO - 0 : 10 , 1 : 47 , 2 : 58 , 3 : 41 , 4 : 42 , 5 : 12 , 6 : 37 , 7 : 38 , 8 : 1 , 9 : 60 , 10 : 10 , 11 : 23 , 12 : 45 , total : 424.0/815:0.52
2018-04-22 19:10:57,986 - KadNode3 - DEBUG - ===========Churn===========
2018-04-22 19:10:58,082 - KadNode3 - INFO - 0 : 40 , 1 : 14 , 2 : 42 , 3 : 44 , 4 : 44 , 5 : 7 , 6 : 48 , 7 : 25 , 8 : 53 , 9 : 55 , 10 : 40 , 11 : 48 , 12 : 2 , total : 462.0/815:0.57
2018-04-22 19:11:18,082 - KadNode3 - INFO - 0 : 40 , 1 : 14 , 2 : 42 , 3 : 44 , 4 : 44 , 5 : 7 , 6 : 48 , 7 : 25 , 8 : 53 , 9 : 55 , 10 : 40 , 11 : 48 , 12 : 2 , total : 462.0/815:0.57
2018-04-22 19:11:38,082 - KadNode3 - INFO - 0 : 40 , 1 : 14 , 2 : 42 , 3 : 44 , 4 : 44 , 5 : 7 , 6 : 48 , 7 : 25 , 8 : 53 , 9 : 55 , 10 : 40 , 11 : 48 , 12 : 2 , total : 462.0/815:0.57
2018-04-22 19:11:58,085 - KadNode3 - INFO - 0 : 40 , 1 : 14 , 2 : 42 , 3 : 44 , 4 : 44 , 5 : 7 , 6 : 48 , 7 : 25 , 8 : 53 , 9 : 55 , 10 : 40 , 11 : 48 , 12 : 2 , total : 462.0/815:0.57
2018-04-22 19:12:18,086 - KadNode3 - INFO - 0 : 40 , 1 : 14 , 2 : 42 , 3 : 44 , 4 : 44 , 5 : 7 , 6 : 48 , 7 : 25 , 8 : 53 , 9 : 55 , 10 : 40 , 11 : 48 , 12 : 2 , total : 462.0/815:0.57
2018-04-22 19:12:38,086 - KadNode3 - INFO - 0 : 40 , 1 : 14 , 2 : 42 , 3 : 44 , 4 : 44 , 5 : 7 , 6 : 48 , 7 : 25 , 8 : 53 , 9 : 55 , 10 : 40 , 11 : 48 , 12 : 2 , total : 462.0/815:0.57
2018-04-22 19:12:58,086 - KadNode3 - INFO - 0 : 40 , 1 : 14 , 2 : 42 , 3 : 44 , 4 : 44 , 5 : 7 , 6 : 48 , 7 : 25 , 8 : 53 , 9 : 55 , 10 : 40 , 11 : 48 , 12 : 2 , total : 462.0/815:0.57
