2018-04-22 18:46:57,957 - KadNode1 - DEBUG - ===========Churn===========
2018-04-22 18:46:57,957 - KadNode1 - INFO - 0 : 7 , 1 : 139 , 2 : 74 , 3 : 151 , total : 371.0/748:0.50
2018-04-22 18:47:17,957 - KadNode1 - INFO - 0 : 7 , 1 : 139 , 2 : 74 , 3 : 151 , total : 371.0/748:0.50
2018-04-22 18:47:37,957 - KadNode1 - INFO - 0 : 7 , 1 : 139 , 2 : 74 , 3 : 151 , total : 371.0/748:0.50
2018-04-22 18:47:57,961 - KadNode1 - INFO - 0 : 7 , 1 : 139 , 2 : 74 , 3 : 151 , total : 371.0/748:0.50
2018-04-22 18:48:17,964 - KadNode1 - INFO - 0 : 7 , 1 : 139 , 2 : 74 , 3 : 151 , total : 371.0/748:0.50
2018-04-22 18:48:37,964 - KadNode1 - INFO - 0 : 7 , 1 : 139 , 2 : 74 , 3 : 151 , total : 371.0/748:0.50
2018-04-22 18:48:57,964 - KadNode1 - INFO - 0 : 7 , 1 : 139 , 2 : 74 , 3 : 151 , total : 371.0/748:0.50
2018-04-22 18:49:17,969 - KadNode1 - INFO - 0 : 7 , 1 : 139 , 2 : 74 , 3 : 151 , total : 371.0/748:0.50
2018-04-22 18:49:37,970 - KadNode1 - INFO - 0 : 7 , 1 : 139 , 2 : 74 , 3 : 151 , total : 371.0/748:0.50
2018-04-22 18:49:57,957 - KadNode1 - DEBUG - ===========Churn===========
2018-04-22 18:49:57,971 - KadNode1 - INFO - 0 : 178 , 1 : 51 , 2 : 93 , 3 : 78 , total : 400.0/748:0.53
2018-04-22 18:50:17,974 - KadNode1 - INFO - 0 : 178 , 1 : 51 , 2 : 93 , 3 : 78 , total : 400.0/748:0.53
2018-04-22 18:50:37,976 - KadNode1 - INFO - 0 : 178 , 1 : 51 , 2 : 93 , 3 : 78 , total : 400.0/748:0.53
2018-04-22 18:50:57,977 - KadNode1 - INFO - 0 : 178 , 1 : 51 , 2 : 93 , 3 : 78 , total : 400.0/748:0.53
2018-04-22 18:51:17,983 - KadNode1 - INFO - 0 : 178 , 1 : 51 , 2 : 93 , 3 : 78 , total : 400.0/748:0.53
2018-04-22 18:51:37,984 - KadNode1 - INFO - 0 : 178 , 1 : 51 , 2 : 93 , 3 : 78 , total : 400.0/748:0.53
2018-04-22 18:51:57,984 - KadNode1 - INFO - 0 : 178 , 1 : 51 , 2 : 93 , 3 : 78 , total : 400.0/748:0.53
2018-04-22 18:52:17,984 - KadNode1 - INFO - 0 : 178 , 1 : 51 , 2 : 93 , 3 : 78 , total : 400.0/748:0.53
2018-04-22 18:52:37,984 - KadNode1 - INFO - 0 : 178 , 1 : 51 , 2 : 93 , 3 : 78 , total : 400.0/748:0.53
2018-04-22 18:52:57,960 - KadNode1 - DEBUG - ===========Churn===========
2018-04-22 18:52:57,984 - KadNode1 - INFO - 0 : 49 , 1 : 51 , 2 : 106 , 3 : 99 , total : 305.0/748:0.41
2018-04-22 18:53:02,992 - KadNode1 - DEBUG - Compensate to node0 load 51
2018-04-22 18:53:17,984 - KadNode1 - INFO - 0 : 49 , 1 : 51 , 2 : 106 , 3 : 99 , 4 : 78 , total : 383.0/748:0.51
2018-04-22 18:53:37,987 - KadNode1 - INFO - 0 : 49 , 1 : 51 , 2 : 106 , 3 : 99 , 4 : 78 , total : 383.0/748:0.51
2018-04-22 18:53:57,990 - KadNode1 - INFO - 0 : 49 , 1 : 51 , 2 : 106 , 3 : 99 , 4 : 78 , total : 383.0/748:0.51
2018-04-22 18:54:17,990 - KadNode1 - INFO - 0 : 49 , 1 : 51 , 2 : 106 , 3 : 99 , 4 : 78 , total : 383.0/748:0.51
2018-04-22 18:54:37,990 - KadNode1 - INFO - 0 : 49 , 1 : 51 , 2 : 106 , 3 : 99 , 4 : 78 , total : 383.0/748:0.51
2018-04-22 18:54:57,990 - KadNode1 - INFO - 0 : 49 , 1 : 51 , 2 : 106 , 3 : 99 , 4 : 78 , total : 383.0/748:0.51
2018-04-22 18:55:17,990 - KadNode1 - INFO - 0 : 49 , 1 : 51 , 2 : 106 , 3 : 99 , 4 : 78 , total : 383.0/748:0.51
2018-04-22 18:55:37,993 - KadNode1 - INFO - 0 : 49 , 1 : 51 , 2 : 106 , 3 : 99 , 4 : 78 , total : 383.0/748:0.51
2018-04-22 18:55:57,961 - KadNode1 - DEBUG - ===========Churn===========
2018-04-22 18:55:57,993 - KadNode1 - INFO - 0 : 104 , 1 : 27 , 2 : 37 , 3 : 140 , 4 : 88 , total : 396.0/748:0.53
2018-04-22 18:56:18,000 - KadNode1 - INFO - 0 : 104 , 1 : 27 , 2 : 37 , 3 : 140 , 4 : 88 , total : 396.0/748:0.53
2018-04-22 18:56:23,007 - KadNode1 - DEBUG - Transfer to node0 load 31
2018-04-22 18:56:38,003 - KadNode1 - INFO - 0 : 104 , 2 : 37 , 3 : 140 , 4 : 88 , total : 369.0/748:0.49
2018-04-22 18:56:43,010 - KadNode1 - DEBUG - Transfer to node0 load 4
2018-04-22 18:56:58,007 - KadNode1 - INFO - 0 : 104 , 3 : 140 , 4 : 88 , 5 : 27 , total : 359.0/748:0.48
2018-04-22 18:57:18,009 - KadNode1 - INFO - 0 : 104 , 3 : 140 , 4 : 88 , 5 : 27 , total : 359.0/748:0.48
2018-04-22 18:57:38,009 - KadNode1 - INFO - 0 : 104 , 3 : 140 , 4 : 88 , 5 : 27 , total : 359.0/748:0.48
2018-04-22 18:57:58,009 - KadNode1 - INFO - 0 : 104 , 3 : 140 , 4 : 88 , 5 : 27 , total : 359.0/748:0.48
2018-04-22 18:58:18,015 - KadNode1 - INFO - 0 : 104 , 3 : 140 , 4 : 88 , 5 : 27 , total : 359.0/748:0.48
2018-04-22 18:58:38,016 - KadNode1 - INFO - 0 : 104 , 3 : 140 , 4 : 88 , 5 : 27 , total : 359.0/748:0.48
2018-04-22 18:58:57,970 - KadNode1 - DEBUG - ===========Churn===========
2018-04-22 18:58:58,016 - KadNode1 - INFO - 0 : 170 , 3 : 182 , 4 : 62 , 5 : 73 , total : 487.0/748:0.65
2018-04-22 18:59:18,017 - KadNode1 - INFO - 0 : 170 , 3 : 182 , 4 : 62 , 5 : 73 , total : 487.0/748:0.65
2018-04-22 18:59:23,026 - KadNode1 - DEBUG - Transfer to node9 load 8
2018-04-22 18:59:23,026 - KadNode1 - DEBUG - Transfer to node8 load 8
2018-04-22 18:59:38,017 - KadNode1 - INFO - 0 : 170 , 3 : 182 , 5 : 73 , total : 425.0/748:0.57
2018-04-22 18:59:58,022 - KadNode1 - INFO - 0 : 170 , 3 : 182 , 5 : 73 , total : 425.0/748:0.57
2018-04-22 19:00:18,023 - KadNode1 - INFO - 0 : 170 , 3 : 182 , 5 : 73 , total : 425.0/748:0.57
2018-04-22 19:00:38,026 - KadNode1 - INFO - 0 : 170 , 3 : 182 , 5 : 73 , total : 425.0/748:0.57
2018-04-22 19:00:58,029 - KadNode1 - INFO - 0 : 170 , 3 : 182 , 5 : 73 , total : 425.0/748:0.57
2018-04-22 19:01:18,030 - KadNode1 - INFO - 0 : 170 , 3 : 182 , 5 : 73 , total : 425.0/748:0.57
2018-04-22 19:01:38,030 - KadNode1 - INFO - 0 : 170 , 3 : 182 , 5 : 73 , total : 425.0/748:0.57
2018-04-22 19:01:57,973 - KadNode1 - DEBUG - ===========Churn===========
2018-04-22 19:01:58,032 - KadNode1 - INFO - 0 : 33 , 3 : 61 , 5 : 78 , total : 172.0/748:0.23
2018-04-22 19:02:18,032 - KadNode1 - INFO - 0 : 33 , 3 : 61 , 5 : 78 , 7 : 97 , 8 : 8 , total : 277.0/748:0.37
2018-04-22 19:02:38,035 - KadNode1 - INFO - 0 : 33 , 3 : 61 , 5 : 78 , 7 : 97 , 8 : 8 , 9 : 4 , total : 281.0/748:0.38
2018-04-22 19:02:58,036 - KadNode1 - INFO - 0 : 33 , 3 : 61 , 5 : 78 , 7 : 97 , 8 : 8 , 9 : 4 , 10 : 0 , total : 281.0/748:0.38
2018-04-22 19:03:03,051 - KadNode1 - DEBUG - Compensate to node0 load 4
2018-04-22 19:03:18,036 - KadNode1 - INFO - 0 : 33 , 3 : 61 , 5 : 78 , 7 : 97 , 8 : 8 , 9 : 4 , 10 : 0 , 11 : 16 , total : 297.0/748:0.40
2018-04-22 19:03:23,052 - KadNode1 - DEBUG - Transfer to node0 load 3
2018-04-22 19:03:38,042 - KadNode1 - INFO - 0 : 33 , 3 : 61 , 5 : 78 , 7 : 97 , 8 : 8 , 9 : 4 , 11 : 16 , total : 297.0/748:0.40
2018-04-22 19:03:43,055 - KadNode1 - DEBUG - Transfer to node0 load 3
2018-04-22 19:03:58,042 - KadNode1 - INFO - 0 : 33 , 3 : 61 , 5 : 78 , 7 : 97 , 8 : 8 , 11 : 16 , 12 : 0 , total : 293.0/748:0.39
2018-04-22 19:04:18,045 - KadNode1 - INFO - 0 : 33 , 3 : 61 , 5 : 78 , 7 : 97 , 8 : 8 , 11 : 16 , 12 : 0 , total : 293.0/748:0.39
2018-04-22 19:04:38,046 - KadNode1 - INFO - 0 : 33 , 3 : 61 , 5 : 78 , 7 : 97 , 8 : 8 , 11 : 16 , 12 : 0 , total : 293.0/748:0.39
2018-04-22 19:04:57,974 - KadNode1 - DEBUG - ===========Churn===========
2018-04-22 19:04:58,048 - KadNode1 - INFO - 0 : 43 , 3 : 67 , 5 : 44 , 7 : 38 , 8 : 80 , 11 : 12 , 12 : 44 , total : 328.0/748:0.44
2018-04-22 19:05:18,049 - KadNode1 - INFO - 0 : 43 , 3 : 67 , 5 : 44 , 7 : 38 , 8 : 80 , 11 : 12 , 12 : 44 , total : 328.0/748:0.44
2018-04-22 19:05:38,051 - KadNode1 - INFO - 0 : 43 , 3 : 67 , 5 : 44 , 7 : 38 , 8 : 80 , 11 : 12 , 12 : 44 , total : 328.0/748:0.44
2018-04-22 19:05:58,051 - KadNode1 - INFO - 0 : 43 , 3 : 67 , 5 : 44 , 7 : 38 , 8 : 80 , 11 : 12 , 12 : 44 , total : 328.0/748:0.44
2018-04-22 19:06:03,065 - KadNode1 - DEBUG - Compensate to node7 load 12
2018-04-22 19:06:18,053 - KadNode1 - INFO - 0 : 43 , 3 : 67 , 5 : 44 , 7 : 38 , 8 : 80 , 11 : 12 , 12 : 44 , 13 : 20 , 14 : 48 , total : 396.0/748:0.53
2018-04-22 19:06:38,055 - KadNode1 - INFO - 0 : 43 , 3 : 67 , 5 : 44 , 7 : 38 , 8 : 80 , 11 : 12 , 12 : 44 , 13 : 20 , 14 : 48 , total : 396.0/748:0.53
2018-04-22 19:06:58,058 - KadNode1 - INFO - 0 : 43 , 3 : 67 , 5 : 44 , 7 : 38 , 8 : 80 , 11 : 12 , 12 : 44 , 13 : 20 , 14 : 48 , total : 396.0/748:0.53
2018-04-22 19:07:18,059 - KadNode1 - INFO - 0 : 43 , 3 : 67 , 5 : 44 , 7 : 38 , 8 : 80 , 11 : 12 , 12 : 44 , 13 : 20 , 14 : 48 , total : 396.0/748:0.53
2018-04-22 19:07:38,061 - KadNode1 - INFO - 0 : 43 , 3 : 67 , 5 : 44 , 7 : 38 , 8 : 80 , 11 : 12 , 12 : 44 , 13 : 20 , 14 : 48 , total : 396.0/748:0.53
2018-04-22 19:07:57,976 - KadNode1 - DEBUG - ===========Churn===========
2018-04-22 19:07:58,062 - KadNode1 - INFO - 0 : 51 , 3 : 81 , 5 : 42 , 7 : 83 , 8 : 32 , 11 : 38 , 12 : 62 , 13 : 26 , 14 : 72 , total : 487.0/748:0.65
2018-04-22 19:08:03,079 - KadNode1 - DEBUG - Transfer to node9 load 9
2018-04-22 19:08:18,062 - KadNode1 - INFO - 0 : 51 , 3 : 81 , 5 : 42 , 7 : 83 , 8 : 32 , 11 : 38 , 12 : 62 , 14 : 72 , 15 : 14 , total : 475.0/748:0.64
2018-04-22 19:08:38,062 - KadNode1 - INFO - 0 : 51 , 3 : 81 , 5 : 42 , 7 : 83 , 8 : 32 , 11 : 38 , 12 : 62 , 14 : 72 , 15 : 14 , total : 475.0/748:0.64
2018-04-22 19:08:58,065 - KadNode1 - INFO - 0 : 51 , 3 : 81 , 5 : 42 , 7 : 83 , 8 : 32 , 11 : 38 , 12 : 62 , 14 : 72 , 15 : 14 , total : 475.0/748:0.64
2018-04-22 19:09:18,066 - KadNode1 - INFO - 0 : 51 , 3 : 81 , 5 : 42 , 7 : 83 , 8 : 32 , 11 : 38 , 12 : 62 , 14 : 72 , 15 : 14 , total : 475.0/748:0.64
2018-04-22 19:09:38,069 - KadNode1 - INFO - 0 : 51 , 3 : 81 , 5 : 42 , 7 : 83 , 8 : 32 , 11 : 38 , 12 : 62 , 14 : 72 , 15 : 14 , total : 475.0/748:0.64
2018-04-22 19:09:58,069 - KadNode1 - INFO - 0 : 51 , 3 : 81 , 5 : 42 , 7 : 83 , 8 : 32 , 11 : 38 , 12 : 62 , 14 : 72 , 15 : 14 , total : 475.0/748:0.64
2018-04-22 19:10:18,071 - KadNode1 - INFO - 0 : 51 , 3 : 81 , 5 : 42 , 7 : 83 , 8 : 32 , 11 : 38 , 12 : 62 , 14 : 72 , 15 : 14 , total : 475.0/748:0.64
2018-04-22 19:10:38,072 - KadNode1 - INFO - 0 : 51 , 3 : 81 , 5 : 42 , 7 : 83 , 8 : 32 , 11 : 38 , 12 : 62 , 14 : 72 , 15 : 14 , total : 475.0/748:0.64
2018-04-22 19:10:57,980 - KadNode1 - DEBUG - ===========Churn===========
2018-04-22 19:10:58,073 - KadNode1 - INFO - 0 : 35 , 3 : 15 , 5 : 73 , 7 : 13 , 8 : 70 , 11 : 16 , 12 : 81 , 14 : 48 , 15 : 49 , total : 400.0/748:0.53
2018-04-22 19:11:18,073 - KadNode1 - INFO - 0 : 35 , 3 : 15 , 5 : 73 , 7 : 13 , 8 : 70 , 11 : 16 , 12 : 81 , 14 : 48 , 15 : 49 , total : 400.0/748:0.53
2018-04-22 19:11:38,073 - KadNode1 - INFO - 0 : 35 , 3 : 15 , 5 : 73 , 7 : 13 , 8 : 70 , 11 : 16 , 12 : 81 , 14 : 48 , 15 : 49 , total : 400.0/748:0.53
2018-04-22 19:11:58,075 - KadNode1 - INFO - 0 : 35 , 3 : 15 , 5 : 73 , 7 : 13 , 8 : 70 , 11 : 16 , 12 : 81 , 14 : 48 , 15 : 49 , total : 400.0/748:0.53
2018-04-22 19:12:18,076 - KadNode1 - INFO - 0 : 35 , 3 : 15 , 5 : 73 , 7 : 13 , 8 : 70 , 11 : 16 , 12 : 81 , 14 : 48 , 15 : 49 , total : 400.0/748:0.53
2018-04-22 19:12:38,078 - KadNode1 - INFO - 0 : 35 , 3 : 15 , 5 : 73 , 7 : 13 , 8 : 70 , 11 : 16 , 12 : 81 , 14 : 48 , 15 : 49 , total : 400.0/748:0.53
2018-04-22 19:12:58,078 - KadNode1 - INFO - 0 : 35 , 3 : 15 , 5 : 73 , 7 : 13 , 8 : 70 , 11 : 16 , 12 : 81 , 14 : 48 , 15 : 49 , total : 400.0/748:0.53
