2018-04-22 18:46:57,964 - KadNode9 - DEBUG - ===========Churn===========
2018-04-22 18:46:57,966 - KadNode9 - INFO - 0 : 49 , 1 : 82 , 2 : 168 , 3 : 136 , total : 435.0/721:0.60
2018-04-22 18:47:17,967 - KadNode9 - INFO - 0 : 49 , 1 : 82 , 2 : 168 , 3 : 136 , total : 435.0/721:0.60
2018-04-22 18:47:37,969 - KadNode9 - INFO - 0 : 49 , 1 : 82 , 2 : 168 , 3 : 136 , total : 435.0/721:0.60
2018-04-22 18:47:57,980 - KadNode9 - INFO - 0 : 49 , 1 : 82 , 2 : 168 , 3 : 136 , total : 435.0/721:0.60
2018-04-22 18:48:17,993 - KadNode9 - INFO - 0 : 49 , 1 : 82 , 2 : 168 , 3 : 136 , total : 435.0/721:0.60
2018-04-22 18:48:37,993 - KadNode9 - INFO - 0 : 49 , 1 : 82 , 2 : 168 , 3 : 136 , total : 435.0/721:0.60
2018-04-22 18:48:57,996 - KadNode9 - INFO - 0 : 49 , 1 : 82 , 2 : 168 , 3 : 136 , total : 435.0/721:0.60
2018-04-22 18:49:18,003 - KadNode9 - INFO - 0 : 49 , 1 : 82 , 2 : 168 , 3 : 136 , total : 435.0/721:0.60
2018-04-22 18:49:38,006 - KadNode9 - INFO - 0 : 49 , 1 : 82 , 2 : 168 , 3 : 136 , total : 435.0/721:0.60
2018-04-22 18:49:57,966 - KadNode9 - DEBUG - ===========Churn===========
2018-04-22 18:49:58,015 - KadNode9 - INFO - 0 : 105 , 1 : 95 , 2 : 1 , 3 : 20 , total : 221.0/721:0.31
2018-04-22 18:50:02,977 - KadNode9 - DEBUG - Compensate to node0 load 20
2018-04-22 18:50:02,977 - KadNode9 - DEBUG - Compensate to node7 load 20
2018-04-22 18:50:18,017 - KadNode9 - INFO - 0 : 105 , 1 : 95 , 2 : 1 , 3 : 20 , 4 : 71 , 5 : 44 , 6 : 20 , total : 356.0/721:0.49
2018-04-22 18:50:38,019 - KadNode9 - INFO - 0 : 105 , 1 : 95 , 2 : 1 , 3 : 20 , 4 : 71 , 5 : 44 , 6 : 20 , total : 356.0/721:0.49
2018-04-22 18:50:58,019 - KadNode9 - INFO - 0 : 105 , 1 : 95 , 2 : 1 , 3 : 20 , 4 : 71 , 5 : 44 , 6 : 20 , total : 356.0/721:0.49
2018-04-22 18:51:18,023 - KadNode9 - INFO - 0 : 105 , 1 : 95 , 2 : 1 , 3 : 20 , 4 : 71 , 5 : 44 , 6 : 20 , total : 356.0/721:0.49
2018-04-22 18:51:38,023 - KadNode9 - INFO - 0 : 105 , 1 : 95 , 2 : 1 , 3 : 20 , 4 : 71 , 5 : 44 , 6 : 20 , total : 356.0/721:0.49
2018-04-22 18:51:58,023 - KadNode9 - INFO - 0 : 105 , 1 : 95 , 2 : 1 , 3 : 20 , 4 : 71 , 5 : 44 , 6 : 20 , total : 356.0/721:0.49
2018-04-22 18:52:18,025 - KadNode9 - INFO - 0 : 105 , 1 : 95 , 2 : 1 , 3 : 20 , 4 : 71 , 5 : 44 , 6 : 20 , total : 356.0/721:0.49
2018-04-22 18:52:38,026 - KadNode9 - INFO - 0 : 105 , 1 : 95 , 2 : 1 , 3 : 20 , 4 : 71 , 5 : 44 , 6 : 20 , total : 356.0/721:0.49
2018-04-22 18:52:57,973 - KadNode9 - DEBUG - ===========Churn===========
2018-04-22 18:52:58,026 - KadNode9 - INFO - 0 : 41 , 1 : 9 , 2 : 51 , 3 : 11 , 4 : 65 , 5 : 66 , 6 : 71 , total : 314.0/721:0.44
2018-04-22 18:53:18,028 - KadNode9 - INFO - 0 : 41 , 1 : 9 , 2 : 51 , 3 : 11 , 4 : 65 , 5 : 66 , 6 : 71 , total : 314.0/721:0.44
2018-04-22 18:53:38,030 - KadNode9 - INFO - 0 : 41 , 1 : 9 , 2 : 51 , 3 : 11 , 4 : 65 , 5 : 66 , 6 : 71 , total : 314.0/721:0.44
2018-04-22 18:53:58,030 - KadNode9 - INFO - 0 : 41 , 1 : 9 , 2 : 51 , 3 : 11 , 4 : 65 , 5 : 66 , 6 : 71 , total : 314.0/721:0.44
2018-04-22 18:54:18,033 - KadNode9 - INFO - 0 : 41 , 1 : 9 , 2 : 51 , 3 : 11 , 4 : 65 , 5 : 66 , 6 : 71 , total : 314.0/721:0.44
2018-04-22 18:54:38,033 - KadNode9 - INFO - 0 : 41 , 1 : 9 , 2 : 51 , 3 : 11 , 4 : 65 , 5 : 66 , 6 : 71 , total : 314.0/721:0.44
2018-04-22 18:54:58,033 - KadNode9 - INFO - 0 : 41 , 1 : 9 , 2 : 51 , 3 : 11 , 4 : 65 , 5 : 66 , 6 : 71 , total : 314.0/721:0.44
2018-04-22 18:55:18,033 - KadNode9 - INFO - 0 : 41 , 1 : 9 , 2 : 51 , 3 : 11 , 4 : 65 , 5 : 66 , 6 : 71 , total : 314.0/721:0.44
2018-04-22 18:55:38,036 - KadNode9 - INFO - 0 : 41 , 1 : 9 , 2 : 51 , 3 : 11 , 4 : 65 , 5 : 66 , 6 : 71 , total : 314.0/721:0.44
2018-04-22 18:55:57,976 - KadNode9 - DEBUG - ===========Churn===========
2018-04-22 18:55:58,036 - KadNode9 - INFO - 0 : 99 , 1 : 30 , 2 : 66 , 3 : 4 , 4 : 19 , 5 : 33 , 6 : 12 , total : 263.0/721:0.36
2018-04-22 18:56:03,006 - KadNode9 - DEBUG - Compensate to node0 load 66
2018-04-22 18:56:18,039 - KadNode9 - INFO - 0 : 99 , 1 : 30 , 2 : 66 , 3 : 4 , 4 : 19 , 5 : 33 , 6 : 12 , 7 : 123 , total : 386.0/721:0.54
2018-04-22 18:56:38,039 - KadNode9 - INFO - 0 : 99 , 1 : 30 , 2 : 66 , 3 : 4 , 4 : 19 , 5 : 33 , 6 : 12 , 7 : 123 , total : 386.0/721:0.54
2018-04-22 18:56:58,042 - KadNode9 - INFO - 0 : 99 , 1 : 30 , 2 : 66 , 3 : 4 , 4 : 19 , 5 : 33 , 6 : 12 , 7 : 123 , total : 386.0/721:0.54
2018-04-22 18:57:18,043 - KadNode9 - INFO - 0 : 99 , 1 : 30 , 2 : 66 , 3 : 4 , 4 : 19 , 5 : 33 , 6 : 12 , 7 : 123 , total : 386.0/721:0.54
2018-04-22 18:57:38,296 - KadNode9 - INFO - 0 : 99 , 1 : 30 , 2 : 66 , 3 : 4 , 4 : 19 , 5 : 33 , 6 : 12 , 7 : 123 , total : 386.0/721:0.54
2018-04-22 18:57:58,298 - KadNode9 - INFO - 0 : 99 , 1 : 30 , 2 : 66 , 3 : 4 , 4 : 19 , 5 : 33 , 6 : 12 , 7 : 123 , total : 386.0/721:0.54
2018-04-22 18:58:18,299 - KadNode9 - INFO - 0 : 99 , 1 : 30 , 2 : 66 , 3 : 4 , 4 : 19 , 5 : 33 , 6 : 12 , 7 : 123 , total : 386.0/721:0.54
2018-04-22 18:58:38,299 - KadNode9 - INFO - 0 : 99 , 1 : 30 , 2 : 66 , 3 : 4 , 4 : 19 , 5 : 33 , 6 : 12 , 7 : 123 , total : 386.0/721:0.54
2018-04-22 18:58:57,993 - KadNode9 - DEBUG - ===========Churn===========
2018-04-22 18:58:58,299 - KadNode9 - INFO - 0 : 46 , 1 : 2 , 2 : 90 , 3 : 84 , 4 : 23 , 5 : 66 , 6 : 61 , 7 : 77 , total : 449.0/721:0.62
2018-04-22 18:59:18,299 - KadNode9 - INFO - 0 : 46 , 1 : 2 , 2 : 90 , 3 : 84 , 4 : 23 , 5 : 66 , 6 : 61 , 7 : 77 , total : 449.0/721:0.62
2018-04-22 18:59:23,026 - KadNode9 - DEBUG - Compensate to node1 load 46
2018-04-22 18:59:38,299 - KadNode9 - INFO - 0 : 46 , 1 : 2 , 2 : 90 , 3 : 84 , 4 : 23 , 5 : 66 , 6 : 61 , 7 : 77 , 8 : 59 , 9 : 62 , total : 570.0/721:0.79
2018-04-22 18:59:43,029 - KadNode9 - DEBUG - Transfer to node8 load 115
2018-04-22 18:59:58,299 - KadNode9 - INFO - 0 : 46 , 1 : 2 , 3 : 84 , 4 : 23 , 5 : 66 , 6 : 61 , 7 : 77 , 8 : 59 , 9 : 62 , total : 480.0/721:0.67
2018-04-22 19:00:03,032 - KadNode9 - DEBUG - Transfer to node7 load 15
2018-04-22 19:00:03,032 - KadNode9 - DEBUG - Transfer to node6 load 24
2018-04-22 19:00:18,302 - KadNode9 - INFO - 0 : 46 , 3 : 84 , 5 : 66 , 6 : 61 , 7 : 77 , 8 : 59 , 9 : 62 , total : 455.0/721:0.63
2018-04-22 19:00:38,302 - KadNode9 - INFO - 0 : 46 , 3 : 84 , 5 : 66 , 6 : 61 , 7 : 77 , 8 : 59 , 9 : 62 , 10 : 46 , 11 : 2 , total : 503.0/721:0.70
2018-04-22 19:00:43,036 - KadNode9 - DEBUG - Transfer to node8 load 48
2018-04-22 19:00:58,303 - KadNode9 - INFO - 3 : 84 , 5 : 66 , 6 : 61 , 7 : 77 , 8 : 59 , 9 : 62 , 10 : 46 , 11 : 2 , total : 457.0/721:0.63
2018-04-22 19:01:03,039 - KadNode9 - DEBUG - Transfer to node6 load 1
2018-04-22 19:01:18,303 - KadNode9 - INFO - 3 : 84 , 5 : 66 , 6 : 61 , 7 : 77 , 8 : 59 , 9 : 62 , 10 : 46 , total : 455.0/721:0.63
2018-04-22 19:01:38,303 - KadNode9 - INFO - 3 : 84 , 5 : 66 , 6 : 61 , 7 : 77 , 8 : 59 , 9 : 62 , 10 : 46 , 12 : 27 , total : 482.0/721:0.67
2018-04-22 19:01:43,040 - KadNode9 - DEBUG - Transfer to node8 load 25
2018-04-22 19:01:57,997 - KadNode9 - DEBUG - ===========Churn===========
2018-04-22 19:01:58,303 - KadNode9 - INFO - 3 : 94 , 5 : 57 , 6 : 3 , 7 : 45 , 8 : 59 , 9 : 53 , 10 : 10 , total : 321.0/721:0.45
2018-04-22 19:02:18,303 - KadNode9 - INFO - 3 : 94 , 5 : 57 , 6 : 3 , 7 : 45 , 8 : 59 , 9 : 53 , 10 : 10 , total : 321.0/721:0.45
2018-04-22 19:02:38,303 - KadNode9 - INFO - 3 : 94 , 5 : 57 , 6 : 3 , 7 : 45 , 8 : 59 , 9 : 53 , 10 : 10 , total : 321.0/721:0.45
2018-04-22 19:02:58,303 - KadNode9 - INFO - 3 : 94 , 5 : 57 , 6 : 3 , 7 : 45 , 8 : 59 , 9 : 53 , 10 : 10 , total : 321.0/721:0.45
2018-04-22 19:03:18,305 - KadNode9 - INFO - 3 : 94 , 5 : 57 , 6 : 3 , 7 : 45 , 8 : 59 , 9 : 53 , 10 : 10 , total : 321.0/721:0.45
2018-04-22 19:03:38,305 - KadNode9 - INFO - 3 : 94 , 5 : 57 , 6 : 3 , 7 : 45 , 8 : 59 , 9 : 53 , 10 : 10 , total : 321.0/721:0.45
2018-04-22 19:03:58,305 - KadNode9 - INFO - 3 : 94 , 5 : 57 , 6 : 3 , 7 : 45 , 8 : 59 , 9 : 53 , 10 : 10 , total : 321.0/721:0.45
2018-04-22 19:04:18,308 - KadNode9 - INFO - 3 : 94 , 5 : 57 , 6 : 3 , 7 : 45 , 8 : 59 , 9 : 53 , 10 : 10 , total : 321.0/721:0.45
2018-04-22 19:04:38,309 - KadNode9 - INFO - 3 : 94 , 5 : 57 , 6 : 3 , 7 : 45 , 8 : 59 , 9 : 53 , 10 : 10 , total : 321.0/721:0.45
2018-04-22 19:04:57,997 - KadNode9 - DEBUG - ===========Churn===========
2018-04-22 19:04:58,309 - KadNode9 - INFO - 3 : 56 , 5 : 6 , 6 : 36 , 7 : 97 , 8 : 98 , 9 : 98 , 10 : 5 , total : 396.0/721:0.55
2018-04-22 19:05:18,309 - KadNode9 - INFO - 3 : 56 , 5 : 6 , 6 : 36 , 7 : 97 , 8 : 98 , 9 : 98 , 10 : 5 , 13 : 64 , total : 460.0/721:0.64
2018-04-22 19:05:38,309 - KadNode9 - INFO - 3 : 56 , 5 : 6 , 6 : 36 , 7 : 97 , 8 : 98 , 9 : 98 , 10 : 5 , 13 : 64 , total : 460.0/721:0.64
2018-04-22 19:05:43,063 - KadNode9 - DEBUG - Transfer to node6 load 1
2018-04-22 19:05:58,312 - KadNode9 - INFO - 3 : 56 , 5 : 6 , 6 : 36 , 7 : 97 , 8 : 98 , 9 : 98 , 13 : 64 , total : 455.0/721:0.63
2018-04-22 19:06:18,312 - KadNode9 - INFO - 3 : 56 , 5 : 6 , 6 : 36 , 7 : 97 , 8 : 98 , 9 : 98 , 13 : 64 , total : 455.0/721:0.63
2018-04-22 19:06:38,312 - KadNode9 - INFO - 3 : 56 , 5 : 6 , 6 : 36 , 7 : 97 , 8 : 98 , 9 : 98 , 13 : 64 , 14 : 22 , 15 : 6 , total : 483.0/721:0.67
2018-04-22 19:06:43,071 - KadNode9 - DEBUG - Transfer to node6 load 28
2018-04-22 19:06:58,313 - KadNode9 - INFO - 3 : 56 , 5 : 6 , 6 : 36 , 7 : 97 , 8 : 98 , 9 : 98 , 13 : 64 , 15 : 6 , total : 461.0/721:0.64
2018-04-22 19:07:03,073 - KadNode9 - DEBUG - Transfer to node8 load 4
2018-04-22 19:07:18,313 - KadNode9 - INFO - 3 : 56 , 6 : 36 , 7 : 97 , 8 : 98 , 9 : 98 , 13 : 64 , 15 : 6 , total : 455.0/721:0.63
2018-04-22 19:07:38,313 - KadNode9 - INFO - 3 : 56 , 6 : 36 , 7 : 97 , 8 : 98 , 9 : 98 , 13 : 64 , 15 : 6 , 16 : 6 , total : 461.0/721:0.64
2018-04-22 19:07:43,078 - KadNode9 - DEBUG - Transfer to node8 load 4
2018-04-22 19:07:57,999 - KadNode9 - DEBUG - ===========Churn===========
2018-04-22 19:07:58,313 - KadNode9 - INFO - 3 : 73 , 6 : 58 , 7 : 29 , 8 : 40 , 9 : 68 , 13 : 7 , 16 : 25 , total : 300.0/721:0.42
2018-04-22 19:08:03,079 - KadNode9 - DEBUG - Compensate to node1 load 14
2018-04-22 19:08:03,079 - KadNode9 - DEBUG - Compensate to node7 load 29
2018-04-22 19:08:03,079 - KadNode9 - DEBUG - Compensate to node5 load 40
2018-04-22 19:08:18,313 - KadNode9 - INFO - 3 : 73 , 6 : 58 , 7 : 29 , 8 : 40 , 9 : 68 , 13 : 7 , 16 : 25 , 17 : 14 , 18 : 26 , 19 : 39 , 20 : 47 , total : 426.0/721:0.59
2018-04-22 19:08:38,313 - KadNode9 - INFO - 3 : 73 , 6 : 58 , 7 : 29 , 8 : 40 , 9 : 68 , 13 : 7 , 16 : 25 , 17 : 14 , 18 : 26 , 19 : 39 , 20 : 47 , total : 426.0/721:0.59
2018-04-22 19:08:58,313 - KadNode9 - INFO - 3 : 73 , 6 : 58 , 7 : 29 , 8 : 40 , 9 : 68 , 13 : 7 , 16 : 25 , 17 : 14 , 18 : 26 , 19 : 39 , 20 : 47 , total : 426.0/721:0.59
2018-04-22 19:09:18,313 - KadNode9 - INFO - 3 : 73 , 6 : 58 , 7 : 29 , 8 : 40 , 9 : 68 , 13 : 7 , 16 : 25 , 17 : 14 , 18 : 26 , 19 : 39 , 20 : 47 , total : 426.0/721:0.59
2018-04-22 19:09:38,313 - KadNode9 - INFO - 3 : 73 , 6 : 58 , 7 : 29 , 8 : 40 , 9 : 68 , 13 : 7 , 16 : 25 , 17 : 14 , 18 : 26 , 19 : 39 , 20 : 47 , total : 426.0/721:0.59
2018-04-22 19:09:58,313 - KadNode9 - INFO - 3 : 73 , 6 : 58 , 7 : 29 , 8 : 40 , 9 : 68 , 13 : 7 , 16 : 25 , 17 : 14 , 18 : 26 , 19 : 39 , 20 : 47 , total : 426.0/721:0.59
2018-04-22 19:10:18,313 - KadNode9 - INFO - 3 : 73 , 6 : 58 , 7 : 29 , 8 : 40 , 9 : 68 , 13 : 7 , 16 : 25 , 17 : 14 , 18 : 26 , 19 : 39 , 20 : 47 , total : 426.0/721:0.59
2018-04-22 19:10:38,315 - KadNode9 - INFO - 3 : 73 , 6 : 58 , 7 : 29 , 8 : 40 , 9 : 68 , 13 : 7 , 16 : 25 , 17 : 14 , 18 : 26 , 19 : 39 , 20 : 47 , total : 426.0/721:0.59
2018-04-22 19:10:58,003 - KadNode9 - DEBUG - ===========Churn===========
2018-04-22 19:10:58,316 - KadNode9 - INFO - 3 : 35 , 6 : 20 , 7 : 14 , 8 : 62 , 9 : 34 , 13 : 6 , 16 : 19 , 17 : 16 , 18 : 62 , 19 : 26 , 20 : 63 , total : 357.0/721:0.50
2018-04-22 19:11:18,316 - KadNode9 - INFO - 3 : 35 , 6 : 20 , 7 : 14 , 8 : 62 , 9 : 34 , 13 : 6 , 16 : 19 , 17 : 16 , 18 : 62 , 19 : 26 , 20 : 63 , 21 : 16 , total : 373.0/721:0.52
2018-04-22 19:11:38,316 - KadNode9 - INFO - 3 : 35 , 6 : 20 , 7 : 14 , 8 : 62 , 9 : 34 , 13 : 6 , 16 : 19 , 17 : 16 , 18 : 62 , 19 : 26 , 20 : 63 , 21 : 16 , total : 373.0/721:0.52
2018-04-22 19:11:58,316 - KadNode9 - INFO - 3 : 35 , 6 : 20 , 7 : 14 , 8 : 62 , 9 : 34 , 13 : 6 , 16 : 19 , 17 : 16 , 18 : 62 , 19 : 26 , 20 : 63 , 21 : 16 , 22 : 14 , total : 387.0/721:0.54
2018-04-22 19:12:18,318 - KadNode9 - INFO - 3 : 35 , 6 : 20 , 7 : 14 , 8 : 62 , 9 : 34 , 13 : 6 , 16 : 19 , 17 : 16 , 18 : 62 , 19 : 26 , 20 : 63 , 21 : 16 , 22 : 14 , 23 : 5 , total : 392.0/721:0.54
2018-04-22 19:12:38,319 - KadNode9 - INFO - 3 : 35 , 6 : 20 , 7 : 14 , 8 : 62 , 9 : 34 , 13 : 6 , 16 : 19 , 17 : 16 , 18 : 62 , 19 : 26 , 20 : 63 , 21 : 16 , 22 : 14 , 23 : 5 , 24 : 3 , total : 395.0/721:0.55
2018-04-22 19:12:43,105 - KadNode9 - DEBUG - Compensate to node2 load 35
2018-04-22 19:12:58,319 - KadNode9 - INFO - 3 : 35 , 6 : 20 , 7 : 14 , 8 : 62 , 9 : 34 , 13 : 6 , 16 : 19 , 17 : 16 , 18 : 62 , 19 : 26 , 20 : 63 , 21 : 16 , 22 : 14 , 23 : 5 , 24 : 3 , 25 : 60 , total : 455.0/721:0.63
2018-04-22 19:13:03,107 - KadNode9 - DEBUG - Transfer to node8 load 4
