2018-04-22 18:46:57,960 - KadNode4 - DEBUG - ===========Churn===========
2018-04-22 18:46:57,960 - KadNode4 - INFO - 0 : 82 , 1 : 131 , 2 : 36 , 3 : 3 , 4 : 33 , 5 : 119 , 6 : 118 , 7 : 42 , 8 : 135 , 9 : 102 , 10 : 135 , total : 936.0/1804:0.52
2018-04-22 18:47:17,961 - KadNode4 - INFO - 0 : 82 , 1 : 131 , 2 : 36 , 3 : 3 , 4 : 33 , 5 : 119 , 6 : 118 , 7 : 42 , 8 : 135 , 9 : 102 , 10 : 135 , total : 936.0/1804:0.52
2018-04-22 18:47:37,964 - KadNode4 - INFO - 0 : 82 , 1 : 131 , 2 : 36 , 3 : 3 , 4 : 33 , 5 : 119 , 6 : 118 , 7 : 42 , 8 : 135 , 9 : 102 , 10 : 135 , total : 936.0/1804:0.52
2018-04-22 18:47:57,977 - KadNode4 - INFO - 0 : 82 , 1 : 131 , 2 : 36 , 3 : 3 , 4 : 33 , 5 : 119 , 6 : 118 , 7 : 42 , 8 : 135 , 9 : 102 , 10 : 135 , total : 936.0/1804:0.52
2018-04-22 18:48:17,990 - KadNode4 - INFO - 0 : 82 , 1 : 131 , 2 : 36 , 3 : 3 , 4 : 33 , 5 : 119 , 6 : 118 , 7 : 42 , 8 : 135 , 9 : 102 , 10 : 135 , total : 936.0/1804:0.52
2018-04-22 18:48:37,992 - KadNode4 - INFO - 0 : 82 , 1 : 131 , 2 : 36 , 3 : 3 , 4 : 33 , 5 : 119 , 6 : 118 , 7 : 42 , 8 : 135 , 9 : 102 , 10 : 135 , total : 936.0/1804:0.52
2018-04-22 18:48:57,994 - KadNode4 - INFO - 0 : 82 , 1 : 131 , 2 : 36 , 3 : 3 , 4 : 33 , 5 : 119 , 6 : 118 , 7 : 42 , 8 : 135 , 9 : 102 , 10 : 135 , total : 936.0/1804:0.52
2018-04-22 18:49:18,003 - KadNode4 - INFO - 0 : 82 , 1 : 131 , 2 : 36 , 3 : 3 , 4 : 33 , 5 : 119 , 6 : 118 , 7 : 42 , 8 : 135 , 9 : 102 , 10 : 135 , total : 936.0/1804:0.52
2018-04-22 18:49:38,009 - KadNode4 - INFO - 0 : 82 , 1 : 131 , 2 : 36 , 3 : 3 , 4 : 33 , 5 : 119 , 6 : 118 , 7 : 42 , 8 : 135 , 9 : 102 , 10 : 135 , total : 936.0/1804:0.52
2018-04-22 18:49:57,961 - KadNode4 - DEBUG - ===========Churn===========
2018-04-22 18:49:58,016 - KadNode4 - INFO - 0 : 24 , 1 : 100 , 2 : 2 , 3 : 123 , 4 : 55 , 5 : 143 , 6 : 95 , 7 : 34 , 8 : 135 , 9 : 108 , 10 : 19 , total : 838.0/1804:0.46
2018-04-22 18:50:18,019 - KadNode4 - INFO - 0 : 24 , 1 : 100 , 2 : 2 , 3 : 123 , 4 : 55 , 5 : 143 , 6 : 95 , 7 : 34 , 8 : 135 , 9 : 108 , 10 : 19 , total : 838.0/1804:0.46
2018-04-22 18:50:38,019 - KadNode4 - INFO - 0 : 24 , 1 : 100 , 2 : 2 , 3 : 123 , 4 : 55 , 5 : 143 , 6 : 95 , 7 : 34 , 8 : 135 , 9 : 108 , 10 : 19 , total : 838.0/1804:0.46
2018-04-22 18:50:58,022 - KadNode4 - INFO - 0 : 24 , 1 : 100 , 2 : 2 , 3 : 123 , 4 : 55 , 5 : 143 , 6 : 95 , 7 : 34 , 8 : 135 , 9 : 108 , 10 : 19 , total : 838.0/1804:0.46
2018-04-22 18:51:18,026 - KadNode4 - INFO - 0 : 24 , 1 : 100 , 2 : 2 , 3 : 123 , 4 : 55 , 5 : 143 , 6 : 95 , 7 : 34 , 8 : 135 , 9 : 108 , 10 : 19 , total : 838.0/1804:0.46
2018-04-22 18:51:38,029 - KadNode4 - INFO - 0 : 24 , 1 : 100 , 2 : 2 , 3 : 123 , 4 : 55 , 5 : 143 , 6 : 95 , 7 : 34 , 8 : 135 , 9 : 108 , 10 : 19 , total : 838.0/1804:0.46
2018-04-22 18:51:58,032 - KadNode4 - INFO - 0 : 24 , 1 : 100 , 2 : 2 , 3 : 123 , 4 : 55 , 5 : 143 , 6 : 95 , 7 : 34 , 8 : 135 , 9 : 108 , 10 : 19 , total : 838.0/1804:0.46
2018-04-22 18:52:18,032 - KadNode4 - INFO - 0 : 24 , 1 : 100 , 2 : 2 , 3 : 123 , 4 : 55 , 5 : 143 , 6 : 95 , 7 : 34 , 8 : 135 , 9 : 108 , 10 : 19 , total : 838.0/1804:0.46
2018-04-22 18:52:38,033 - KadNode4 - INFO - 0 : 24 , 1 : 100 , 2 : 2 , 3 : 123 , 4 : 55 , 5 : 143 , 6 : 95 , 7 : 34 , 8 : 135 , 9 : 108 , 10 : 19 , total : 838.0/1804:0.46
2018-04-22 18:52:57,971 - KadNode4 - DEBUG - ===========Churn===========
2018-04-22 18:52:58,035 - KadNode4 - INFO - 0 : 164 , 1 : 4 , 2 : 46 , 3 : 79 , 4 : 150 , 5 : 28 , 6 : 58 , 7 : 21 , 8 : 142 , 9 : 164 , 10 : 62 , total : 918.0/1804:0.51
2018-04-22 18:53:18,036 - KadNode4 - INFO - 0 : 164 , 1 : 4 , 2 : 46 , 3 : 79 , 4 : 150 , 5 : 28 , 6 : 58 , 7 : 21 , 8 : 142 , 9 : 164 , 10 : 62 , total : 918.0/1804:0.51
2018-04-22 18:53:38,036 - KadNode4 - INFO - 0 : 164 , 1 : 4 , 2 : 46 , 3 : 79 , 4 : 150 , 5 : 28 , 6 : 58 , 7 : 21 , 8 : 142 , 9 : 164 , 10 : 62 , total : 918.0/1804:0.51
2018-04-22 18:53:58,038 - KadNode4 - INFO - 0 : 164 , 1 : 4 , 2 : 46 , 3 : 79 , 4 : 150 , 5 : 28 , 6 : 58 , 7 : 21 , 8 : 142 , 9 : 164 , 10 : 62 , total : 918.0/1804:0.51
2018-04-22 18:54:18,042 - KadNode4 - INFO - 0 : 164 , 1 : 4 , 2 : 46 , 3 : 79 , 4 : 150 , 5 : 28 , 6 : 58 , 7 : 21 , 8 : 142 , 9 : 164 , 10 : 62 , total : 918.0/1804:0.51
2018-04-22 18:54:38,042 - KadNode4 - INFO - 0 : 164 , 1 : 4 , 2 : 46 , 3 : 79 , 4 : 150 , 5 : 28 , 6 : 58 , 7 : 21 , 8 : 142 , 9 : 164 , 10 : 62 , total : 918.0/1804:0.51
2018-04-22 18:54:58,043 - KadNode4 - INFO - 0 : 164 , 1 : 4 , 2 : 46 , 3 : 79 , 4 : 150 , 5 : 28 , 6 : 58 , 7 : 21 , 8 : 142 , 9 : 164 , 10 : 62 , total : 918.0/1804:0.51
2018-04-22 18:55:18,043 - KadNode4 - INFO - 0 : 164 , 1 : 4 , 2 : 46 , 3 : 79 , 4 : 150 , 5 : 28 , 6 : 58 , 7 : 21 , 8 : 142 , 9 : 164 , 10 : 62 , total : 918.0/1804:0.51
2018-04-22 18:55:38,046 - KadNode4 - INFO - 0 : 164 , 1 : 4 , 2 : 46 , 3 : 79 , 4 : 150 , 5 : 28 , 6 : 58 , 7 : 21 , 8 : 142 , 9 : 164 , 10 : 62 , total : 918.0/1804:0.51
2018-04-22 18:55:57,973 - KadNode4 - DEBUG - ===========Churn===========
2018-04-22 18:55:58,046 - KadNode4 - INFO - 0 : 18 , 1 : 158 , 2 : 53 , 3 : 64 , 4 : 132 , 5 : 15 , 6 : 14 , 7 : 58 , 8 : 76 , 9 : 4 , 10 : 137 , total : 729.0/1804:0.40
2018-04-22 18:56:03,006 - KadNode4 - DEBUG - Compensate to node0 load 18
2018-04-22 18:56:18,049 - KadNode4 - INFO - 0 : 18 , 1 : 158 , 2 : 53 , 3 : 64 , 4 : 132 , 5 : 15 , 6 : 14 , 7 : 58 , 8 : 76 , 9 : 4 , 10 : 137 , 11 : 66 , total : 795.0/1804:0.44
2018-04-22 18:56:38,049 - KadNode4 - INFO - 0 : 18 , 1 : 158 , 2 : 53 , 3 : 64 , 4 : 132 , 5 : 15 , 6 : 14 , 7 : 58 , 8 : 76 , 9 : 4 , 10 : 137 , 11 : 66 , total : 795.0/1804:0.44
2018-04-22 18:56:58,052 - KadNode4 - INFO - 0 : 18 , 1 : 158 , 2 : 53 , 3 : 64 , 4 : 132 , 5 : 15 , 6 : 14 , 7 : 58 , 8 : 76 , 9 : 4 , 10 : 137 , 11 : 66 , total : 795.0/1804:0.44
2018-04-22 18:57:18,053 - KadNode4 - INFO - 0 : 18 , 1 : 158 , 2 : 53 , 3 : 64 , 4 : 132 , 5 : 15 , 6 : 14 , 7 : 58 , 8 : 76 , 9 : 4 , 10 : 137 , 11 : 66 , total : 795.0/1804:0.44
2018-04-22 18:57:38,053 - KadNode4 - INFO - 0 : 18 , 1 : 158 , 2 : 53 , 3 : 64 , 4 : 132 , 5 : 15 , 6 : 14 , 7 : 58 , 8 : 76 , 9 : 4 , 10 : 137 , 11 : 66 , total : 795.0/1804:0.44
2018-04-22 18:57:58,055 - KadNode4 - INFO - 0 : 18 , 1 : 158 , 2 : 53 , 3 : 64 , 4 : 132 , 5 : 15 , 6 : 14 , 7 : 58 , 8 : 76 , 9 : 4 , 10 : 137 , 11 : 66 , total : 795.0/1804:0.44
2018-04-22 18:58:18,056 - KadNode4 - INFO - 0 : 18 , 1 : 158 , 2 : 53 , 3 : 64 , 4 : 132 , 5 : 15 , 6 : 14 , 7 : 58 , 8 : 76 , 9 : 4 , 10 : 137 , 11 : 66 , total : 795.0/1804:0.44
2018-04-22 18:58:38,059 - KadNode4 - INFO - 0 : 18 , 1 : 158 , 2 : 53 , 3 : 64 , 4 : 132 , 5 : 15 , 6 : 14 , 7 : 58 , 8 : 76 , 9 : 4 , 10 : 137 , 11 : 66 , total : 795.0/1804:0.44
2018-04-22 18:58:57,986 - KadNode4 - DEBUG - ===========Churn===========
2018-04-22 18:58:58,062 - KadNode4 - INFO - 0 : 73 , 1 : 25 , 2 : 106 , 3 : 30 , 4 : 3 , 5 : 137 , 6 : 15 , 7 : 32 , 8 : 139 , 9 : 127 , 10 : 70 , 11 : 56 , total : 813.0/1804:0.45
2018-04-22 18:59:18,063 - KadNode4 - INFO - 0 : 73 , 1 : 25 , 2 : 106 , 3 : 30 , 4 : 3 , 5 : 137 , 6 : 15 , 7 : 32 , 8 : 139 , 9 : 127 , 10 : 70 , 11 : 56 , total : 813.0/1804:0.45
2018-04-22 18:59:38,065 - KadNode4 - INFO - 0 : 73 , 1 : 25 , 2 : 106 , 3 : 30 , 4 : 3 , 5 : 137 , 6 : 15 , 7 : 32 , 8 : 139 , 9 : 127 , 10 : 70 , 11 : 56 , total : 813.0/1804:0.45
2018-04-22 18:59:58,066 - KadNode4 - INFO - 0 : 73 , 1 : 25 , 2 : 106 , 3 : 30 , 4 : 3 , 5 : 137 , 6 : 15 , 7 : 32 , 8 : 139 , 9 : 127 , 10 : 70 , 11 : 56 , total : 813.0/1804:0.45
2018-04-22 19:00:18,071 - KadNode4 - INFO - 0 : 73 , 1 : 25 , 2 : 106 , 3 : 30 , 4 : 3 , 5 : 137 , 6 : 15 , 7 : 32 , 8 : 139 , 9 : 127 , 10 : 70 , 11 : 56 , total : 813.0/1804:0.45
2018-04-22 19:00:38,073 - KadNode4 - INFO - 0 : 73 , 1 : 25 , 2 : 106 , 3 : 30 , 4 : 3 , 5 : 137 , 6 : 15 , 7 : 32 , 8 : 139 , 9 : 127 , 10 : 70 , 11 : 56 , total : 813.0/1804:0.45
2018-04-22 19:00:58,076 - KadNode4 - INFO - 0 : 73 , 1 : 25 , 2 : 106 , 3 : 30 , 4 : 3 , 5 : 137 , 6 : 15 , 7 : 32 , 8 : 139 , 9 : 127 , 10 : 70 , 11 : 56 , total : 813.0/1804:0.45
2018-04-22 19:01:18,078 - KadNode4 - INFO - 0 : 73 , 1 : 25 , 2 : 106 , 3 : 30 , 4 : 3 , 5 : 137 , 6 : 15 , 7 : 32 , 8 : 139 , 9 : 127 , 10 : 70 , 11 : 56 , total : 813.0/1804:0.45
2018-04-22 19:01:38,079 - KadNode4 - INFO - 0 : 73 , 1 : 25 , 2 : 106 , 3 : 30 , 4 : 3 , 5 : 137 , 6 : 15 , 7 : 32 , 8 : 139 , 9 : 127 , 10 : 70 , 11 : 56 , total : 813.0/1804:0.45
2018-04-22 19:01:57,986 - KadNode4 - DEBUG - ===========Churn===========
2018-04-22 19:01:58,082 - KadNode4 - INFO - 0 : 8 , 1 : 141 , 2 : 67 , 3 : 65 , 4 : 54 , 5 : 60 , 6 : 106 , 7 : 107 , 8 : 43 , 9 : 90 , 10 : 149 , 11 : 123 , total : 1013.0/1804:0.56
2018-04-22 19:02:18,082 - KadNode4 - INFO - 0 : 8 , 1 : 141 , 2 : 67 , 3 : 65 , 4 : 54 , 5 : 60 , 6 : 106 , 7 : 107 , 8 : 43 , 9 : 90 , 10 : 149 , 11 : 123 , total : 1013.0/1804:0.56
2018-04-22 19:02:38,086 - KadNode4 - INFO - 0 : 8 , 1 : 141 , 2 : 67 , 3 : 65 , 4 : 54 , 5 : 60 , 6 : 106 , 7 : 107 , 8 : 43 , 9 : 90 , 10 : 149 , 11 : 123 , total : 1013.0/1804:0.56
2018-04-22 19:02:58,088 - KadNode4 - INFO - 0 : 8 , 1 : 141 , 2 : 67 , 3 : 65 , 4 : 54 , 5 : 60 , 6 : 106 , 7 : 107 , 8 : 43 , 9 : 90 , 10 : 149 , 11 : 123 , total : 1013.0/1804:0.56
2018-04-22 19:03:18,089 - KadNode4 - INFO - 0 : 8 , 1 : 141 , 2 : 67 , 3 : 65 , 4 : 54 , 5 : 60 , 6 : 106 , 7 : 107 , 8 : 43 , 9 : 90 , 10 : 149 , 11 : 123 , total : 1013.0/1804:0.56
2018-04-22 19:03:38,095 - KadNode4 - INFO - 0 : 8 , 1 : 141 , 2 : 67 , 3 : 65 , 4 : 54 , 5 : 60 , 6 : 106 , 7 : 107 , 8 : 43 , 9 : 90 , 10 : 149 , 11 : 123 , total : 1013.0/1804:0.56
2018-04-22 19:03:58,098 - KadNode4 - INFO - 0 : 8 , 1 : 141 , 2 : 67 , 3 : 65 , 4 : 54 , 5 : 60 , 6 : 106 , 7 : 107 , 8 : 43 , 9 : 90 , 10 : 149 , 11 : 123 , total : 1013.0/1804:0.56
2018-04-22 19:04:18,098 - KadNode4 - INFO - 0 : 8 , 1 : 141 , 2 : 67 , 3 : 65 , 4 : 54 , 5 : 60 , 6 : 106 , 7 : 107 , 8 : 43 , 9 : 90 , 10 : 149 , 11 : 123 , total : 1013.0/1804:0.56
2018-04-22 19:04:38,099 - KadNode4 - INFO - 0 : 8 , 1 : 141 , 2 : 67 , 3 : 65 , 4 : 54 , 5 : 60 , 6 : 106 , 7 : 107 , 8 : 43 , 9 : 90 , 10 : 149 , 11 : 123 , total : 1013.0/1804:0.56
2018-04-22 19:04:57,986 - KadNode4 - DEBUG - ===========Churn===========
2018-04-22 19:04:58,101 - KadNode4 - INFO - 0 : 91 , 1 : 55 , 2 : 40 , 3 : 88 , 4 : 1 , 5 : 126 , 6 : 65 , 7 : 90 , 8 : 133 , 9 : 27 , 10 : 110 , 11 : 2 , total : 828.0/1804:0.46
2018-04-22 19:05:18,102 - KadNode4 - INFO - 0 : 91 , 1 : 55 , 2 : 40 , 3 : 88 , 4 : 1 , 5 : 126 , 6 : 65 , 7 : 90 , 8 : 133 , 9 : 27 , 10 : 110 , 11 : 2 , total : 828.0/1804:0.46
2018-04-22 19:05:38,105 - KadNode4 - INFO - 0 : 91 , 1 : 55 , 2 : 40 , 3 : 88 , 4 : 1 , 5 : 126 , 6 : 65 , 7 : 90 , 8 : 133 , 9 : 27 , 10 : 110 , 11 : 2 , total : 828.0/1804:0.46
2018-04-22 19:05:58,105 - KadNode4 - INFO - 0 : 91 , 1 : 55 , 2 : 40 , 3 : 88 , 4 : 1 , 5 : 126 , 6 : 65 , 7 : 90 , 8 : 133 , 9 : 27 , 10 : 110 , 11 : 2 , total : 828.0/1804:0.46
2018-04-22 19:06:18,105 - KadNode4 - INFO - 0 : 91 , 1 : 55 , 2 : 40 , 3 : 88 , 4 : 1 , 5 : 126 , 6 : 65 , 7 : 90 , 8 : 133 , 9 : 27 , 10 : 110 , 11 : 2 , total : 828.0/1804:0.46
2018-04-22 19:06:38,108 - KadNode4 - INFO - 0 : 91 , 1 : 55 , 2 : 40 , 3 : 88 , 4 : 1 , 5 : 126 , 6 : 65 , 7 : 90 , 8 : 133 , 9 : 27 , 10 : 110 , 11 : 2 , total : 828.0/1804:0.46
2018-04-22 19:06:58,109 - KadNode4 - INFO - 0 : 91 , 1 : 55 , 2 : 40 , 3 : 88 , 4 : 1 , 5 : 126 , 6 : 65 , 7 : 90 , 8 : 133 , 9 : 27 , 10 : 110 , 11 : 2 , total : 828.0/1804:0.46
2018-04-22 19:07:18,111 - KadNode4 - INFO - 0 : 91 , 1 : 55 , 2 : 40 , 3 : 88 , 4 : 1 , 5 : 126 , 6 : 65 , 7 : 90 , 8 : 133 , 9 : 27 , 10 : 110 , 11 : 2 , total : 828.0/1804:0.46
2018-04-22 19:07:38,112 - KadNode4 - INFO - 0 : 91 , 1 : 55 , 2 : 40 , 3 : 88 , 4 : 1 , 5 : 126 , 6 : 65 , 7 : 90 , 8 : 133 , 9 : 27 , 10 : 110 , 11 : 2 , total : 828.0/1804:0.46
2018-04-22 19:07:57,986 - KadNode4 - DEBUG - ===========Churn===========
2018-04-22 19:07:58,114 - KadNode4 - INFO - 0 : 87 , 1 : 61 , 2 : 64 , 3 : 57 , 4 : 50 , 5 : 92 , 6 : 42 , 7 : 24 , 8 : 20 , 9 : 6 , 10 : 146 , 11 : 148 , total : 797.0/1804:0.44
2018-04-22 19:08:03,081 - KadNode4 - DEBUG - Compensate to node5 load 6
2018-04-22 19:08:18,115 - KadNode4 - INFO - 0 : 87 , 1 : 61 , 2 : 64 , 3 : 57 , 4 : 50 , 5 : 92 , 6 : 42 , 7 : 24 , 8 : 20 , 9 : 6 , 10 : 146 , 11 : 148 , 12 : 40 , total : 837.0/1804:0.46
2018-04-22 19:08:38,115 - KadNode4 - INFO - 0 : 87 , 1 : 61 , 2 : 64 , 3 : 57 , 4 : 50 , 5 : 92 , 6 : 42 , 7 : 24 , 8 : 20 , 9 : 6 , 10 : 146 , 11 : 148 , 12 : 40 , total : 837.0/1804:0.46
2018-04-22 19:08:58,118 - KadNode4 - INFO - 0 : 87 , 1 : 61 , 2 : 64 , 3 : 57 , 4 : 50 , 5 : 92 , 6 : 42 , 7 : 24 , 8 : 20 , 9 : 6 , 10 : 146 , 11 : 148 , 12 : 40 , total : 837.0/1804:0.46
2018-04-22 19:09:18,118 - KadNode4 - INFO - 0 : 87 , 1 : 61 , 2 : 64 , 3 : 57 , 4 : 50 , 5 : 92 , 6 : 42 , 7 : 24 , 8 : 20 , 9 : 6 , 10 : 146 , 11 : 148 , 12 : 40 , total : 837.0/1804:0.46
2018-04-22 19:09:38,119 - KadNode4 - INFO - 0 : 87 , 1 : 61 , 2 : 64 , 3 : 57 , 4 : 50 , 5 : 92 , 6 : 42 , 7 : 24 , 8 : 20 , 9 : 6 , 10 : 146 , 11 : 148 , 12 : 40 , total : 837.0/1804:0.46
2018-04-22 19:09:58,119 - KadNode4 - INFO - 0 : 87 , 1 : 61 , 2 : 64 , 3 : 57 , 4 : 50 , 5 : 92 , 6 : 42 , 7 : 24 , 8 : 20 , 9 : 6 , 10 : 146 , 11 : 148 , 12 : 40 , total : 837.0/1804:0.46
2018-04-22 19:10:18,119 - KadNode4 - INFO - 0 : 87 , 1 : 61 , 2 : 64 , 3 : 57 , 4 : 50 , 5 : 92 , 6 : 42 , 7 : 24 , 8 : 20 , 9 : 6 , 10 : 146 , 11 : 148 , 12 : 40 , total : 837.0/1804:0.46
2018-04-22 19:10:38,121 - KadNode4 - INFO - 0 : 87 , 1 : 61 , 2 : 64 , 3 : 57 , 4 : 50 , 5 : 92 , 6 : 42 , 7 : 24 , 8 : 20 , 9 : 6 , 10 : 146 , 11 : 148 , 12 : 40 , total : 837.0/1804:0.46
2018-04-22 19:10:57,990 - KadNode4 - DEBUG - ===========Churn===========
2018-04-22 19:10:58,125 - KadNode4 - INFO - 0 : 53 , 1 : 81 , 2 : 92 , 3 : 108 , 4 : 59 , 5 : 70 , 6 : 114 , 7 : 44 , 8 : 93 , 9 : 23 , 10 : 35 , 11 : 49 , 12 : 91 , total : 912.0/1804:0.51
2018-04-22 19:11:18,127 - KadNode4 - INFO - 0 : 53 , 1 : 81 , 2 : 92 , 3 : 108 , 4 : 59 , 5 : 70 , 6 : 114 , 7 : 44 , 8 : 93 , 9 : 23 , 10 : 35 , 11 : 49 , 12 : 91 , total : 912.0/1804:0.51
2018-04-22 19:11:38,127 - KadNode4 - INFO - 0 : 53 , 1 : 81 , 2 : 92 , 3 : 108 , 4 : 59 , 5 : 70 , 6 : 114 , 7 : 44 , 8 : 93 , 9 : 23 , 10 : 35 , 11 : 49 , 12 : 91 , total : 912.0/1804:0.51
2018-04-22 19:11:58,128 - KadNode4 - INFO - 0 : 53 , 1 : 81 , 2 : 92 , 3 : 108 , 4 : 59 , 5 : 70 , 6 : 114 , 7 : 44 , 8 : 93 , 9 : 23 , 10 : 35 , 11 : 49 , 12 : 91 , total : 912.0/1804:0.51
2018-04-22 19:12:18,131 - KadNode4 - INFO - 0 : 53 , 1 : 81 , 2 : 92 , 3 : 108 , 4 : 59 , 5 : 70 , 6 : 114 , 7 : 44 , 8 : 93 , 9 : 23 , 10 : 35 , 11 : 49 , 12 : 91 , total : 912.0/1804:0.51
2018-04-22 19:12:38,131 - KadNode4 - INFO - 0 : 53 , 1 : 81 , 2 : 92 , 3 : 108 , 4 : 59 , 5 : 70 , 6 : 114 , 7 : 44 , 8 : 93 , 9 : 23 , 10 : 35 , 11 : 49 , 12 : 91 , total : 912.0/1804:0.51
2018-04-22 19:12:58,131 - KadNode4 - INFO - 0 : 53 , 1 : 81 , 2 : 92 , 3 : 108 , 4 : 59 , 5 : 70 , 6 : 114 , 7 : 44 , 8 : 93 , 9 : 23 , 10 : 35 , 11 : 49 , 12 : 91 , total : 912.0/1804:0.51
