2018-04-22 18:46:57,957 - KadNode2 - DEBUG - ===========Churn===========
2018-04-22 18:46:57,957 - KadNode2 - INFO - 0 : 148 , 1 : 93 , 2 : 54 , 3 : 89 , total : 384.0/692:0.55
2018-04-22 18:47:17,960 - KadNode2 - INFO - 0 : 148 , 1 : 93 , 2 : 54 , 3 : 89 , total : 384.0/692:0.55
2018-04-22 18:47:37,960 - KadNode2 - INFO - 0 : 148 , 1 : 93 , 2 : 54 , 3 : 89 , total : 384.0/692:0.55
2018-04-22 18:47:57,970 - KadNode2 - INFO - 0 : 148 , 1 : 93 , 2 : 54 , 3 : 89 , total : 384.0/692:0.55
2018-04-22 18:48:17,970 - KadNode2 - INFO - 0 : 148 , 1 : 93 , 2 : 54 , 3 : 89 , total : 384.0/692:0.55
2018-04-22 18:48:37,971 - KadNode2 - INFO - 0 : 148 , 1 : 93 , 2 : 54 , 3 : 89 , total : 384.0/692:0.55
2018-04-22 18:48:57,971 - KadNode2 - INFO - 0 : 148 , 1 : 93 , 2 : 54 , 3 : 89 , total : 384.0/692:0.55
2018-04-22 18:49:17,973 - KadNode2 - INFO - 0 : 148 , 1 : 93 , 2 : 54 , 3 : 89 , total : 384.0/692:0.55
2018-04-22 18:49:37,973 - KadNode2 - INFO - 0 : 148 , 1 : 93 , 2 : 54 , 3 : 89 , total : 384.0/692:0.55
2018-04-22 18:49:57,959 - KadNode2 - DEBUG - ===========Churn===========
2018-04-22 18:49:57,974 - KadNode2 - INFO - 0 : 74 , 1 : 13 , 2 : 167 , 3 : 38 , total : 292.0/692:0.42
2018-04-22 18:50:02,977 - KadNode2 - DEBUG - Compensate to node0 load 74
2018-04-22 18:50:17,974 - KadNode2 - INFO - 0 : 74 , 1 : 13 , 2 : 167 , 3 : 38 , 4 : 102 , total : 394.0/692:0.57
2018-04-22 18:50:37,976 - KadNode2 - INFO - 0 : 74 , 1 : 13 , 2 : 167 , 3 : 38 , 4 : 102 , total : 394.0/692:0.57
2018-04-22 18:50:57,977 - KadNode2 - INFO - 0 : 74 , 1 : 13 , 2 : 167 , 3 : 38 , 4 : 102 , total : 394.0/692:0.57
2018-04-22 18:51:17,983 - KadNode2 - INFO - 0 : 74 , 1 : 13 , 2 : 167 , 3 : 38 , 4 : 102 , total : 394.0/692:0.57
2018-04-22 18:51:37,990 - KadNode2 - INFO - 0 : 74 , 1 : 13 , 2 : 167 , 3 : 38 , 4 : 102 , total : 394.0/692:0.57
2018-04-22 18:51:57,990 - KadNode2 - INFO - 0 : 74 , 1 : 13 , 2 : 167 , 3 : 38 , 4 : 102 , total : 394.0/692:0.57
2018-04-22 18:52:17,993 - KadNode2 - INFO - 0 : 74 , 1 : 13 , 2 : 167 , 3 : 38 , 4 : 102 , total : 394.0/692:0.57
2018-04-22 18:52:37,997 - KadNode2 - INFO - 0 : 74 , 1 : 13 , 2 : 167 , 3 : 38 , 4 : 102 , total : 394.0/692:0.57
2018-04-22 18:52:57,961 - KadNode2 - DEBUG - ===========Churn===========
2018-04-22 18:52:57,997 - KadNode2 - INFO - 0 : 84 , 1 : 100 , 2 : 33 , 3 : 95 , 4 : 9 , total : 321.0/692:0.46
2018-04-22 18:53:18,000 - KadNode2 - INFO - 0 : 84 , 1 : 100 , 2 : 33 , 3 : 95 , 4 : 9 , total : 321.0/692:0.46
2018-04-22 18:53:38,006 - KadNode2 - INFO - 0 : 84 , 1 : 100 , 2 : 33 , 3 : 95 , 4 : 9 , total : 321.0/692:0.46
2018-04-22 18:53:58,006 - KadNode2 - INFO - 0 : 84 , 1 : 100 , 2 : 33 , 3 : 95 , 4 : 9 , total : 321.0/692:0.46
2018-04-22 18:54:18,007 - KadNode2 - INFO - 0 : 84 , 1 : 100 , 2 : 33 , 3 : 95 , 4 : 9 , total : 321.0/692:0.46
2018-04-22 18:54:38,007 - KadNode2 - INFO - 0 : 84 , 1 : 100 , 2 : 33 , 3 : 95 , 4 : 9 , total : 321.0/692:0.46
2018-04-22 18:54:58,007 - KadNode2 - INFO - 0 : 84 , 1 : 100 , 2 : 33 , 3 : 95 , 4 : 9 , total : 321.0/692:0.46
2018-04-22 18:55:18,007 - KadNode2 - INFO - 0 : 84 , 1 : 100 , 2 : 33 , 3 : 95 , 4 : 9 , total : 321.0/692:0.46
2018-04-22 18:55:38,009 - KadNode2 - INFO - 0 : 84 , 1 : 100 , 2 : 33 , 3 : 95 , 4 : 9 , total : 321.0/692:0.46
2018-04-22 18:55:57,963 - KadNode2 - DEBUG - ===========Churn===========
2018-04-22 18:55:58,012 - KadNode2 - INFO - 0 : 107 , 1 : 27 , 2 : 68 , 3 : 10 , 4 : 3 , total : 215.0/692:0.31
2018-04-22 18:56:03,003 - KadNode2 - DEBUG - Compensate to node7 load 10
2018-04-22 18:56:03,005 - KadNode2 - DEBUG - Compensate to node0 load 57
2018-04-22 18:56:18,013 - KadNode2 - INFO - 0 : 107 , 1 : 27 , 2 : 68 , 3 : 10 , 4 : 3 , 5 : 57 , 6 : 10 , 7 : 98 , total : 380.0/692:0.55
2018-04-22 18:56:38,013 - KadNode2 - INFO - 0 : 107 , 1 : 27 , 2 : 68 , 3 : 10 , 4 : 3 , 5 : 57 , 6 : 10 , 7 : 98 , total : 380.0/692:0.55
2018-04-22 18:56:58,016 - KadNode2 - INFO - 0 : 107 , 1 : 27 , 2 : 68 , 3 : 10 , 4 : 3 , 5 : 57 , 6 : 10 , 7 : 98 , total : 380.0/692:0.55
2018-04-22 18:57:18,016 - KadNode2 - INFO - 0 : 107 , 1 : 27 , 2 : 68 , 3 : 10 , 4 : 3 , 5 : 57 , 6 : 10 , 7 : 98 , total : 380.0/692:0.55
2018-04-22 18:57:46,641 - KadNode2 - INFO - 0 : 107 , 1 : 27 , 2 : 68 , 3 : 10 , 4 : 3 , 5 : 57 , 6 : 10 , 7 : 98 , total : 380.0/692:0.55
2018-04-22 18:58:06,641 - KadNode2 - INFO - 0 : 107 , 1 : 27 , 2 : 68 , 3 : 10 , 4 : 3 , 5 : 57 , 6 : 10 , 7 : 98 , total : 380.0/692:0.55
2018-04-22 18:58:26,641 - KadNode2 - INFO - 0 : 107 , 1 : 27 , 2 : 68 , 3 : 10 , 4 : 3 , 5 : 57 , 6 : 10 , 7 : 98 , total : 380.0/692:0.55
2018-04-22 18:58:46,642 - KadNode2 - INFO - 0 : 107 , 1 : 27 , 2 : 68 , 3 : 10 , 4 : 3 , 5 : 57 , 6 : 10 , 7 : 98 , total : 380.0/692:0.55
2018-04-22 18:58:57,973 - KadNode2 - DEBUG - ===========Churn===========
2018-04-22 18:59:06,644 - KadNode2 - INFO - 0 : 62 , 1 : 52 , 2 : 31 , 3 : 12 , 4 : 69 , 5 : 0 , 6 : 78 , 7 : 63 , total : 367.0/692:0.53
2018-04-22 18:59:26,644 - KadNode2 - INFO - 0 : 62 , 1 : 52 , 2 : 31 , 3 : 12 , 4 : 69 , 5 : 0 , 6 : 78 , 7 : 63 , total : 367.0/692:0.53
2018-04-22 18:59:46,645 - KadNode2 - INFO - 0 : 62 , 1 : 52 , 2 : 31 , 3 : 12 , 4 : 69 , 5 : 0 , 6 : 78 , 7 : 63 , total : 367.0/692:0.53
2018-04-22 19:00:06,648 - KadNode2 - INFO - 0 : 62 , 1 : 52 , 2 : 31 , 3 : 12 , 4 : 69 , 5 : 0 , 6 : 78 , 7 : 63 , total : 367.0/692:0.53
2018-04-22 19:00:26,648 - KadNode2 - INFO - 0 : 62 , 1 : 52 , 2 : 31 , 3 : 12 , 4 : 69 , 5 : 0 , 6 : 78 , 7 : 63 , total : 367.0/692:0.53
2018-04-22 19:00:46,651 - KadNode2 - INFO - 0 : 62 , 1 : 52 , 2 : 31 , 3 : 12 , 4 : 69 , 5 : 0 , 6 : 78 , 7 : 63 , total : 367.0/692:0.53
2018-04-22 19:01:06,651 - KadNode2 - INFO - 0 : 62 , 1 : 52 , 2 : 31 , 3 : 12 , 4 : 69 , 5 : 0 , 6 : 78 , 7 : 63 , total : 367.0/692:0.53
2018-04-22 19:01:26,653 - KadNode2 - INFO - 0 : 62 , 1 : 52 , 2 : 31 , 3 : 12 , 4 : 69 , 5 : 0 , 6 : 78 , 7 : 63 , total : 367.0/692:0.53
2018-04-22 19:01:46,654 - KadNode2 - INFO - 0 : 62 , 1 : 52 , 2 : 31 , 3 : 12 , 4 : 69 , 5 : 0 , 6 : 78 , 7 : 63 , total : 367.0/692:0.53
2018-04-22 19:01:57,974 - KadNode2 - DEBUG - ===========Churn===========
2018-04-22 19:02:06,654 - KadNode2 - INFO - 0 : 75 , 1 : 78 , 2 : 75 , 3 : 13 , 4 : 67 , 5 : 4 , 6 : 62 , 7 : 24 , total : 398.0/692:0.58
2018-04-22 19:02:23,046 - KadNode2 - DEBUG - Transfer to node3 load 16
2018-04-22 19:02:23,046 - KadNode2 - DEBUG - Transfer to node1 load 12
2018-04-22 19:02:23,048 - KadNode2 - DEBUG - Transfer to node0 load 6
2018-04-22 19:02:26,655 - KadNode2 - INFO - 0 : 75 , 1 : 78 , 2 : 75 , 4 : 67 , 6 : 62 , 8 : 0 , total : 357.0/692:0.52
2018-04-22 19:02:46,657 - KadNode2 - INFO - 0 : 75 , 1 : 78 , 2 : 75 , 4 : 67 , 6 : 62 , 8 : 0 , total : 357.0/692:0.52
2018-04-22 19:03:06,657 - KadNode2 - INFO - 0 : 75 , 1 : 78 , 2 : 75 , 4 : 67 , 6 : 62 , 8 : 0 , total : 357.0/692:0.52
2018-04-22 19:03:26,658 - KadNode2 - INFO - 0 : 75 , 1 : 78 , 2 : 75 , 4 : 67 , 6 : 62 , 8 : 0 , total : 357.0/692:0.52
2018-04-22 19:03:46,658 - KadNode2 - INFO - 0 : 75 , 1 : 78 , 2 : 75 , 4 : 67 , 6 : 62 , 8 : 0 , total : 357.0/692:0.52
2018-04-22 19:04:06,658 - KadNode2 - INFO - 0 : 75 , 1 : 78 , 2 : 75 , 4 : 67 , 6 : 62 , 8 : 0 , total : 357.0/692:0.52
2018-04-22 19:04:26,661 - KadNode2 - INFO - 0 : 75 , 1 : 78 , 2 : 75 , 4 : 67 , 6 : 62 , 8 : 0 , total : 357.0/692:0.52
2018-04-22 19:04:46,663 - KadNode2 - INFO - 0 : 75 , 1 : 78 , 2 : 75 , 4 : 67 , 6 : 62 , 8 : 0 , total : 357.0/692:0.52
2018-04-22 19:04:57,974 - KadNode2 - DEBUG - ===========Churn===========
2018-04-22 19:05:06,664 - KadNode2 - INFO - 0 : 109 , 1 : 113 , 2 : 102 , 4 : 5 , 6 : 22 , 8 : 97 , total : 448.0/692:0.65
2018-04-22 19:05:23,062 - KadNode2 - DEBUG - Transfer to node3 load 15
2018-04-22 19:05:26,664 - KadNode2 - INFO - 0 : 109 , 1 : 113 , 2 : 102 , 6 : 22 , 8 : 97 , total : 443.0/692:0.64
2018-04-22 19:05:43,062 - KadNode2 - DEBUG - Transfer to node7 load 3
2018-04-22 19:05:43,062 - KadNode2 - DEBUG - Transfer to node7 load 14
2018-04-22 19:05:46,667 - KadNode2 - INFO - 0 : 109 , 1 : 113 , 2 : 102 , 9 : 48 , total : 372.0/692:0.54
2018-04-22 19:06:06,668 - KadNode2 - INFO - 0 : 109 , 1 : 113 , 2 : 102 , 9 : 48 , total : 372.0/692:0.54
2018-04-22 19:06:26,670 - KadNode2 - INFO - 0 : 109 , 1 : 113 , 2 : 102 , 9 : 48 , total : 372.0/692:0.54
2018-04-22 19:06:46,673 - KadNode2 - INFO - 0 : 109 , 1 : 113 , 2 : 102 , 9 : 48 , total : 372.0/692:0.54
2018-04-22 19:07:06,674 - KadNode2 - INFO - 0 : 109 , 1 : 113 , 2 : 102 , 9 : 48 , total : 372.0/692:0.54
2018-04-22 19:07:26,677 - KadNode2 - INFO - 0 : 109 , 1 : 113 , 2 : 102 , 9 : 48 , total : 372.0/692:0.54
2018-04-22 19:07:46,677 - KadNode2 - INFO - 0 : 109 , 1 : 113 , 2 : 102 , 9 : 48 , total : 372.0/692:0.54
2018-04-22 19:07:57,976 - KadNode2 - DEBUG - ===========Churn===========
2018-04-22 19:08:06,677 - KadNode2 - INFO - 0 : 7 , 1 : 78 , 2 : 31 , 9 : 156 , total : 272.0/692:0.39
2018-04-22 19:08:26,678 - KadNode2 - INFO - 0 : 7 , 1 : 78 , 2 : 31 , 9 : 156 , 10 : 34 , total : 306.0/692:0.44
2018-04-22 19:08:43,085 - KadNode2 - DEBUG - Compensate to node0 load 34
2018-04-22 19:08:46,678 - KadNode2 - INFO - 0 : 7 , 1 : 78 , 2 : 31 , 9 : 156 , 10 : 34 , 11 : 50 , total : 356.0/692:0.51
2018-04-22 19:09:06,680 - KadNode2 - INFO - 0 : 7 , 1 : 78 , 2 : 31 , 9 : 156 , 10 : 34 , 11 : 50 , total : 356.0/692:0.51
2018-04-22 19:09:26,681 - KadNode2 - INFO - 0 : 7 , 1 : 78 , 2 : 31 , 9 : 156 , 10 : 34 , 11 : 50 , total : 356.0/692:0.51
2018-04-22 19:09:46,684 - KadNode2 - INFO - 0 : 7 , 1 : 78 , 2 : 31 , 9 : 156 , 10 : 34 , 11 : 50 , total : 356.0/692:0.51
2018-04-22 19:10:06,684 - KadNode2 - INFO - 0 : 7 , 1 : 78 , 2 : 31 , 9 : 156 , 10 : 34 , 11 : 50 , total : 356.0/692:0.51
2018-04-22 19:10:26,687 - KadNode2 - INFO - 0 : 7 , 1 : 78 , 2 : 31 , 9 : 156 , 10 : 34 , 11 : 50 , total : 356.0/692:0.51
2018-04-22 19:10:46,688 - KadNode2 - INFO - 0 : 7 , 1 : 78 , 2 : 31 , 9 : 156 , 10 : 34 , 11 : 50 , total : 356.0/692:0.51
2018-04-22 19:10:57,983 - KadNode2 - DEBUG - ===========Churn===========
2018-04-22 19:11:06,690 - KadNode2 - INFO - 0 : 5 , 1 : 66 , 2 : 105 , 9 : 3 , 10 : 14 , 11 : 60 , total : 253.0/692:0.37
2018-04-22 19:11:23,098 - KadNode2 - DEBUG - Compensate to node0 load 66
2018-04-22 19:11:23,098 - KadNode2 - DEBUG - Compensate to node0 load 14
2018-04-22 19:11:26,690 - KadNode2 - INFO - 0 : 5 , 1 : 66 , 2 : 105 , 9 : 3 , 10 : 14 , 11 : 60 , 12 : 144 , 13 : 66 , total : 463.0/692:0.67
2018-04-22 19:11:43,099 - KadNode2 - DEBUG - Transfer to node9 load 31
2018-04-22 19:11:46,691 - KadNode2 - INFO - 0 : 5 , 1 : 66 , 2 : 105 , 9 : 3 , 11 : 60 , 12 : 144 , 13 : 66 , total : 449.0/692:0.65
2018-04-22 19:12:03,101 - KadNode2 - DEBUG - Transfer to node9 load 17
2018-04-22 19:12:06,693 - KadNode2 - INFO - 1 : 66 , 2 : 105 , 9 : 3 , 11 : 60 , 12 : 144 , 13 : 66 , total : 444.0/692:0.64
2018-04-22 19:12:23,102 - KadNode2 - DEBUG - Transfer to node9 load 12
2018-04-22 19:12:26,694 - KadNode2 - INFO - 1 : 66 , 2 : 105 , 11 : 60 , 12 : 144 , 13 : 66 , total : 441.0/692:0.64
2018-04-22 19:12:43,105 - KadNode2 - DEBUG - Transfer to node9 load 9
2018-04-22 19:12:46,697 - KadNode2 - INFO - 1 : 66 , 2 : 105 , 12 : 144 , 13 : 66 , 14 : 35 , total : 416.0/692:0.60
