2018-04-22 18:46:57,963 - KadNode8 - DEBUG - ===========Churn===========
2018-04-22 18:46:57,964 - KadNode8 - INFO - 0 : 61 , 1 : 108 , 2 : 157 , 3 : 126 , 4 : 83 , 5 : 115 , 6 : 107 , 7 : 39 , 8 : 41 , 9 : 159 , total : 996.0/1683:0.59
2018-04-22 18:47:17,964 - KadNode8 - INFO - 0 : 61 , 1 : 108 , 2 : 157 , 3 : 126 , 4 : 83 , 5 : 115 , 6 : 107 , 7 : 39 , 8 : 41 , 9 : 159 , total : 996.0/1683:0.59
2018-04-22 18:47:37,969 - KadNode8 - INFO - 0 : 61 , 1 : 108 , 2 : 157 , 3 : 126 , 4 : 83 , 5 : 115 , 6 : 107 , 7 : 39 , 8 : 41 , 9 : 159 , total : 996.0/1683:0.59
2018-04-22 18:47:57,980 - KadNode8 - INFO - 0 : 61 , 1 : 108 , 2 : 157 , 3 : 126 , 4 : 83 , 5 : 115 , 6 : 107 , 7 : 39 , 8 : 41 , 9 : 159 , total : 996.0/1683:0.59
2018-04-22 18:48:17,990 - KadNode8 - INFO - 0 : 61 , 1 : 108 , 2 : 157 , 3 : 126 , 4 : 83 , 5 : 115 , 6 : 107 , 7 : 39 , 8 : 41 , 9 : 159 , total : 996.0/1683:0.59
2018-04-22 18:48:37,990 - KadNode8 - INFO - 0 : 61 , 1 : 108 , 2 : 157 , 3 : 126 , 4 : 83 , 5 : 115 , 6 : 107 , 7 : 39 , 8 : 41 , 9 : 159 , total : 996.0/1683:0.59
2018-04-22 18:48:57,992 - KadNode8 - INFO - 0 : 61 , 1 : 108 , 2 : 157 , 3 : 126 , 4 : 83 , 5 : 115 , 6 : 107 , 7 : 39 , 8 : 41 , 9 : 159 , total : 996.0/1683:0.59
2018-04-22 18:49:18,002 - KadNode8 - INFO - 0 : 61 , 1 : 108 , 2 : 157 , 3 : 126 , 4 : 83 , 5 : 115 , 6 : 107 , 7 : 39 , 8 : 41 , 9 : 159 , total : 996.0/1683:0.59
2018-04-22 18:49:38,003 - KadNode8 - INFO - 0 : 61 , 1 : 108 , 2 : 157 , 3 : 126 , 4 : 83 , 5 : 115 , 6 : 107 , 7 : 39 , 8 : 41 , 9 : 159 , total : 996.0/1683:0.59
2018-04-22 18:49:57,967 - KadNode8 - DEBUG - ===========Churn===========
2018-04-22 18:49:58,006 - KadNode8 - INFO - 0 : 62 , 1 : 39 , 2 : 89 , 3 : 32 , 4 : 16 , 5 : 96 , 6 : 167 , 7 : 108 , 8 : 117 , 9 : 43 , total : 769.0/1683:0.46
2018-04-22 18:50:18,006 - KadNode8 - INFO - 0 : 62 , 1 : 39 , 2 : 89 , 3 : 32 , 4 : 16 , 5 : 96 , 6 : 167 , 7 : 108 , 8 : 117 , 9 : 43 , total : 769.0/1683:0.46
2018-04-22 18:50:38,006 - KadNode8 - INFO - 0 : 62 , 1 : 39 , 2 : 89 , 3 : 32 , 4 : 16 , 5 : 96 , 6 : 167 , 7 : 108 , 8 : 117 , 9 : 43 , total : 769.0/1683:0.46
2018-04-22 18:50:58,006 - KadNode8 - INFO - 0 : 62 , 1 : 39 , 2 : 89 , 3 : 32 , 4 : 16 , 5 : 96 , 6 : 167 , 7 : 108 , 8 : 117 , 9 : 43 , total : 769.0/1683:0.46
2018-04-22 18:51:18,007 - KadNode8 - INFO - 0 : 62 , 1 : 39 , 2 : 89 , 3 : 32 , 4 : 16 , 5 : 96 , 6 : 167 , 7 : 108 , 8 : 117 , 9 : 43 , total : 769.0/1683:0.46
2018-04-22 18:51:38,007 - KadNode8 - INFO - 0 : 62 , 1 : 39 , 2 : 89 , 3 : 32 , 4 : 16 , 5 : 96 , 6 : 167 , 7 : 108 , 8 : 117 , 9 : 43 , total : 769.0/1683:0.46
2018-04-22 18:51:58,007 - KadNode8 - INFO - 0 : 62 , 1 : 39 , 2 : 89 , 3 : 32 , 4 : 16 , 5 : 96 , 6 : 167 , 7 : 108 , 8 : 117 , 9 : 43 , total : 769.0/1683:0.46
2018-04-22 18:52:18,007 - KadNode8 - INFO - 0 : 62 , 1 : 39 , 2 : 89 , 3 : 32 , 4 : 16 , 5 : 96 , 6 : 167 , 7 : 108 , 8 : 117 , 9 : 43 , total : 769.0/1683:0.46
2018-04-22 18:52:38,009 - KadNode8 - INFO - 0 : 62 , 1 : 39 , 2 : 89 , 3 : 32 , 4 : 16 , 5 : 96 , 6 : 167 , 7 : 108 , 8 : 117 , 9 : 43 , total : 769.0/1683:0.46
2018-04-22 18:52:57,974 - KadNode8 - DEBUG - ===========Churn===========
2018-04-22 18:52:58,010 - KadNode8 - INFO - 0 : 105 , 1 : 103 , 2 : 112 , 3 : 64 , 4 : 168 , 5 : 2 , 6 : 134 , 7 : 121 , 8 : 134 , 9 : 16 , total : 959.0/1683:0.57
2018-04-22 18:53:18,010 - KadNode8 - INFO - 0 : 105 , 1 : 103 , 2 : 112 , 3 : 64 , 4 : 168 , 5 : 2 , 6 : 134 , 7 : 121 , 8 : 134 , 9 : 16 , total : 959.0/1683:0.57
2018-04-22 18:53:38,012 - KadNode8 - INFO - 0 : 105 , 1 : 103 , 2 : 112 , 3 : 64 , 4 : 168 , 5 : 2 , 6 : 134 , 7 : 121 , 8 : 134 , 9 : 16 , total : 959.0/1683:0.57
2018-04-22 18:53:58,015 - KadNode8 - INFO - 0 : 105 , 1 : 103 , 2 : 112 , 3 : 64 , 4 : 168 , 5 : 2 , 6 : 134 , 7 : 121 , 8 : 134 , 9 : 16 , total : 959.0/1683:0.57
2018-04-22 18:54:18,023 - KadNode8 - INFO - 0 : 105 , 1 : 103 , 2 : 112 , 3 : 64 , 4 : 168 , 5 : 2 , 6 : 134 , 7 : 121 , 8 : 134 , 9 : 16 , total : 959.0/1683:0.57
2018-04-22 18:54:38,023 - KadNode8 - INFO - 0 : 105 , 1 : 103 , 2 : 112 , 3 : 64 , 4 : 168 , 5 : 2 , 6 : 134 , 7 : 121 , 8 : 134 , 9 : 16 , total : 959.0/1683:0.57
2018-04-22 18:54:58,023 - KadNode8 - INFO - 0 : 105 , 1 : 103 , 2 : 112 , 3 : 64 , 4 : 168 , 5 : 2 , 6 : 134 , 7 : 121 , 8 : 134 , 9 : 16 , total : 959.0/1683:0.57
2018-04-22 18:55:18,023 - KadNode8 - INFO - 0 : 105 , 1 : 103 , 2 : 112 , 3 : 64 , 4 : 168 , 5 : 2 , 6 : 134 , 7 : 121 , 8 : 134 , 9 : 16 , total : 959.0/1683:0.57
2018-04-22 18:55:38,028 - KadNode8 - INFO - 0 : 105 , 1 : 103 , 2 : 112 , 3 : 64 , 4 : 168 , 5 : 2 , 6 : 134 , 7 : 121 , 8 : 134 , 9 : 16 , total : 959.0/1683:0.57
2018-04-22 18:55:57,977 - KadNode8 - DEBUG - ===========Churn===========
2018-04-22 18:55:58,029 - KadNode8 - INFO - 0 : 69 , 1 : 44 , 2 : 53 , 3 : 11 , 4 : 28 , 5 : 74 , 6 : 129 , 7 : 141 , 8 : 91 , 9 : 8 , total : 648.0/1683:0.39
2018-04-22 18:56:18,033 - KadNode8 - INFO - 0 : 69 , 1 : 44 , 2 : 53 , 3 : 11 , 4 : 28 , 5 : 74 , 6 : 129 , 7 : 141 , 8 : 91 , 9 : 8 , 10 : 57 , total : 705.0/1683:0.42
2018-04-22 18:56:38,033 - KadNode8 - INFO - 0 : 69 , 1 : 44 , 2 : 53 , 3 : 11 , 4 : 28 , 5 : 74 , 6 : 129 , 7 : 141 , 8 : 91 , 9 : 8 , 10 : 57 , total : 705.0/1683:0.42
2018-04-22 18:56:58,038 - KadNode8 - INFO - 0 : 69 , 1 : 44 , 2 : 53 , 3 : 11 , 4 : 28 , 5 : 74 , 6 : 129 , 7 : 141 , 8 : 91 , 9 : 8 , 10 : 57 , total : 705.0/1683:0.42
2018-04-22 18:57:18,040 - KadNode8 - INFO - 0 : 69 , 1 : 44 , 2 : 53 , 3 : 11 , 4 : 28 , 5 : 74 , 6 : 129 , 7 : 141 , 8 : 91 , 9 : 8 , 10 : 57 , total : 705.0/1683:0.42
2018-04-22 18:57:38,040 - KadNode8 - INFO - 0 : 69 , 1 : 44 , 2 : 53 , 3 : 11 , 4 : 28 , 5 : 74 , 6 : 129 , 7 : 141 , 8 : 91 , 9 : 8 , 10 : 57 , total : 705.0/1683:0.42
2018-04-22 18:57:58,042 - KadNode8 - INFO - 0 : 69 , 1 : 44 , 2 : 53 , 3 : 11 , 4 : 28 , 5 : 74 , 6 : 129 , 7 : 141 , 8 : 91 , 9 : 8 , 10 : 57 , total : 705.0/1683:0.42
2018-04-22 18:58:18,046 - KadNode8 - INFO - 0 : 69 , 1 : 44 , 2 : 53 , 3 : 11 , 4 : 28 , 5 : 74 , 6 : 129 , 7 : 141 , 8 : 91 , 9 : 8 , 10 : 57 , total : 705.0/1683:0.42
2018-04-22 18:58:38,048 - KadNode8 - INFO - 0 : 69 , 1 : 44 , 2 : 53 , 3 : 11 , 4 : 28 , 5 : 74 , 6 : 129 , 7 : 141 , 8 : 91 , 9 : 8 , 10 : 57 , total : 705.0/1683:0.42
2018-04-22 18:58:57,997 - KadNode8 - DEBUG - ===========Churn===========
2018-04-22 18:58:58,052 - KadNode8 - INFO - 0 : 137 , 1 : 117 , 2 : 76 , 3 : 137 , 4 : 78 , 5 : 151 , 6 : 59 , 7 : 151 , 8 : 113 , 9 : 81 , 10 : 115 , total : 1215.0/1683:0.72
2018-04-22 18:59:03,020 - KadNode8 - DEBUG - Transfer to node7 load 38
2018-04-22 18:59:03,020 - KadNode8 - DEBUG - Transfer to node7 load 16
2018-04-22 18:59:03,022 - KadNode8 - DEBUG - Transfer to node6 load 122
2018-04-22 18:59:03,023 - KadNode8 - DEBUG - Transfer to node5 load 82
2018-04-22 18:59:18,055 - KadNode8 - INFO - 0 : 137 , 3 : 137 , 4 : 78 , 5 : 151 , 7 : 151 , 8 : 113 , 10 : 115 , 11 : 59 , total : 941.0/1683:0.56
2018-04-22 18:59:38,059 - KadNode8 - INFO - 0 : 137 , 3 : 137 , 4 : 78 , 5 : 151 , 7 : 151 , 8 : 113 , 10 : 115 , 11 : 59 , 12 : 46 , total : 987.0/1683:0.59
2018-04-22 18:59:58,061 - KadNode8 - INFO - 0 : 137 , 3 : 137 , 4 : 78 , 5 : 151 , 7 : 151 , 8 : 113 , 10 : 115 , 11 : 59 , 12 : 46 , 13 : 90 , total : 1077.0/1683:0.64
2018-04-22 19:00:18,065 - KadNode8 - INFO - 0 : 137 , 3 : 137 , 4 : 78 , 5 : 151 , 7 : 151 , 8 : 113 , 10 : 115 , 11 : 59 , 12 : 46 , 13 : 90 , total : 1077.0/1683:0.64
2018-04-22 19:00:23,036 - KadNode8 - DEBUG - Transfer to node9 load 15
2018-04-22 19:00:38,069 - KadNode8 - INFO - 0 : 137 , 3 : 137 , 4 : 78 , 5 : 151 , 7 : 151 , 8 : 113 , 10 : 115 , 11 : 59 , 13 : 90 , total : 1031.0/1683:0.61
2018-04-22 19:00:58,072 - KadNode8 - INFO - 0 : 137 , 3 : 137 , 4 : 78 , 5 : 151 , 7 : 151 , 8 : 113 , 10 : 115 , 11 : 59 , 13 : 90 , 14 : 46 , total : 1077.0/1683:0.64
2018-04-22 19:01:03,039 - KadNode8 - DEBUG - Transfer to node7 load 15
2018-04-22 19:01:18,075 - KadNode8 - INFO - 0 : 137 , 3 : 137 , 4 : 78 , 5 : 151 , 7 : 151 , 8 : 113 , 10 : 115 , 11 : 59 , 13 : 90 , 15 : 27 , total : 1058.0/1683:0.63
2018-04-22 19:01:38,075 - KadNode8 - INFO - 0 : 137 , 3 : 137 , 4 : 78 , 5 : 151 , 7 : 151 , 8 : 113 , 10 : 115 , 11 : 59 , 13 : 90 , 15 : 27 , total : 1058.0/1683:0.63
2018-04-22 19:01:43,040 - KadNode8 - DEBUG - Compensate to node7 load 27
2018-04-22 19:01:57,999 - KadNode8 - DEBUG - ===========Churn===========
2018-04-22 19:01:58,079 - KadNode8 - INFO - 0 : 82 , 3 : 132 , 4 : 96 , 5 : 117 , 7 : 17 , 8 : 0 , 10 : 101 , 11 : 69 , 13 : 74 , 15 : 102 , 16 : 70 , 17 : 11 , total : 871.0/1683:0.52
2018-04-22 19:02:18,082 - KadNode8 - INFO - 0 : 82 , 3 : 132 , 4 : 96 , 5 : 117 , 7 : 17 , 8 : 0 , 10 : 101 , 11 : 69 , 13 : 74 , 15 : 102 , 16 : 70 , 17 : 11 , total : 871.0/1683:0.52
2018-04-22 19:02:38,085 - KadNode8 - INFO - 0 : 82 , 3 : 132 , 4 : 96 , 5 : 117 , 7 : 17 , 8 : 0 , 10 : 101 , 11 : 69 , 13 : 74 , 15 : 102 , 16 : 70 , 17 : 11 , total : 871.0/1683:0.52
2018-04-22 19:02:58,086 - KadNode8 - INFO - 0 : 82 , 3 : 132 , 4 : 96 , 5 : 117 , 7 : 17 , 8 : 0 , 10 : 101 , 11 : 69 , 13 : 74 , 15 : 102 , 16 : 70 , 17 : 11 , total : 871.0/1683:0.52
2018-04-22 19:03:18,089 - KadNode8 - INFO - 0 : 82 , 3 : 132 , 4 : 96 , 5 : 117 , 7 : 17 , 8 : 0 , 10 : 101 , 11 : 69 , 13 : 74 , 15 : 102 , 16 : 70 , 17 : 11 , total : 871.0/1683:0.52
2018-04-22 19:03:38,096 - KadNode8 - INFO - 0 : 82 , 3 : 132 , 4 : 96 , 5 : 117 , 7 : 17 , 8 : 0 , 10 : 101 , 11 : 69 , 13 : 74 , 15 : 102 , 16 : 70 , 17 : 11 , total : 871.0/1683:0.52
2018-04-22 19:03:58,099 - KadNode8 - INFO - 0 : 82 , 3 : 132 , 4 : 96 , 5 : 117 , 7 : 17 , 8 : 0 , 10 : 101 , 11 : 69 , 13 : 74 , 15 : 102 , 16 : 70 , 17 : 11 , total : 871.0/1683:0.52
2018-04-22 19:04:18,102 - KadNode8 - INFO - 0 : 82 , 3 : 132 , 4 : 96 , 5 : 117 , 7 : 17 , 8 : 0 , 10 : 101 , 11 : 69 , 13 : 74 , 15 : 102 , 16 : 70 , 17 : 11 , total : 871.0/1683:0.52
2018-04-22 19:04:38,105 - KadNode8 - INFO - 0 : 82 , 3 : 132 , 4 : 96 , 5 : 117 , 7 : 17 , 8 : 0 , 10 : 101 , 11 : 69 , 13 : 74 , 15 : 102 , 16 : 70 , 17 : 11 , total : 871.0/1683:0.52
2018-04-22 19:04:58,000 - KadNode8 - DEBUG - ===========Churn===========
2018-04-22 19:04:58,108 - KadNode8 - INFO - 0 : 59 , 3 : 106 , 4 : 73 , 5 : 90 , 7 : 31 , 8 : 122 , 10 : 25 , 11 : 55 , 13 : 113 , 15 : 35 , 16 : 83 , 17 : 129 , total : 921.0/1683:0.55
2018-04-22 19:05:18,108 - KadNode8 - INFO - 0 : 59 , 3 : 106 , 4 : 73 , 5 : 90 , 7 : 31 , 8 : 122 , 10 : 25 , 11 : 55 , 13 : 113 , 15 : 35 , 16 : 83 , 17 : 129 , 18 : 141 , total : 1062.0/1683:0.63
2018-04-22 19:05:38,112 - KadNode8 - INFO - 0 : 59 , 3 : 106 , 4 : 73 , 5 : 90 , 7 : 31 , 8 : 122 , 10 : 25 , 11 : 55 , 13 : 113 , 15 : 35 , 16 : 83 , 17 : 129 , 18 : 141 , total : 1062.0/1683:0.63
2018-04-22 19:05:43,063 - KadNode8 - DEBUG - Transfer to node7 load 1
2018-04-22 19:05:43,063 - KadNode8 - DEBUG - Transfer to node6 load 12
2018-04-22 19:05:58,117 - KadNode8 - INFO - 0 : 59 , 3 : 106 , 4 : 73 , 5 : 90 , 7 : 31 , 8 : 122 , 11 : 55 , 13 : 113 , 15 : 35 , 16 : 83 , 17 : 129 , 18 : 141 , 20 : 6 , total : 1043.0/1683:0.62
2018-04-22 19:06:18,118 - KadNode8 - INFO - 0 : 59 , 3 : 106 , 4 : 73 , 5 : 90 , 7 : 31 , 8 : 122 , 11 : 55 , 13 : 113 , 15 : 35 , 16 : 83 , 17 : 129 , 18 : 141 , 20 : 6 , 21 : 25 , total : 1068.0/1683:0.63
2018-04-22 19:06:23,069 - KadNode8 - DEBUG - Transfer to node9 load 7
2018-04-22 19:06:38,118 - KadNode8 - INFO - 0 : 59 , 3 : 106 , 4 : 73 , 5 : 90 , 7 : 31 , 8 : 122 , 11 : 55 , 13 : 113 , 15 : 35 , 16 : 83 , 17 : 129 , 18 : 141 , 21 : 25 , total : 1062.0/1683:0.63
2018-04-22 19:06:43,072 - KadNode8 - DEBUG - Transfer to node6 load 1
2018-04-22 19:06:58,119 - KadNode8 - INFO - 0 : 59 , 3 : 106 , 4 : 73 , 5 : 90 , 7 : 31 , 8 : 122 , 11 : 55 , 13 : 113 , 15 : 35 , 16 : 83 , 17 : 129 , 18 : 141 , 22 : 24 , total : 1061.0/1683:0.63
2018-04-22 19:07:18,121 - KadNode8 - INFO - 0 : 59 , 3 : 106 , 4 : 73 , 5 : 90 , 7 : 31 , 8 : 122 , 11 : 55 , 13 : 113 , 15 : 35 , 16 : 83 , 17 : 129 , 18 : 141 , 22 : 24 , 23 : 6 , total : 1067.0/1683:0.63
2018-04-22 19:07:23,075 - KadNode8 - DEBUG - Transfer to node9 load 2
2018-04-22 19:07:38,121 - KadNode8 - INFO - 0 : 59 , 3 : 106 , 4 : 73 , 5 : 90 , 7 : 31 , 8 : 122 , 11 : 55 , 13 : 113 , 15 : 35 , 16 : 83 , 17 : 129 , 18 : 141 , 22 : 24 , total : 1061.0/1683:0.63
2018-04-22 19:07:58,000 - KadNode8 - DEBUG - ===========Churn===========
2018-04-22 19:07:58,121 - KadNode8 - INFO - 0 : 61 , 3 : 115 , 4 : 71 , 5 : 43 , 7 : 38 , 8 : 99 , 11 : 50 , 13 : 120 , 15 : 95 , 16 : 78 , 17 : 19 , 18 : 54 , 22 : 78 , 24 : 37 , total : 958.0/1683:0.57
2018-04-22 19:08:18,122 - KadNode8 - INFO - 0 : 61 , 3 : 115 , 4 : 71 , 5 : 43 , 7 : 38 , 8 : 99 , 11 : 50 , 13 : 120 , 15 : 95 , 16 : 78 , 17 : 19 , 18 : 54 , 22 : 78 , 24 : 37 , total : 958.0/1683:0.57
2018-04-22 19:08:38,122 - KadNode8 - INFO - 0 : 61 , 3 : 115 , 4 : 71 , 5 : 43 , 7 : 38 , 8 : 99 , 11 : 50 , 13 : 120 , 15 : 95 , 16 : 78 , 17 : 19 , 18 : 54 , 22 : 78 , 24 : 37 , total : 958.0/1683:0.57
2018-04-22 19:08:58,125 - KadNode8 - INFO - 0 : 61 , 3 : 115 , 4 : 71 , 5 : 43 , 7 : 38 , 8 : 99 , 11 : 50 , 13 : 120 , 15 : 95 , 16 : 78 , 17 : 19 , 18 : 54 , 22 : 78 , 24 : 37 , total : 958.0/1683:0.57
2018-04-22 19:09:18,125 - KadNode8 - INFO - 0 : 61 , 3 : 115 , 4 : 71 , 5 : 43 , 7 : 38 , 8 : 99 , 11 : 50 , 13 : 120 , 15 : 95 , 16 : 78 , 17 : 19 , 18 : 54 , 22 : 78 , 24 : 37 , total : 958.0/1683:0.57
2018-04-22 19:09:38,128 - KadNode8 - INFO - 0 : 61 , 3 : 115 , 4 : 71 , 5 : 43 , 7 : 38 , 8 : 99 , 11 : 50 , 13 : 120 , 15 : 95 , 16 : 78 , 17 : 19 , 18 : 54 , 22 : 78 , 24 : 37 , total : 958.0/1683:0.57
2018-04-22 19:09:58,128 - KadNode8 - INFO - 0 : 61 , 3 : 115 , 4 : 71 , 5 : 43 , 7 : 38 , 8 : 99 , 11 : 50 , 13 : 120 , 15 : 95 , 16 : 78 , 17 : 19 , 18 : 54 , 22 : 78 , 24 : 37 , total : 958.0/1683:0.57
2018-04-22 19:10:18,128 - KadNode8 - INFO - 0 : 61 , 3 : 115 , 4 : 71 , 5 : 43 , 7 : 38 , 8 : 99 , 11 : 50 , 13 : 120 , 15 : 95 , 16 : 78 , 17 : 19 , 18 : 54 , 22 : 78 , 24 : 37 , total : 958.0/1683:0.57
2018-04-22 19:10:38,131 - KadNode8 - INFO - 0 : 61 , 3 : 115 , 4 : 71 , 5 : 43 , 7 : 38 , 8 : 99 , 11 : 50 , 13 : 120 , 15 : 95 , 16 : 78 , 17 : 19 , 18 : 54 , 22 : 78 , 24 : 37 , total : 958.0/1683:0.57
2018-04-22 19:10:58,005 - KadNode8 - DEBUG - ===========Churn===========
2018-04-22 19:10:58,131 - KadNode8 - INFO - 0 : 15 , 3 : 101 , 4 : 44 , 5 : 72 , 7 : 0 , 8 : 47 , 11 : 109 , 13 : 52 , 15 : 31 , 16 : 98 , 17 : 84 , 18 : 73 , 22 : 94 , 24 : 85 , total : 905.0/1683:0.54
2018-04-22 19:11:18,132 - KadNode8 - INFO - 0 : 15 , 3 : 101 , 4 : 44 , 5 : 72 , 7 : 0 , 8 : 47 , 11 : 109 , 13 : 52 , 15 : 31 , 16 : 98 , 17 : 84 , 18 : 73 , 22 : 94 , 24 : 85 , total : 905.0/1683:0.54
2018-04-22 19:11:38,132 - KadNode8 - INFO - 0 : 15 , 3 : 101 , 4 : 44 , 5 : 72 , 7 : 0 , 8 : 47 , 11 : 109 , 13 : 52 , 15 : 31 , 16 : 98 , 17 : 84 , 18 : 73 , 22 : 94 , 24 : 85 , total : 905.0/1683:0.54
2018-04-22 19:11:58,135 - KadNode8 - INFO - 0 : 15 , 3 : 101 , 4 : 44 , 5 : 72 , 7 : 0 , 8 : 47 , 11 : 109 , 13 : 52 , 15 : 31 , 16 : 98 , 17 : 84 , 18 : 73 , 22 : 94 , 24 : 85 , total : 905.0/1683:0.54
2018-04-22 19:12:18,137 - KadNode8 - INFO - 0 : 15 , 3 : 101 , 4 : 44 , 5 : 72 , 7 : 0 , 8 : 47 , 11 : 109 , 13 : 52 , 15 : 31 , 16 : 98 , 17 : 84 , 18 : 73 , 22 : 94 , 24 : 85 , total : 905.0/1683:0.54
2018-04-22 19:12:38,138 - KadNode8 - INFO - 0 : 15 , 3 : 101 , 4 : 44 , 5 : 72 , 7 : 0 , 8 : 47 , 11 : 109 , 13 : 52 , 15 : 31 , 16 : 98 , 17 : 84 , 18 : 73 , 22 : 94 , 24 : 85 , total : 905.0/1683:0.54
2018-04-22 19:12:58,140 - KadNode8 - INFO - 0 : 15 , 3 : 101 , 4 : 44 , 5 : 72 , 7 : 0 , 8 : 47 , 11 : 109 , 13 : 52 , 15 : 31 , 16 : 98 , 17 : 84 , 18 : 73 , 22 : 94 , 24 : 85 , total : 905.0/1683:0.54
